False
sigma:  0.9447309494018555
attack:  [[Threat] ReColorAdv: {'xform_class': <class 'recoloradv.color_transformers.FullSpatial'>, 'cspace': <recoloradv.color_spaces.CIELUVColorSpace object at 0x7f391a601a90>, 'lp_style': 'inf', 'lp_bound': [0.06, 0.06, 0.06], 'xform_params': {'resolution_x': 16, 'resolution_y': 32, 'resolution_z': 32}, 'use_smooth_loss': True}, [Threat] DeltaAddition: {'lp_style': 'inf', 'lp_bound': 0.03}]
Setting up [LPIPS] perceptual loss: trunk [vgg], v[0.1], spatial [off]
Loading model from: /home/ubuntu/PerceptualSimilarity/lpips/weights/v0.1/vgg.pth
(START):  100.0 correct
expl loss: 2.7044131378772818e-09
output loss: 3.8845836206865076e-19
Color loss:  107.86079406738281
(iteration 00):  100.0 correct
expl loss: 2.6066089287013483e-09
output loss: 1.5882079726050098e-18
Color loss:  106.52257537841797
(iteration 01):  100.0 correct
expl loss: 2.508365515296873e-09
output loss: 3.420950386615396e-18
Color loss:  106.52595520019531
(iteration 02):  100.0 correct
expl loss: 2.4297157619201926e-09
output loss: 2.0214482645254505e-17
Color loss:  107.7766342163086
(iteration 03):  100.0 correct
expl loss: 2.3585844388662736e-09
output loss: 2.3951337236911812e-17
Color loss:  110.12995147705078
(iteration 04):  100.0 correct
expl loss: 2.2742998595504105e-09
output loss: 3.0210713848135304e-17
Color loss:  113.47811889648438
(iteration 05):  100.0 correct
expl loss: 2.211664407170133e-09
output loss: 3.8531422891479716e-17
Color loss:  117.71524810791016
(iteration 06):  100.0 correct
expl loss: 2.1410471173766155e-09
output loss: 4.773350611238918e-17
Color loss:  122.69171905517578
(iteration 07):  100.0 correct
expl loss: 2.0773287534581186e-09
output loss: 1.007355439218103e-16
Color loss:  128.2748565673828
(iteration 08):  100.0 correct
expl loss: 2.026576906288824e-09
output loss: 1.1196769711076986e-16
Color loss:  134.34661865234375
(iteration 09):  100.0 correct
expl loss: 1.9777079973692935e-09
output loss: 1.1722582618441834e-16
Color loss:  140.79835510253906
(iteration 10):  100.0 correct
expl loss: 1.9357417890830675e-09
output loss: 1.2576602264022002e-16
Color loss:  147.52813720703125
(iteration 11):  100.0 correct
expl loss: 1.8947654556455973e-09
output loss: 2.0784436226210898e-16
Color loss:  154.44866943359375
(iteration 12):  100.0 correct
expl loss: 1.8510969423957135e-09
output loss: 2.1592619477943788e-16
Color loss:  161.473388671875
(iteration 13):  100.0 correct
expl loss: 1.817275663285045e-09
output loss: 3.1656614970966156e-16
Color loss:  168.51800537109375
(iteration 14):  100.0 correct
expl loss: 1.7866531587529266e-09
output loss: 3.14058720427552e-16
Color loss:  175.54078674316406
(iteration 15):  100.0 correct
expl loss: 1.7563859255886882e-09
output loss: 3.1625422982683516e-16
Color loss:  182.4961395263672
(iteration 16):  100.0 correct
expl loss: 1.7277936859017018e-09
output loss: 3.1661583348597394e-16
Color loss:  189.3610382080078
(iteration 17):  100.0 correct
expl loss: 1.6974270877767594e-09
output loss: 3.136220749432424e-16
Color loss:  196.1143798828125
(iteration 18):  100.0 correct
expl loss: 1.6682887293839599e-09
output loss: 3.0834209506653274e-16
Color loss:  202.74159240722656
(iteration 19):  100.0 correct
expl loss: 1.6428044480321091e-09
output loss: 3.036849226340714e-16
Color loss:  209.22654724121094
(iteration 20):  100.0 correct
expl loss: 1.6195960128584375e-09
output loss: 2.9625652309599e-16
Color loss:  215.55941772460938
(iteration 21):  100.0 correct
expl loss: 1.6000248903580427e-09
output loss: 2.91146823311458e-16
Color loss:  221.72889709472656
(iteration 22):  100.0 correct
expl loss: 1.5776484563190252e-09
output loss: 2.8679524448449825e-16
Color loss:  227.7406463623047
(iteration 23):  100.0 correct
expl loss: 1.5600507552449017e-09
output loss: 2.8257736451430665e-16
Color loss:  233.60667419433594
(iteration 24):  100.0 correct
expl loss: 1.5382570772715098e-09
output loss: 2.8165253688480297e-16
Color loss:  239.33645629882812
(iteration 25):  100.0 correct
expl loss: 1.5163030830933621e-09
output loss: 1.8239300743058738e-16
Color loss:  244.94142150878906
(iteration 26):  100.0 correct
expl loss: 1.4960358507565275e-09
output loss: 1.8155497420839766e-16
Color loss:  250.422119140625
(iteration 27):  100.0 correct
expl loss: 1.479800615378224e-09
output loss: 1.7949938406408908e-16
Color loss:  255.77403259277344
(iteration 28):  100.0 correct
expl loss: 1.4642208556736591e-09
output loss: 1.7678969919604297e-16
Color loss:  261.00970458984375
(iteration 29):  100.0 correct
expl loss: 1.445578101666456e-09
output loss: 1.7574071506531753e-16
Color loss:  266.06414794921875
(iteration 30):  100.0 correct
expl loss: 1.4306670292896229e-09
output loss: 1.7436236746700817e-16
Color loss:  271.0703430175781
(iteration 31):  100.0 correct
expl loss: 1.4141491311292498e-09
output loss: 1.7337810194740887e-16
Color loss:  275.9935607910156
(iteration 32):  100.0 correct
expl loss: 1.3987303537632556e-09
output loss: 1.723863587150721e-16
Color loss:  280.84002685546875
(iteration 33):  100.0 correct
expl loss: 1.3837949675021832e-09
output loss: 1.7234222035758626e-16
Color loss:  285.60797119140625
(iteration 34):  100.0 correct
expl loss: 1.365884072512813e-09
output loss: 1.731522617878472e-16
Color loss:  290.30047607421875
(iteration 35):  100.0 correct
expl loss: 1.3509128260480452e-09
output loss: 1.7478539424971268e-16
Color loss:  294.99407958984375
(iteration 36):  100.0 correct
expl loss: 1.3370662355072227e-09
output loss: 1.753064650960619e-16
Color loss:  299.6325988769531
(iteration 37):  100.0 correct
expl loss: 1.3248533381471361e-09
output loss: 1.7579439577834977e-16
Color loss:  304.2206115722656
(iteration 38):  100.0 correct
expl loss: 1.309797048598682e-09
output loss: 1.7580163526307083e-16
Color loss:  308.76885986328125
(iteration 39):  100.0 correct
expl loss: 1.2986931530178936e-09
output loss: 1.7480671565718185e-16
Color loss:  313.28790283203125
(iteration 40):  100.0 correct
expl loss: 1.2847173325170047e-09
output loss: 1.7441181301530414e-16
Color loss:  317.77813720703125
(iteration 41):  100.0 correct
expl loss: 1.2732903620360503e-09
output loss: 1.7412351741077225e-16
Color loss:  322.2434997558594
(iteration 42):  100.0 correct
expl loss: 1.2613357025514915e-09
output loss: 1.0360500037953226e-16
Color loss:  326.684814453125
(iteration 43):  100.0 correct
expl loss: 1.248918080065664e-09
output loss: 1.044636469425868e-16
Color loss:  331.1142272949219
(iteration 44):  100.0 correct
expl loss: 1.2358640777421215e-09
output loss: 1.0374028742307653e-16
Color loss:  335.5406799316406
(iteration 45):  100.0 correct
expl loss: 1.2249146141840583e-09
output loss: 1.0322288264120216e-16
Color loss:  339.96392822265625
(iteration 46):  100.0 correct
expl loss: 1.2101939450559485e-09
output loss: 1.0306027216766404e-16
Color loss:  344.3844909667969
(iteration 47):  100.0 correct
expl loss: 1.1982497216678212e-09
output loss: 1.7507182373478265e-16
Color loss:  348.80316162109375
(iteration 48):  100.0 correct
expl loss: 1.187552056691743e-09
output loss: 1.7536403686669558e-16
Color loss:  353.2204895019531
(iteration 49):  100.0 correct
expl loss: 1.176448494177862e-09
output loss: 1.7492810606643523e-16
Color loss:  357.6387634277344
(iteration 50):  100.0 correct
expl loss: 1.1670306943045716e-09
output loss: 1.744721244081266e-16
Color loss:  362.0583801269531
(iteration 51):  100.0 correct
expl loss: 1.1564911250872e-09
output loss: 2.7291565673167087e-16
Color loss:  366.4804382324219
(iteration 52):  100.0 correct
expl loss: 1.14427400887962e-09
output loss: 2.7171861388874334e-16
Color loss:  370.8992919921875
(iteration 53):  100.0 correct
expl loss: 1.13324127859471e-09
output loss: 2.715872443725801e-16
Color loss:  375.3153076171875
(iteration 54):  100.0 correct
expl loss: 1.1219942752660472e-09
output loss: 2.718198078561606e-16
Color loss:  379.7262878417969
(iteration 55):  100.0 correct
expl loss: 1.1124939858220273e-09
output loss: 2.718884439946678e-16
Color loss:  384.12750244140625
(iteration 56):  100.0 correct
expl loss: 1.1036218605653403e-09
output loss: 1.0109800784878614e-16
Color loss:  388.5225830078125
(iteration 57):  100.0 correct
expl loss: 1.0944651851474418e-09
output loss: 1.0039864980192971e-16
Color loss:  392.91387939453125
(iteration 58):  100.0 correct
expl loss: 1.0865329747034025e-09
output loss: 9.951637896058065e-17
Color loss:  397.298583984375
(iteration 59):  100.0 correct
expl loss: 1.0796477045715847e-09
output loss: 9.871818937413638e-17
Color loss:  401.669677734375
(iteration 60):  100.0 correct
expl loss: 1.0711099784899147e-09
output loss: 9.830600196617876e-17
Color loss:  406.0315856933594
(iteration 61):  100.0 correct
expl loss: 1.062031240728345e-09
output loss: 9.829656548975075e-17
Color loss:  410.385009765625
(iteration 62):  100.0 correct
expl loss: 1.0536524985838014e-09
output loss: 9.854927247560815e-17
Color loss:  414.7312316894531
(iteration 63):  100.0 correct
expl loss: 1.0438315767302697e-09
output loss: 9.890322636844204e-17
Color loss:  419.0748291015625
(iteration 64):  100.0 correct
expl loss: 1.0355366564240853e-09
output loss: 9.96170700021855e-17
Color loss:  423.42437744140625
(iteration 65):  100.0 correct
expl loss: 1.027244178608555e-09
output loss: 1.0019497146533955e-16
Color loss:  427.7508239746094
(iteration 66):  100.0 correct
expl loss: 1.0178536902216706e-09
output loss: 1.0101372807053434e-16
Color loss:  432.0577697753906
(iteration 67):  100.0 correct
expl loss: 1.0100709157967458e-09
output loss: 1.0226324725152224e-16
Color loss:  436.3536071777344
(iteration 68):  100.0 correct
expl loss: 1.0015132057006326e-09
output loss: 1.0386119475885218e-16
Color loss:  440.6368713378906
(iteration 69):  100.0 correct
expl loss: 9.937913825197597e-10
output loss: 1.7620883311757354e-16
Color loss:  444.9036865234375
(iteration 70):  100.0 correct
expl loss: 9.867718864242647e-10
output loss: 1.7731227881982947e-16
Color loss:  449.15447998046875
(iteration 71):  100.0 correct
expl loss: 9.791567556760583e-10
output loss: 1.7973337691576808e-16
Color loss:  453.39068603515625
(iteration 72):  100.0 correct
expl loss: 9.694403058091439e-10
output loss: 1.8314439182925095e-16
Color loss:  457.6182861328125
(iteration 73):  100.0 correct
expl loss: 9.612124429736468e-10
output loss: 1.8751841702931295e-16
Color loss:  461.8318176269531
(iteration 74):  100.0 correct
expl loss: 9.530124467360679e-10
output loss: 1.9191596062855107e-16
Color loss:  466.034912109375
(iteration 75):  100.0 correct
expl loss: 9.465587202939219e-10
output loss: 1.9613796988436052e-16
Color loss:  470.2204895019531
(iteration 76):  100.0 correct
expl loss: 9.388659849562941e-10
output loss: 2.0088814388745244e-16
Color loss:  474.3884582519531
(iteration 77):  100.0 correct
expl loss: 9.319027771681476e-10
output loss: 2.0691570974945285e-16
Color loss:  478.5420837402344
(iteration 78):  100.0 correct
expl loss: 9.268239509196974e-10
output loss: 3.136781379364388e-16
Color loss:  482.6790771484375
(iteration 79):  100.0 correct
expl loss: 9.20666598513975e-10
output loss: 3.216487179701018e-16
Color loss:  486.798095703125
(iteration 80):  100.0 correct
expl loss: 9.134278888822678e-10
output loss: 3.310462044127534e-16
Color loss:  490.8974304199219
(iteration 81):  100.0 correct
expl loss: 9.061034145219082e-10
output loss: 3.4123267557599284e-16
Color loss:  494.98236083984375
(iteration 82):  100.0 correct
expl loss: 8.987942612392885e-10
output loss: 3.5422827856924194e-16
Color loss:  499.0577087402344
(iteration 83):  100.0 correct
expl loss: 8.917766525229354e-10
output loss: 4.973400536615723e-16
Color loss:  503.1109924316406
(iteration 84):  100.0 correct
expl loss: 8.855522981576769e-10
output loss: 5.133590878204865e-16
Color loss:  507.139404296875
(iteration 85):  100.0 correct
expl loss: 8.785022709290047e-10
output loss: 5.30620295796549e-16
Color loss:  511.1542053222656
(iteration 86):  100.0 correct
expl loss: 8.723304856239622e-10
output loss: 4.218976613160492e-16
Color loss:  515.1382446289062
(iteration 87):  100.0 correct
expl loss: 8.676988016986797e-10
output loss: 4.450409572454212e-16
Color loss:  519.0927124023438
(iteration 88):  100.0 correct
expl loss: 8.602522028056114e-10
output loss: 6.018600547649312e-16
Color loss:  523.0165405273438
(iteration 89):  100.0 correct
expl loss: 8.552221153479422e-10
output loss: 6.349540025910711e-16
Color loss:  526.9120483398438
(iteration 90):  100.0 correct
expl loss: 8.491591874104643e-10
output loss: 6.710952573240768e-16
Color loss:  530.7789916992188
(iteration 91):  100.0 correct
expl loss: 8.442832544197643e-10
output loss: 8.673607321367787e-16
Color loss:  534.616943359375
(iteration 92):  100.0 correct
expl loss: 8.380754423775727e-10
output loss: 9.128908176945063e-16
Color loss:  538.4248046875
(iteration 93):  100.0 correct
expl loss: 8.308814192226066e-10
output loss: 9.64222073089301e-16
Color loss:  542.202880859375
(iteration 94):  100.0 correct
expl loss: 8.252029060074051e-10
output loss: 1.2038106361761001e-15
Color loss:  545.9470825195312
(iteration 95):  100.0 correct
expl loss: 8.210915836137644e-10
output loss: 1.2684200859311716e-15
Color loss:  549.65869140625
(iteration 96):  100.0 correct
expl loss: 8.162319153903752e-10
output loss: 1.3445635833290049e-15
Color loss:  553.339111328125
(iteration 97):  100.0 correct
expl loss: 8.104938942210538e-10
output loss: 1.643086263666035e-15
Color loss:  556.9896240234375
(iteration 98):  100.0 correct
expl loss: 8.050482502852674e-10
output loss: 1.7469147153075198e-15
Color loss:  560.615478515625
(iteration 99):  100.0 correct
expl loss: 7.999960693894081e-10
output loss: 2.1128336896752064e-15
Color loss:  564.2161865234375
(iteration 100):  100.0 correct
expl loss: 7.954268355092609e-10
output loss: 2.545851331871708e-15
Color loss:  567.7900390625
(iteration 101):  100.0 correct
expl loss: 7.900182175113457e-10
output loss: 3.052860690142662e-15
Color loss:  571.336181640625
(iteration 102):  100.0 correct
expl loss: 7.85899678668045e-10
output loss: 3.621114977423075e-15
Color loss:  574.858154296875
(iteration 103):  100.0 correct
expl loss: 7.812266944462465e-10
output loss: 3.906238549446607e-15
Color loss:  578.3567504882812
(iteration 104):  100.0 correct
expl loss: 7.777259947161497e-10
output loss: 4.974890467569944e-15
Color loss:  581.8187255859375
(iteration 105):  100.0 correct
expl loss: 7.728779283233678e-10
output loss: 5.797813892530071e-15
Color loss:  585.2508544921875
(iteration 106):  100.0 correct
expl loss: 7.668301549301759e-10
output loss: 6.7231745175158186e-15
Color loss:  588.6649780273438
(iteration 107):  100.0 correct
expl loss: 7.629277209986185e-10
output loss: 7.76183299897688e-15
Color loss:  592.04736328125
(iteration 108):  100.0 correct
expl loss: 7.588706329997308e-10
output loss: 9.402904277140516e-15
Color loss:  595.4015502929688
(iteration 109):  100.0 correct
expl loss: 7.546021585369544e-10
output loss: 1.0650026460766807e-14
Color loss:  598.730712890625
(iteration 110):  100.0 correct
expl loss: 7.488657471910187e-10
output loss: 1.2648050128397613e-14
Color loss:  602.0343627929688
(iteration 111):  100.0 correct
expl loss: 7.461611328807294e-10
output loss: 1.4197022667173341e-14
Color loss:  605.3098754882812
(iteration 112):  100.0 correct
expl loss: 7.408139657272272e-10
output loss: 1.6581716875225735e-14
Color loss:  608.5579223632812
(iteration 113):  100.0 correct
expl loss: 7.389073242158872e-10
output loss: 1.9215570906910666e-14
Color loss:  611.7763671875
(iteration 114):  100.0 correct
expl loss: 7.361472542655179e-10
output loss: 2.2121119226756886e-14
Color loss:  614.9700927734375
(iteration 115):  100.0 correct
expl loss: 7.314329142360521e-10
output loss: 2.4467283600104577e-14
Color loss:  618.1364135742188
(iteration 116):  100.0 correct
expl loss: 7.291281467480815e-10
output loss: 2.878975202224958e-14
Color loss:  621.2716064453125
(iteration 117):  100.0 correct
expl loss: 7.256491518781161e-10
output loss: 3.2548369246132233e-14
Color loss:  624.3825073242188
(iteration 118):  100.0 correct
expl loss: 7.21622706034708e-10
output loss: 3.657576357670583e-14
Color loss:  627.4754028320312
(iteration 119):  100.0 correct
expl loss: 7.172327176618865e-10
output loss: 4.0766143986990105e-14
Color loss:  630.5447387695312
(iteration 120):  100.0 correct
expl loss: 7.134108304107656e-10
output loss: 4.54046048263719e-14
Color loss:  633.5785522460938
(iteration 121):  100.0 correct
expl loss: 7.104510868494174e-10
output loss: 5.1714600483865336e-14
Color loss:  636.5752563476562
(iteration 122):  100.0 correct
expl loss: 7.070597440872461e-10
output loss: 5.699700965106774e-14
Color loss:  639.5400390625
(iteration 123):  100.0 correct
expl loss: 7.037320726155372e-10
output loss: 6.244239473358545e-14
Color loss:  642.4749755859375
(iteration 124):  100.0 correct
expl loss: 6.992505463543353e-10
output loss: 6.962678589066129e-14
Color loss:  645.3861694335938
(iteration 125):  100.0 correct
expl loss: 6.978453370720672e-10
output loss: 7.744752918408676e-14
Color loss:  648.2618408203125
(iteration 126):  100.0 correct
expl loss: 6.948572273124398e-10
output loss: 8.592757581860067e-14
Color loss:  651.1066284179688
(iteration 127):  100.0 correct
expl loss: 6.89998613800924e-10
output loss: 9.326023839902747e-14
Color loss:  653.9259643554688
(iteration 128):  100.0 correct
expl loss: 6.867679758215672e-10
output loss: 1.0232892549803807e-13
Color loss:  656.718017578125
(iteration 129):  100.0 correct
expl loss: 6.830770393762009e-10
output loss: 1.0994403629692451e-13
Color loss:  659.4908447265625
(iteration 130):  100.0 correct
expl loss: 6.7974387230052e-10
output loss: 1.1966878768303324e-13
Color loss:  662.2445678710938
(iteration 131):  100.0 correct
expl loss: 6.775155436677949e-10
output loss: 1.2792826693808212e-13
Color loss:  664.9812622070312
(iteration 132):  100.0 correct
expl loss: 6.742729152797722e-10
output loss: 1.3849854694093083e-13
Color loss:  667.6949462890625
(iteration 133):  100.0 correct
expl loss: 6.711123323732693e-10
output loss: 1.4732156738018337e-13
Color loss:  670.38623046875
(iteration 134):  100.0 correct
expl loss: 6.684687803293343e-10
output loss: 1.5859884206718272e-13
Color loss:  673.0624389648438
(iteration 135):  100.0 correct
expl loss: 6.656151740891403e-10
output loss: 1.6798086359404163e-13
Color loss:  675.720458984375
(iteration 136):  100.0 correct
expl loss: 6.62544519247632e-10
output loss: 1.7991474466922536e-13
Color loss:  678.3585205078125
(iteration 137):  100.0 correct
expl loss: 6.60692611731406e-10
output loss: 1.9025116226346894e-13
Color loss:  680.9719848632812
(iteration 138):  100.0 correct
expl loss: 6.586284295728717e-10
output loss: 2.034289755961996e-13
Color loss:  683.5701293945312
(iteration 139):  100.0 correct
expl loss: 6.567199561935411e-10
output loss: 2.1715786178815033e-13
Color loss:  686.1373901367188
(iteration 140):  100.0 correct
expl loss: 6.543258712632394e-10
output loss: 2.284881539613842e-13
Color loss:  688.691650390625
(iteration 141):  100.0 correct
expl loss: 6.523256379509235e-10
output loss: 2.4277026786437284e-13
Color loss:  691.2241821289062
(iteration 142):  100.0 correct
expl loss: 6.5021821260558e-10
output loss: 2.5449412542621896e-13
Color loss:  693.7354736328125
(iteration 143):  100.0 correct
expl loss: 6.47584985635774e-10
output loss: 2.6937114106125037e-13
Color loss:  696.23095703125
(iteration 144):  100.0 correct
expl loss: 6.457306911400451e-10
output loss: 2.8167366442760633e-13
Color loss:  698.7151489257812
(iteration 145):  100.0 correct
expl loss: 6.428451104767419e-10
output loss: 2.9744059320581384e-13
Color loss:  701.1862182617188
(iteration 146):  100.0 correct
expl loss: 6.41026842718162e-10
output loss: 3.139358618984428e-13
Color loss:  703.64111328125
(iteration 147):  100.0 correct
expl loss: 6.397480878383988e-10
output loss: 3.277963295765518e-13
Color loss:  706.0885620117188
(iteration 148):  100.0 correct
expl loss: 6.367579241661758e-10
output loss: 3.44844595587257e-13
Color loss:  708.5278930664062
(iteration 149):  100.0 correct
expl loss: 6.336968172426793e-10
output loss: 3.6530281295570066e-13
Color loss:  710.9534912109375
(iteration 150):  100.0 correct
expl loss: 6.327014467899517e-10
output loss: 3.797810861367462e-13
Color loss:  713.3707885742188
(iteration 151):  100.0 correct
expl loss: 6.297715682279659e-10
output loss: 3.9819146244179926e-13
Color loss:  715.7771606445312
(iteration 152):  100.0 correct
expl loss: 6.276067443522493e-10
output loss: 4.178220540818761e-13
Color loss:  718.1702270507812
(iteration 153):  100.0 correct
expl loss: 6.257126483610875e-10
output loss: 4.387414639494408e-13
Color loss:  720.5528564453125
(iteration 154):  100.0 correct
expl loss: 6.238042304929081e-10
output loss: 4.603067059461008e-13
Color loss:  722.9342651367188
(iteration 155):  100.0 correct
expl loss: 6.212592107424086e-10
output loss: 4.82011945548283e-13
Color loss:  725.3007202148438
(iteration 156):  100.0 correct
expl loss: 6.180457812199336e-10
output loss: 5.034062359673963e-13
Color loss:  727.663818359375
(iteration 157):  100.0 correct
expl loss: 6.169507682507458e-10
output loss: 5.207404603010946e-13
Color loss:  730.0279541015625
(iteration 158):  100.0 correct
expl loss: 6.150846498798046e-10
output loss: 5.422625781563439e-13
Color loss:  732.390625
(iteration 159):  100.0 correct
expl loss: 6.124968310317058e-10
output loss: 5.641725693388e-13
Color loss:  734.7461547851562
(iteration 160):  100.0 correct
expl loss: 6.114969086645772e-10
output loss: 5.832828252512468e-13
Color loss:  737.0787963867188
(iteration 161):  100.0 correct
expl loss: 6.1050742239388e-10
output loss: 6.072031983120341e-13
Color loss:  739.40185546875
(iteration 162):  100.0 correct
expl loss: 6.095050575360972e-10
output loss: 6.314578309025987e-13
Color loss:  741.7192993164062
(iteration 163):  100.0 correct
expl loss: 6.090010717940686e-10
output loss: 6.56071334412256e-13
Color loss:  744.014892578125
(iteration 164):  100.0 correct
expl loss: 6.070622338150145e-10
output loss: 6.80031714533208e-13
Color loss:  746.3043823242188
(iteration 165):  100.0 correct
expl loss: 6.04602423681655e-10
output loss: 6.982650677285485e-13
Color loss:  748.5866088867188
(iteration 166):  100.0 correct
expl loss: 6.010638653464184e-10
output loss: 7.160943929843122e-13
Color loss:  750.86328125
(iteration 167):  100.0 correct
expl loss: 5.996184659906589e-10
output loss: 7.330178131148557e-13
Color loss:  753.1279907226562
(iteration 168):  100.0 correct
expl loss: 5.986608986319197e-10
output loss: 7.505526690605724e-13
Color loss:  755.3843994140625
(iteration 169):  100.0 correct
expl loss: 5.966640514998289e-10
output loss: 7.63489423592778e-13
Color loss:  757.633056640625
(iteration 170):  100.0 correct
expl loss: 5.928216251227525e-10
output loss: 7.814821381159354e-13
Color loss:  759.87353515625
(iteration 171):  100.0 correct
expl loss: 5.918458501064094e-10
output loss: 8.007704742352129e-13
Color loss:  762.0949096679688
(iteration 172):  100.0 correct
expl loss: 5.898687094330057e-10
output loss: 8.298346276629232e-13
Color loss:  764.3004150390625
(iteration 173):  100.0 correct
expl loss: 5.902437982818753e-10
output loss: 8.502689112684092e-13
Color loss:  766.4976806640625
(iteration 174):  100.0 correct
expl loss: 5.886830467538573e-10
output loss: 8.726696665642408e-13
Color loss:  768.679931640625
(iteration 175):  100.0 correct
expl loss: 5.877064390702458e-10
output loss: 9.078853120680908e-13
Color loss:  770.8501586914062
(iteration 176):  100.0 correct
expl loss: 5.868999730651581e-10
output loss: 9.399012601205015e-13
Color loss:  773.0153198242188
(iteration 177):  100.0 correct
expl loss: 5.855273488286628e-10
output loss: 9.716103789580988e-13
Color loss:  775.1824951171875
(iteration 178):  100.0 correct
expl loss: 5.815928294516937e-10
output loss: 1.0032204017171309e-12
Color loss:  777.3499755859375
(iteration 179):  100.0 correct
expl loss: 5.796947366576433e-10
output loss: 1.0418277568771672e-12
Color loss:  779.5128784179688
(iteration 180):  100.0 correct
expl loss: 5.786692791609482e-10
output loss: 1.0762773051259389e-12
Color loss:  781.6812133789062
(iteration 181):  100.0 correct
expl loss: 5.771877975568884e-10
output loss: 1.1177581213037135e-12
Color loss:  783.8541259765625
(iteration 182):  100.0 correct
expl loss: 5.756076726370907e-10
output loss: 1.1557164730433e-12
Color loss:  786.0235595703125
(iteration 183):  100.0 correct
expl loss: 5.750256937275822e-10
output loss: 1.2081172650821315e-12
Color loss:  788.18310546875
(iteration 184):  100.0 correct
expl loss: 5.731138896791776e-10
output loss: 1.2563538534168806e-12
Color loss:  790.347412109375
(iteration 185):  100.0 correct
expl loss: 5.716652706766467e-10
output loss: 1.3049422653566012e-12
Color loss:  792.5143432617188
(iteration 186):  100.0 correct
expl loss: 5.703308381121985e-10
output loss: 1.3612934564311008e-12
Color loss:  794.6723022460938
(iteration 187):  100.0 correct
expl loss: 5.687523785269377e-10
output loss: 1.4135810577631247e-12
Color loss:  796.8197631835938
(iteration 188):  100.0 correct
expl loss: 5.674850034331769e-10
output loss: 1.4738901288682826e-12
Color loss:  798.953125
(iteration 189):  100.0 correct
expl loss: 5.671469960333297e-10
output loss: 1.5365372819584056e-12
Color loss:  801.0762939453125
(iteration 190):  100.0 correct
expl loss: 5.66356128661738e-10
output loss: 1.6026503041333129e-12
Color loss:  803.1863403320312
(iteration 191):  100.0 correct
expl loss: 5.637740829733673e-10
output loss: 1.6722513131173233e-12
Color loss:  805.286376953125
(iteration 192):  100.0 correct
expl loss: 5.625849786028425e-10
output loss: 1.7528398437577364e-12
Color loss:  807.3765258789062
(iteration 193):  100.0 correct
expl loss: 5.626538124303693e-10
output loss: 1.837088424092026e-12
Color loss:  809.4500122070312
(iteration 194):  100.0 correct
expl loss: 5.624309351581758e-10
output loss: 1.923629875180688e-12
Color loss:  811.5010986328125
(iteration 195):  100.0 correct
expl loss: 5.603879582594118e-10
output loss: 2.0123544757638667e-12
Color loss:  813.5355224609375
(iteration 196):  100.0 correct
expl loss: 5.594804619590832e-10
output loss: 2.102382721039242e-12
Color loss:  815.5534057617188
(iteration 197):  100.0 correct
expl loss: 5.581070605664706e-10
output loss: 2.203405860545793e-12
Color loss:  817.5676879882812
(iteration 198):  100.0 correct
expl loss: 5.565707339449943e-10
output loss: 2.2994269249093646e-12
Color loss:  819.573974609375
(iteration 199):  100.0 correct
expl loss: 5.543976944188955e-10
output loss: 2.4155337018799683e-12
Color loss:  821.5657958984375
(iteration 200):  100.0 correct
expl loss: 5.533290492465426e-10
output loss: 2.5259878824041015e-12
Color loss:  823.548095703125
(iteration 201):  100.0 correct
expl loss: 5.528444368962937e-10
output loss: 2.6285451679847194e-12
Color loss:  825.537353515625
(iteration 202):  100.0 correct
expl loss: 5.518893120282087e-10
output loss: 2.7446517281148886e-12
Color loss:  827.5326538085938
(iteration 203):  100.0 correct
expl loss: 5.494439347941693e-10
output loss: 2.8650749307745915e-12
Color loss:  829.528564453125
(iteration 204):  100.0 correct
expl loss: 5.483926091010005e-10
output loss: 2.989752325918693e-12
Color loss:  831.5192260742188
(iteration 205):  100.0 correct
expl loss: 5.476434306039835e-10
output loss: 3.11843736597317e-12
Color loss:  833.506591796875
(iteration 206):  100.0 correct
expl loss: 5.464312335945465e-10
output loss: 3.250691382739035e-12
Color loss:  835.4943237304688
(iteration 207):  100.0 correct
expl loss: 5.461630592229483e-10
output loss: 3.3951539496479555e-12
Color loss:  837.4732666015625
(iteration 208):  100.0 correct
expl loss: 5.438147154812611e-10
output loss: 3.5330395293381445e-12
Color loss:  839.442626953125
(iteration 209):  100.0 correct
expl loss: 5.42854761143019e-10
output loss: 3.6914885211125625e-12
Color loss:  841.4060668945312
(iteration 210):  100.0 correct
expl loss: 5.424381499530284e-10
output loss: 3.876855433904147e-12
Color loss:  843.349853515625
(iteration 211):  100.0 correct
expl loss: 5.407735370610567e-10
output loss: 4.1127383616779145e-12
Color loss:  845.28466796875
(iteration 212):  100.0 correct
expl loss: 5.391735946602694e-10
output loss: 4.3519350449716665e-12
Color loss:  847.2168579101562
(iteration 213):  100.0 correct
expl loss: 5.381560752582004e-10
output loss: 4.631913776143026e-12
Color loss:  849.1466674804688
(iteration 214):  100.0 correct
expl loss: 5.380311196567789e-10
output loss: 4.9295112262981444e-12
Color loss:  851.0726928710938
(iteration 215):  100.0 correct
expl loss: 5.378479328577157e-10
output loss: 5.266349422522465e-12
Color loss:  852.9944458007812
(iteration 216):  100.0 correct
expl loss: 5.367310484949428e-10
output loss: 5.609272595019643e-12
Color loss:  854.9163208007812
(iteration 217):  100.0 correct
expl loss: 5.351464271718953e-10
output loss: 5.997928282513998e-12
Color loss:  856.8392333984375
(iteration 218):  100.0 correct
expl loss: 5.34450705913514e-10
output loss: 6.393162908790995e-12
Color loss:  858.7609252929688
(iteration 219):  100.0 correct
expl loss: 5.328756325084782e-10
output loss: 6.841284917041834e-12
Color loss:  860.6817016601562
(iteration 220):  100.0 correct
expl loss: 5.324519158911301e-10
output loss: 7.30784183167188e-12
Color loss:  862.5987548828125
(iteration 221):  100.0 correct
expl loss: 5.314170214987257e-10
output loss: 7.775665528120257e-12
Color loss:  864.51171875
(iteration 222):  100.0 correct
expl loss: 5.30212318494705e-10
output loss: 8.301227760743046e-12
Color loss:  866.4107666015625
(iteration 223):  100.0 correct
expl loss: 5.297562943873402e-10
output loss: 8.860486129524947e-12
Color loss:  868.2982177734375
(iteration 224):  100.0 correct
expl loss: 5.276264980480505e-10
output loss: 9.474381348906213e-12
Color loss:  870.18115234375
(iteration 225):  100.0 correct
expl loss: 5.270421876701903e-10
output loss: 1.009946987151622e-11
Color loss:  872.0597534179688
(iteration 226):  100.0 correct
expl loss: 5.255905710654929e-10
output loss: 1.074111459498095e-11
Color loss:  873.934326171875
(iteration 227):  100.0 correct
expl loss: 5.252246415565764e-10
output loss: 1.1464901077118395e-11
Color loss:  875.8084716796875
(iteration 228):  100.0 correct
expl loss: 5.257916324552525e-10
output loss: 1.2183824261990939e-11
Color loss:  877.6821899414062
(iteration 229):  100.0 correct
expl loss: 5.250742063367397e-10
output loss: 1.288871787075152e-11
Color loss:  879.5679321289062
(iteration 230):  100.0 correct
expl loss: 5.234174205170916e-10
output loss: 1.3578737093067339e-11
Color loss:  881.4549560546875
(iteration 231):  100.0 correct
expl loss: 5.227689392484081e-10
output loss: 1.4251803730214174e-11
Color loss:  883.3383178710938
(iteration 232):  100.0 correct
expl loss: 5.220087695434472e-10
output loss: 1.4892925434550897e-11
Color loss:  885.213134765625
(iteration 233):  100.0 correct
expl loss: 5.213781073543089e-10
output loss: 1.5538920844493376e-11
Color loss:  887.0842895507812
(iteration 234):  100.0 correct
expl loss: 5.199277675060898e-10
output loss: 1.6162524443807946e-11
Color loss:  888.943603515625
(iteration 235):  100.0 correct
expl loss: 5.187685836460787e-10
output loss: 1.6810287536972446e-11
Color loss:  890.7915649414062
(iteration 236):  100.0 correct
expl loss: 5.18126319626333e-10
output loss: 1.7476280839145986e-11
Color loss:  892.6397705078125
(iteration 237):  100.0 correct
expl loss: 5.171340022869231e-10
output loss: 1.8216799596570965e-11
Color loss:  894.4861450195312
(iteration 238):  100.0 correct
expl loss: 5.17434262103933e-10
output loss: 1.9025642172820767e-11
Color loss:  896.3258666992188
(iteration 239):  100.0 correct
expl loss: 5.160914473556488e-10
output loss: 1.9945184392966553e-11
Color loss:  898.159912109375
(iteration 240):  100.0 correct
expl loss: 5.152012150233531e-10
output loss: 2.0900829678094368e-11
Color loss:  899.99365234375
(iteration 241):  100.0 correct
expl loss: 5.151553073012849e-10
output loss: 2.1840286523744368e-11
Color loss:  901.82421875
(iteration 242):  100.0 correct
expl loss: 5.149811133087212e-10
output loss: 2.282145479537423e-11
Color loss:  903.64990234375
(iteration 243):  100.0 correct
expl loss: 5.140475267673139e-10
output loss: 2.3820473371571893e-11
Color loss:  905.473876953125
(iteration 244):  100.0 correct
expl loss: 5.133699576553852e-10
output loss: 2.4813177554317e-11
Color loss:  907.306396484375
(iteration 245):  100.0 correct
expl loss: 5.122785529110274e-10
output loss: 2.5769919184681633e-11
Color loss:  909.1365356445312
(iteration 246):  100.0 correct
expl loss: 5.117264945120326e-10
output loss: 2.6780279382965233e-11
Color loss:  910.9609985351562
(iteration 247):  100.0 correct
expl loss: 5.118688251037895e-10
output loss: 2.7795044044154338e-11
Color loss:  912.7835083007812
(iteration 248):  100.0 correct
expl loss: 5.086986387681236e-10
output loss: 2.896144782327248e-11
Color loss:  914.6046752929688
(iteration 249):  100.0 correct
expl loss: 5.076057907338338e-10
output loss: 3.0175098530982325e-11
Color loss:  916.419189453125
(iteration 250):  100.0 correct
expl loss: 5.080699749804296e-10
output loss: 3.1513708309560684e-11
Color loss:  918.2396240234375
(iteration 251):  100.0 correct
expl loss: 5.077306908241042e-10
output loss: 3.211610838382839e-11
Color loss:  919.6303100585938
(iteration 252):  100.0 correct
expl loss: 5.07426767271113e-10
output loss: 3.276390964090936e-11
Color loss:  921.02587890625
(iteration 253):  100.0 correct
expl loss: 5.081882137325522e-10
output loss: 3.342229618064074e-11
Color loss:  922.4248657226562
(iteration 254):  100.0 correct
expl loss: 5.068777064742847e-10
output loss: 3.4052555913932636e-11
Color loss:  923.825439453125
(iteration 255):  100.0 correct
expl loss: 5.074011766303954e-10
output loss: 3.472713089314183e-11
Color loss:  925.2274780273438
(iteration 256):  100.0 correct
expl loss: 5.071548736523823e-10
output loss: 3.549234864341777e-11
Color loss:  926.626953125
(iteration 257):  100.0 correct
expl loss: 5.069678565838842e-10
output loss: 3.625393041328806e-11
Color loss:  928.0243530273438
(iteration 258):  100.0 correct
expl loss: 5.066125852160042e-10
output loss: 3.7075367081973454e-11
Color loss:  929.4232177734375
(iteration 259):  100.0 correct
expl loss: 5.06343467154835e-10
output loss: 3.791126093610764e-11
Color loss:  930.83056640625
(iteration 260):  100.0 correct
expl loss: 5.053217289052725e-10
output loss: 3.8715367717268023e-11
Color loss:  932.2393798828125
(iteration 261):  100.0 correct
expl loss: 5.058840568672451e-10
output loss: 3.9567276538532425e-11
Color loss:  933.6495971679688
(iteration 262):  100.0 correct
expl loss: 5.052975815544869e-10
output loss: 4.0429194714253214e-11
Color loss:  935.0636596679688
(iteration 263):  100.0 correct
expl loss: 5.047284257209128e-10
output loss: 4.1330539685136e-11
Color loss:  936.4848022460938
(iteration 264):  100.0 correct
expl loss: 5.049085594066582e-10
output loss: 4.21662739447104e-11
Color loss:  937.9120483398438
(iteration 265):  100.0 correct
expl loss: 5.048914064609278e-10
output loss: 4.304663223098082e-11
Color loss:  939.3432006835938
(iteration 266):  100.0 correct
expl loss: 5.044662465536476e-10
output loss: 4.389864166620683e-11
Color loss:  940.7754516601562
(iteration 267):  100.0 correct
expl loss: 5.043049866593208e-10
output loss: 4.480132584361307e-11
Color loss:  942.2088623046875
(iteration 268):  100.0 correct
expl loss: 5.034370698098201e-10
output loss: 4.570496064948415e-11
Color loss:  943.6420288085938
(iteration 269):  100.0 correct
expl loss: 5.033587435754328e-10
output loss: 4.65685857931053e-11
Color loss:  945.0755615234375
(iteration 270):  100.0 correct
expl loss: 5.018679360979661e-10
output loss: 4.7442470091363376e-11
Color loss:  946.51318359375
(iteration 271):  100.0 correct
expl loss: 5.012009696159225e-10
output loss: 4.833185934804973e-11
Color loss:  947.95458984375
(iteration 272):  100.0 correct
expl loss: 5.016052573303398e-10
output loss: 4.921880264463496e-11
Color loss:  949.3973388671875
(iteration 273):  100.0 correct
expl loss: 5.016729809348419e-10
output loss: 5.011348280792305e-11
Color loss:  950.8397827148438
(iteration 274):  100.0 correct
expl loss: 5.013224835259678e-10
output loss: 5.107919295865848e-11
Color loss:  952.2791748046875
(iteration 275):  100.0 correct
expl loss: 5.01226282700884e-10
output loss: 5.206667041957047e-11
Color loss:  953.72119140625
(iteration 276):  100.0 correct
expl loss: 5.008323200605957e-10
output loss: 5.3118121012829533e-11
Color loss:  955.160888671875
(iteration 277):  100.0 correct
expl loss: 5.012806281179394e-10
output loss: 5.4136535532212093e-11
Color loss:  956.5961303710938
(iteration 278):  100.0 correct
expl loss: 5.014014203830186e-10
output loss: 5.514839279685546e-11
Color loss:  958.0265502929688
(iteration 279):  100.0 correct
expl loss: 5.011717152392237e-10
output loss: 5.6098369005663784e-11
Color loss:  959.4631958007812
(iteration 280):  100.0 correct
expl loss: 5.006901560022925e-10
output loss: 5.707259317921931e-11
Color loss:  960.89208984375
(iteration 281):  100.0 correct
expl loss: 4.998402802769419e-10
output loss: 5.804417363419745e-11
Color loss:  962.3175048828125
(iteration 282):  100.0 correct
expl loss: 4.988883750556283e-10
output loss: 5.907550143513518e-11
Color loss:  963.7428588867188
(iteration 283):  100.0 correct
expl loss: 4.993755409188338e-10
output loss: 6.00734323397134e-11
Color loss:  965.1636962890625
(iteration 284):  100.0 correct
expl loss: 4.990375335189867e-10
output loss: 6.111629952121334e-11
Color loss:  966.5758056640625
(iteration 285):  100.0 correct
expl loss: 4.992615765253561e-10
output loss: 6.218598552765187e-11
Color loss:  967.9853515625
(iteration 286):  100.0 correct
expl loss: 5.002390168762361e-10
output loss: 6.333546187509143e-11
Color loss:  969.3920288085938
(iteration 287):  100.0 correct
expl loss: 4.982060874958449e-10
output loss: 6.453321904631437e-11
Color loss:  970.79541015625
(iteration 288):  100.0 correct
expl loss: 4.980391654640925e-10
output loss: 6.580078149021062e-11
Color loss:  972.1969604492188
(iteration 289):  100.0 correct
expl loss: 4.983748969067392e-10
output loss: 6.710985933633395e-11
Color loss:  973.595947265625
(iteration 290):  100.0 correct
expl loss: 4.984697654641934e-10
output loss: 6.854834755376515e-11
Color loss:  974.9920654296875
(iteration 291):  100.0 correct
expl loss: 4.97623775519429e-10
output loss: 7.004122282161518e-11
Color loss:  976.3897705078125
(iteration 292):  100.0 correct
expl loss: 4.970648337376815e-10
output loss: 7.155352005350224e-11
Color loss:  977.78955078125
(iteration 293):  100.0 correct
expl loss: 4.969918920849636e-10
output loss: 7.302380228280114e-11
Color loss:  979.1898193359375
(iteration 294):  100.0 correct
expl loss: 4.958468635685165e-10
output loss: 7.454359352010442e-11
Color loss:  980.5927124023438
(iteration 295):  100.0 correct
expl loss: 4.956341448369983e-10
output loss: 7.607982993595996e-11
Color loss:  981.9927368164062
(iteration 296):  100.0 correct
expl loss: 4.944945009022206e-10
output loss: 7.758203801611074e-11
Color loss:  983.3983154296875
(iteration 297):  100.0 correct
expl loss: 4.94809526685458e-10
output loss: 7.916013677888856e-11
Color loss:  984.80126953125
(iteration 298):  100.0 correct
expl loss: 4.946261178417899e-10
output loss: 8.078098606700834e-11
Color loss:  986.206787109375
(iteration 299):  100.0 correct
expl loss: 4.939454956165434e-10
output loss: 8.241595600422258e-11
Color loss:  987.6137084960938
(iteration 300):  100.0 correct
expl loss: 4.934364028486016e-10
output loss: 8.411966956334282e-11
Color loss:  989.0233764648438
(iteration 301):  100.0 correct
expl loss: 4.92434815146936e-10
output loss: 8.586004129895741e-11
Color loss:  990.4384765625
(iteration 302):  100.0 correct
expl loss: 4.933493058523197e-10
output loss: 8.780415977627243e-11
Color loss:  991.8541259765625
(iteration 303):  100.0 correct
expl loss: 4.919438745254467e-10
output loss: 8.986406757616194e-11
Color loss:  993.2715454101562
(iteration 304):  100.0 correct
expl loss: 4.937786290959423e-10
output loss: 9.206954643126153e-11
Color loss:  994.6817016601562
(iteration 305):  100.0 correct
expl loss: 4.930068020492229e-10
output loss: 9.448913179666008e-11
Color loss:  996.0841674804688
(iteration 306):  100.0 correct
expl loss: 4.922995899825366e-10
output loss: 9.697571218270085e-11
Color loss:  997.4911499023438
(iteration 307):  100.0 correct
expl loss: 4.921619223274831e-10
output loss: 9.950658352853026e-11
Color loss:  998.9016723632812
(iteration 308):  100.0 correct
expl loss: 4.914017526225223e-10
output loss: 1.0215214785169735e-10
Color loss:  1000.3160400390625
(iteration 309):  100.0 correct
expl loss: 4.911838158427884e-10
output loss: 1.0482505141684584e-10
Color loss:  1001.72998046875
(iteration 310):  100.0 correct
expl loss: 4.908798922897972e-10
output loss: 1.0753588991496699e-10
Color loss:  1003.1469116210938
(iteration 311):  100.0 correct
expl loss: 4.910782336331465e-10
output loss: 1.103306682126437e-10
Color loss:  1004.5662231445312
(iteration 312):  100.0 correct
expl loss: 4.921318352835158e-10
output loss: 1.1311349773501789e-10
Color loss:  1005.9843139648438
(iteration 313):  100.0 correct
expl loss: 4.911328566059581e-10
output loss: 1.1585225140331445e-10
Color loss:  1007.4088745117188
(iteration 314):  100.0 correct
expl loss: 4.91188534290643e-10
output loss: 1.1858664050734546e-10
Color loss:  1008.8231201171875
(iteration 315):  100.0 correct
expl loss: 4.900653216566297e-10
output loss: 1.2139934890686988e-10
Color loss:  1010.2392578125
(iteration 316):  100.0 correct
expl loss: 4.89663309899413e-10
output loss: 1.2411127681133394e-10
Color loss:  1011.6549682617188
(iteration 317):  100.0 correct
expl loss: 4.892428684399874e-10
output loss: 1.2695625106751152e-10
Color loss:  1013.0736083984375
(iteration 318):  100.0 correct
expl loss: 4.880222892467145e-10
output loss: 1.2962977913311136e-10
Color loss:  1014.49462890625
(iteration 319):  100.0 correct
expl loss: 4.878954462661511e-10
output loss: 1.3249640273826913e-10
Color loss:  1015.9197998046875
(iteration 320):  100.0 correct
expl loss: 4.872193759553056e-10
output loss: 1.3541265331262764e-10
Color loss:  1017.320068359375
(iteration 321):  100.0 correct
expl loss: 4.870029379766549e-10
output loss: 1.3837507528702275e-10
Color loss:  1018.7056884765625
(iteration 322):  100.0 correct
expl loss: 4.880549853147897e-10
output loss: 1.413604650002398e-10
Color loss:  1020.0889282226562
(iteration 323):  100.0 correct
expl loss: 4.884990190134886e-10
output loss: 1.4438879258893422e-10
Color loss:  1021.4742431640625
(iteration 324):  100.0 correct
expl loss: 4.873821346507157e-10
output loss: 1.4744393206367334e-10
Color loss:  1022.8607177734375
(iteration 325):  100.0 correct
expl loss: 4.867416469878094e-10
output loss: 1.5042159184908144e-10
Color loss:  1024.25048828125
(iteration 326):  100.0 correct
expl loss: 4.866683722681842e-10
output loss: 1.5340212433656575e-10
Color loss:  1025.642578125
(iteration 327):  100.0 correct
expl loss: 4.850166379632981e-10
output loss: 1.5637761918707582e-10
Color loss:  1027.0390625
(iteration 328):  100.0 correct
expl loss: 4.866341218878745e-10
output loss: 1.5933532271361628e-10
Color loss:  1028.42822265625
(iteration 329):  100.0 correct
expl loss: 4.86051199288795e-10
output loss: 1.6219467435796275e-10
Color loss:  1029.8184814453125
(iteration 330):  100.0 correct
expl loss: 4.863842106850313e-10
output loss: 1.6514178913240585e-10
Color loss:  1031.211181640625
(iteration 331):  100.0 correct
expl loss: 4.861079316853534e-10
output loss: 1.6823992199377358e-10
Color loss:  1032.6036376953125
(iteration 332):  100.0 correct
expl loss: 4.863900393559106e-10
output loss: 1.7130000196097228e-10
Color loss:  1033.99560546875
(iteration 333):  100.0 correct
expl loss: 4.841353429263506e-10
output loss: 1.7430031029608273e-10
Color loss:  1035.3870849609375
(iteration 334):  100.0 correct
expl loss: 4.83901863024272e-10
output loss: 1.772743896122364e-10
Color loss:  1036.780517578125
(iteration 335):  100.0 correct
expl loss: 4.838935363515873e-10
output loss: 1.8017630443178945e-10
Color loss:  1038.1668701171875
(iteration 336):  100.0 correct
expl loss: 4.829674993267474e-10
output loss: 1.8290732817227706e-10
Color loss:  1039.5462646484375
(iteration 337):  100.0 correct
expl loss: 4.82360096309975e-10
output loss: 1.8537089918613248e-10
Color loss:  1040.922119140625
(iteration 338):  100.0 correct
expl loss: 4.841664291710401e-10
output loss: 1.8779548749403574e-10
Color loss:  1042.2982177734375
(iteration 339):  100.0 correct
expl loss: 4.829487920687825e-10
output loss: 1.902735469183625e-10
Color loss:  1043.6722412109375
(iteration 340):  100.0 correct
expl loss: 4.814095233562909e-10
output loss: 1.9295684494657905e-10
Color loss:  1045.0399169921875
(iteration 341):  100.0 correct
expl loss: 4.82131334855751e-10
output loss: 1.9568018039262114e-10
Color loss:  1046.4044189453125
(iteration 342):  100.0 correct
expl loss: 4.82084760999868e-10
output loss: 1.9837546882950363e-10
Color loss:  1047.7689208984375
(iteration 343):  100.0 correct
expl loss: 4.809025955232471e-10
output loss: 2.0105977993623014e-10
Color loss:  1049.134765625
(iteration 344):  100.0 correct
expl loss: 4.807439446530282e-10
output loss: 2.0378755627437073e-10
Color loss:  1050.4979248046875
(iteration 345):  100.0 correct
expl loss: 4.806315900829361e-10
output loss: 2.0663620814431738e-10
Color loss:  1051.8619384765625
(iteration 346):  100.0 correct
expl loss: 4.805633668780729e-10
output loss: 2.09560827024724e-10
Color loss:  1053.2249755859375
(iteration 347):  100.0 correct
expl loss: 4.808405895673218e-10
output loss: 2.1277826722787552e-10
Color loss:  1054.589111328125
(iteration 348):  100.0 correct
expl loss: 4.808313747162174e-10
output loss: 2.1618801193667991e-10
Color loss:  1055.954833984375
(iteration 349):  100.0 correct
expl loss: 4.79565775979296e-10
output loss: 2.1948419470785296e-10
Color loss:  1057.322998046875
(iteration 350):  100.0 correct
expl loss: 4.791141927640297e-10
output loss: 2.227704271051678e-10
Color loss:  1058.6898193359375
(iteration 351):  100.0 correct
expl loss: 4.792756191918102e-10
output loss: 2.2609979166698935e-10
Color loss:  1060.0552978515625
(iteration 352):  100.0 correct
expl loss: 4.787223395474882e-10
output loss: 2.2939321275838864e-10
Color loss:  1061.419677734375
(iteration 353):  100.0 correct
expl loss: 4.783489715443068e-10
output loss: 2.3248203362413733e-10
Color loss:  1062.7862548828125
(iteration 354):  100.0 correct
expl loss: 4.774875494995001e-10
output loss: 2.357924411278134e-10
Color loss:  1064.157470703125
(iteration 355):  100.0 correct
expl loss: 4.781427476174827e-10
output loss: 2.390850295519442e-10
Color loss:  1065.531982421875
(iteration 356):  100.0 correct
expl loss: 4.775723150274302e-10
output loss: 2.423572731391488e-10
Color loss:  1066.908447265625
(iteration 357):  100.0 correct
expl loss: 4.781182671997897e-10
output loss: 2.458192538412618e-10
Color loss:  1068.2886962890625
(iteration 358):  100.0 correct
expl loss: 4.775484452324008e-10
output loss: 2.4930779662923896e-10
Color loss:  1069.67236328125
(iteration 359):  100.0 correct
expl loss: 4.770361883288388e-10
output loss: 2.5265628478265967e-10
Color loss:  1071.0625
(iteration 360):  100.0 correct
expl loss: 4.774409201324659e-10
output loss: 2.559350509301339e-10
Color loss:  1072.4598388671875
(iteration 361):  100.0 correct
expl loss: 4.768246908426477e-10
output loss: 2.5916760404420813e-10
Color loss:  1073.859375
(iteration 362):  100.0 correct
expl loss: 4.774327599932349e-10
output loss: 2.625996642358075e-10
Color loss:  1075.2564697265625
(iteration 363):  100.0 correct
expl loss: 4.764720284988755e-10
output loss: 2.661731668407441e-10
Color loss:  1076.6573486328125
(iteration 364):  100.0 correct
expl loss: 4.758310967467594e-10
output loss: 2.698044010429612e-10
Color loss:  1078.06103515625
(iteration 365):  100.0 correct
expl loss: 4.768024863821552e-10
output loss: 2.734579507279733e-10
Color loss:  1079.461181640625
(iteration 366):  100.0 correct
expl loss: 4.768039296720872e-10
output loss: 2.7717375616909123e-10
Color loss:  1080.8643798828125
(iteration 367):  100.0 correct
expl loss: 4.761627758753662e-10
output loss: 2.8108187999364986e-10
Color loss:  1082.2708740234375
(iteration 368):  100.0 correct
expl loss: 4.754959759267763e-10
output loss: 2.8499597126696585e-10
Color loss:  1083.689208984375
(iteration 369):  100.0 correct
expl loss: 4.754457938460632e-10
output loss: 2.888562167235875e-10
Color loss:  1085.114013671875
(iteration 370):  100.0 correct
expl loss: 4.748670345833261e-10
output loss: 2.9281313485007843e-10
Color loss:  1086.5340576171875
(iteration 371):  100.0 correct
expl loss: 4.742971015936348e-10
output loss: 2.9686070268653e-10
Color loss:  1087.9522705078125
(iteration 372):  100.0 correct
expl loss: 4.746278370326706e-10
output loss: 3.013349847424962e-10
Color loss:  1089.3751220703125
(iteration 373):  100.0 correct
expl loss: 4.755896232389034e-10
output loss: 3.0573915621445735e-10
Color loss:  1090.80029296875
(iteration 374):  100.0 correct
expl loss: 4.758074489963349e-10
output loss: 3.103471646337397e-10
Color loss:  1092.2286376953125
(iteration 375):  100.0 correct
expl loss: 4.751791182755483e-10
output loss: 3.148494520655021e-10
Color loss:  1093.65771484375
(iteration 376):  100.0 correct
expl loss: 4.757540472688504e-10
output loss: 3.195168019054506e-10
Color loss:  1095.0794677734375
(iteration 377):  100.0 correct
expl loss: 4.751606330621883e-10
output loss: 3.240750168220785e-10
Color loss:  1096.496826171875
(iteration 378):  100.0 correct
expl loss: 4.737522041331488e-10
output loss: 3.2827882079367043e-10
Color loss:  1097.9093017578125
(iteration 379):  100.0 correct
expl loss: 4.740016712467821e-10
output loss: 3.3257427367594516e-10
Color loss:  1099.320556640625
(iteration 380):  100.0 correct
expl loss: 4.73307226744879e-10
output loss: 3.366857070918883e-10
Color loss:  1100.7354736328125
(iteration 381):  100.0 correct
expl loss: 4.726236069174661e-10
output loss: 3.4094913003990257e-10
Color loss:  1102.1529541015625
(iteration 382):  100.0 correct
expl loss: 4.725643210079511e-10
output loss: 3.4542899096656754e-10
Color loss:  1103.565185546875
(iteration 383):  100.0 correct
expl loss: 4.730625335902516e-10
output loss: 3.499596445966091e-10
Color loss:  1104.9732666015625
(iteration 384):  100.0 correct
expl loss: 4.727043756425076e-10
output loss: 3.543651483361998e-10
Color loss:  1106.373779296875
(iteration 385):  100.0 correct
expl loss: 4.727206404098183e-10
output loss: 3.59088342394287e-10
Color loss:  1107.766845703125
(iteration 386):  100.0 correct
expl loss: 4.718754831323224e-10
output loss: 3.635098055898567e-10
Color loss:  1109.1595458984375
(iteration 387):  100.0 correct
expl loss: 4.718500590250585e-10
output loss: 3.679976046111477e-10
Color loss:  1110.551025390625
(iteration 388):  100.0 correct
expl loss: 4.732658154260605e-10
output loss: 3.726884356680671e-10
Color loss:  1111.9449462890625
(iteration 389):  100.0 correct
expl loss: 4.719616364390333e-10
output loss: 3.777402279858677e-10
Color loss:  1113.333984375
(iteration 390):  100.0 correct
expl loss: 4.699695632659484e-10
output loss: 3.8231715016046053e-10
Color loss:  1114.725830078125
(iteration 391):  100.0 correct
expl loss: 4.697717770341114e-10
output loss: 3.86860016243773e-10
Color loss:  1116.1163330078125
(iteration 392):  100.0 correct
expl loss: 4.700873579288611e-10
output loss: 3.9147468600120305e-10
Color loss:  1117.50537109375
(iteration 393):  100.0 correct
expl loss: 4.690350330349702e-10
output loss: 3.96190746876357e-10
Color loss:  1118.894775390625
(iteration 394):  100.0 correct
expl loss: 4.691724231342675e-10
output loss: 4.0087849706438305e-10
Color loss:  1120.2872314453125
(iteration 395):  100.0 correct
expl loss: 4.692348731794027e-10
output loss: 4.055037416961227e-10
Color loss:  1121.6824951171875
(iteration 396):  100.0 correct
expl loss: 4.705000278271143e-10
output loss: 4.1014983076514966e-10
Color loss:  1123.076904296875
(iteration 397):  100.0 correct
expl loss: 4.699091116222576e-10
output loss: 4.144341259060269e-10
Color loss:  1124.4720458984375
(iteration 398):  100.0 correct
expl loss: 4.698620936771647e-10
output loss: 4.1793346561291855e-10
Color loss:  1125.8695068359375
(iteration 399):  100.0 correct
expl loss: 4.696228961265092e-10
output loss: 4.212061810449086e-10
Color loss:  1127.25634765625
(iteration 400):  100.0 correct
expl loss: 4.683223808754633e-10
output loss: 4.246527574025549e-10
Color loss:  1128.638916015625
(iteration 401):  100.0 correct
expl loss: 4.683038956621033e-10
output loss: 4.2834760738408306e-10
Color loss:  1130.005126953125
(iteration 402):  100.0 correct
expl loss: 4.683519683190696e-10
output loss: 4.326067004623013e-10
Color loss:  1131.3685302734375
(iteration 403):  100.0 correct
expl loss: 4.675223541639184e-10
output loss: 4.372114059680854e-10
Color loss:  1132.726318359375
(iteration 404):  100.0 correct
expl loss: 4.669955533387338e-10
output loss: 4.420527000004171e-10
Color loss:  1134.0855712890625
(iteration 405):  100.0 correct
expl loss: 4.672360831570188e-10
output loss: 4.4675327326437753e-10
Color loss:  1135.449462890625
(iteration 406):  100.0 correct
expl loss: 4.667841668748451e-10
output loss: 4.511603313162027e-10
Color loss:  1136.8173828125
(iteration 407):  100.0 correct
expl loss: 4.666540487363591e-10
output loss: 4.550779753031975e-10
Color loss:  1138.1837158203125
(iteration 408):  100.0 correct
expl loss: 4.668504471894153e-10
output loss: 4.588747160028106e-10
Color loss:  1139.5450439453125
(iteration 409):  100.0 correct
expl loss: 4.667854991424747e-10
output loss: 4.6254594598948984e-10
Color loss:  1140.905517578125
(iteration 410):  100.0 correct
expl loss: 4.674590159403635e-10
output loss: 4.666928510310697e-10
Color loss:  1142.26220703125
(iteration 411):  100.0 correct
expl loss: 4.670670517015196e-10
output loss: 4.714672541261677e-10
Color loss:  1143.6142578125
(iteration 412):  100.0 correct
expl loss: 4.6548914722777113e-10
output loss: 4.765315919641466e-10
Color loss:  1144.963623046875
(iteration 413):  100.0 correct
expl loss: 4.6512496632011846e-10
output loss: 4.816532728213474e-10
Color loss:  1146.312744140625
(iteration 414):  100.0 correct
expl loss: 4.644113149598894e-10
output loss: 4.871990033628038e-10
Color loss:  1147.664306640625
(iteration 415):  100.0 correct
expl loss: 4.6482620530419183e-10
output loss: 4.926608565547497e-10
Color loss:  1149.0155029296875
(iteration 416):  100.0 correct
expl loss: 4.659557184538698e-10
output loss: 4.979985313013913e-10
Color loss:  1150.3660888671875
(iteration 417):  100.0 correct
expl loss: 4.664255648378912e-10
output loss: 5.031457472881584e-10
Color loss:  1151.7178955078125
(iteration 418):  100.0 correct
expl loss: 4.665699493422437e-10
output loss: 5.079372478178357e-10
Color loss:  1153.067138671875
(iteration 419):  100.0 correct
expl loss: 4.650939355865802e-10
output loss: 5.134530578487784e-10
Color loss:  1154.4146728515625
(iteration 420):  100.0 correct
expl loss: 4.6368628381365795e-10
output loss: 5.198771968473181e-10
Color loss:  1155.7625732421875
(iteration 421):  100.0 correct
expl loss: 4.6401124609296573e-10
output loss: 5.268930292068319e-10
Color loss:  1157.1119384765625
(iteration 422):  100.0 correct
expl loss: 4.641868001087346e-10
output loss: 5.33910138322824e-10
Color loss:  1158.4639892578125
(iteration 423):  100.0 correct
expl loss: 4.6394590946796654e-10
output loss: 5.405949576875457e-10
Color loss:  1159.8187255859375
(iteration 424):  100.0 correct
expl loss: 4.638085748798204e-10
output loss: 5.470378039440504e-10
Color loss:  1161.1737060546875
(iteration 425):  100.0 correct
expl loss: 4.6356091187860216e-10
output loss: 5.532274638397894e-10
Color loss:  1162.52197265625
(iteration 426):  100.0 correct
expl loss: 4.621613924893353e-10
output loss: 5.592472596127607e-10
Color loss:  1163.867919921875
(iteration 427):  100.0 correct
expl loss: 4.633367023387791e-10
output loss: 5.655208523691613e-10
Color loss:  1165.215576171875
(iteration 428):  100.0 correct
expl loss: 4.6332918057778727e-10
output loss: 5.718669426890699e-10
Color loss:  1166.562744140625
(iteration 429):  100.0 correct
expl loss: 4.635551664744497e-10
output loss: 5.781614076383335e-10
Color loss:  1167.91748046875
(iteration 430):  100.0 correct
expl loss: 4.632688954675501e-10
output loss: 5.843008299422081e-10
Color loss:  1169.2742919921875
(iteration 431):  100.0 correct
expl loss: 4.630558991802758e-10
output loss: 5.90216597817772e-10
Color loss:  1170.62890625
(iteration 432):  100.0 correct
expl loss: 4.624311489287436e-10
output loss: 5.956284354624586e-10
Color loss:  1171.9857177734375
(iteration 433):  100.0 correct
expl loss: 4.622798810416384e-10
output loss: 6.013144981942276e-10
Color loss:  1173.3380126953125
(iteration 434):  100.0 correct
expl loss: 4.608976811315557e-10
output loss: 6.073214708912644e-10
Color loss:  1174.6805419921875
(iteration 435):  100.0 correct
expl loss: 4.604620018611172e-10
output loss: 6.134231456123018e-10
Color loss:  1176.02490234375
(iteration 436):  100.0 correct
expl loss: 4.6055978475401105e-10
output loss: 6.197539703656219e-10
Color loss:  1177.367431640625
(iteration 437):  100.0 correct
expl loss: 4.593934954666423e-10
output loss: 6.255558848700105e-10
Color loss:  1178.7022705078125
(iteration 438):  100.0 correct
expl loss: 4.609313764003531e-10
output loss: 6.308811251187763e-10
Color loss:  1180.0323486328125
(iteration 439):  100.0 correct
expl loss: 4.620248350573064e-10
output loss: 6.358647497428649e-10
Color loss:  1181.36376953125
(iteration 440):  100.0 correct
expl loss: 4.6095791073064163e-10
output loss: 6.404036745344399e-10
Color loss:  1182.6920166015625
(iteration 441):  100.0 correct
expl loss: 4.611544757171515e-10
output loss: 6.444329514465608e-10
Color loss:  1184.02099609375
(iteration 442):  100.0 correct
expl loss: 4.610657966530596e-10
output loss: 6.482005487917775e-10
Color loss:  1185.3499755859375
(iteration 443):  100.0 correct
expl loss: 4.599517711145751e-10
output loss: 6.506528649197207e-10
Color loss:  1186.6815185546875
(iteration 444):  100.0 correct
expl loss: 4.5955250715934426e-10
output loss: 6.524913387373488e-10
Color loss:  1188.010009765625
(iteration 445):  100.0 correct
expl loss: 4.604229775218016e-10
output loss: 6.547445918769768e-10
Color loss:  1189.3353271484375
(iteration 446):  100.0 correct
expl loss: 4.5814985139003284e-10
output loss: 6.563534715731123e-10
Color loss:  1190.65673828125
(iteration 447):  100.0 correct
expl loss: 4.5777054369366965e-10
output loss: 6.574197297659623e-10
Color loss:  1191.9752197265625
(iteration 448):  100.0 correct
expl loss: 4.5767839518262576e-10
output loss: 6.582183131875752e-10
Color loss:  1193.294189453125
(iteration 449):  100.0 correct
expl loss: 4.575786138882876e-10
output loss: 6.590346046664308e-10
Color loss:  1194.614013671875
(iteration 450):  100.0 correct
expl loss: 4.5792519776099994e-10
output loss: 6.593529056075909e-10
Color loss:  1195.9376220703125
(iteration 451):  100.0 correct
expl loss: 4.584286006359406e-10
output loss: 6.594041424001773e-10
Color loss:  1197.267822265625
(iteration 452):  100.0 correct
expl loss: 4.5796838543665785e-10
output loss: 6.594161883199945e-10
Color loss:  1198.600341796875
(iteration 453):  100.0 correct
expl loss: 4.5780285118368624e-10
output loss: 6.594282897509629e-10
Color loss:  1199.9293212890625
(iteration 454):  100.0 correct
expl loss: 4.5905113044142354e-10
output loss: 6.599845669974513e-10
Color loss:  1201.256591796875
(iteration 455):  100.0 correct
expl loss: 4.571014955434549e-10
output loss: 6.607536184866092e-10
Color loss:  1202.5899658203125
(iteration 456):  100.0 correct
expl loss: 4.566015343598906e-10
output loss: 6.621213577417961e-10
Color loss:  1203.916259765625
(iteration 457):  100.0 correct
expl loss: 4.5617865040981087e-10
output loss: 6.642806305023896e-10
Color loss:  1205.239501953125
(iteration 458):  100.0 correct
expl loss: 4.567428657509254e-10
output loss: 6.665587526377692e-10
Color loss:  1206.564697265625
(iteration 459):  100.0 correct
expl loss: 4.5636489032219174e-10
output loss: 6.686394771193704e-10
Color loss:  1207.896484375
(iteration 460):  100.0 correct
expl loss: 4.5481202137764853e-10
output loss: 6.703730903723226e-10
Color loss:  1209.2271728515625
(iteration 461):  100.0 correct
expl loss: 4.5575646034912154e-10
output loss: 6.728035351066808e-10
Color loss:  1210.555908203125
(iteration 462):  100.0 correct
expl loss: 4.569451761415877e-10
output loss: 6.747907788096086e-10
Color loss:  1211.8814697265625
(iteration 463):  100.0 correct
expl loss: 4.556514054954164e-10
output loss: 6.768978155768934e-10
Color loss:  1213.203125
(iteration 464):  100.0 correct
expl loss: 4.562488720161184e-10
output loss: 6.788602457952209e-10
Color loss:  1214.53173828125
(iteration 465):  100.0 correct
expl loss: 4.558519395292393e-10
output loss: 6.804852237252135e-10
Color loss:  1215.857421875
(iteration 466):  100.0 correct
expl loss: 4.5606673992892865e-10
output loss: 6.821613274254901e-10
Color loss:  1217.1822509765625
(iteration 467):  100.0 correct
expl loss: 4.5579981455823315e-10
output loss: 6.841123778578151e-10
Color loss:  1218.506591796875
(iteration 468):  100.0 correct
expl loss: 4.5643575030673844e-10
output loss: 6.862702073284765e-10
Color loss:  1219.8314208984375
(iteration 469):  100.0 correct
expl loss: 4.5663753334146406e-10
output loss: 6.880295777556e-10
Color loss:  1221.156982421875
(iteration 470):  100.0 correct
expl loss: 4.555633092984124e-10
output loss: 6.893962067877624e-10
Color loss:  1222.487548828125
(iteration 471):  100.0 correct
expl loss: 4.559405908377556e-10
output loss: 6.907108773823722e-10
Color loss:  1223.8240966796875
(iteration 472):  100.0 correct
expl loss: 4.5527256964383866e-10
output loss: 6.91900703397863e-10
Color loss:  1225.15283203125
(iteration 473):  100.0 correct
expl loss: 4.5557743688640073e-10
output loss: 6.929327667215546e-10
Color loss:  1226.48291015625
(iteration 474):  100.0 correct
expl loss: 4.547674181676342e-10
output loss: 6.943720043395274e-10
Color loss:  1227.811767578125
(iteration 475):  100.0 correct
expl loss: 4.552509480504341e-10
output loss: 6.966311416611859e-10
Color loss:  1229.12890625
(iteration 476):  100.0 correct
expl loss: 4.551430066168649e-10
output loss: 6.994354539990866e-10
Color loss:  1230.4349365234375
(iteration 477):  100.0 correct
expl loss: 4.5550538341210256e-10
output loss: 7.028121418173328e-10
Color loss:  1231.729248046875
(iteration 478):  100.0 correct
expl loss: 4.549120802277429e-10
output loss: 7.061408680009151e-10
Color loss:  1233.0196533203125
(iteration 479):  100.0 correct
expl loss: 4.522114904759178e-10
output loss: 7.094824172604319e-10
Color loss:  1234.306640625
(iteration 480):  100.0 correct
expl loss: 4.521072682894811e-10
output loss: 7.12304104588668e-10
Color loss:  1235.5787353515625
(iteration 481):  100.0 correct
expl loss: 4.5217271593678277e-10
output loss: 7.151647607450684e-10
Color loss:  1236.8428955078125
(iteration 482):  100.0 correct
expl loss: 4.5190329256428186e-10
output loss: 7.186486961074934e-10
Color loss:  1238.104248046875
(iteration 483):  100.0 correct
expl loss: 4.508395878843885e-10
output loss: 7.225081088968466e-10
Color loss:  1239.35986328125
(iteration 484):  100.0 correct
expl loss: 4.5025844164214845e-10
output loss: 7.269138069254666e-10
Color loss:  1240.6162109375
(iteration 485):  100.0 correct
expl loss: 4.5123269010183265e-10
output loss: 7.317729755484947e-10
Color loss:  1241.8704833984375
(iteration 486):  100.0 correct
expl loss: 4.516909901663979e-10
output loss: 7.363173404328904e-10
Color loss:  1243.1241455078125
(iteration 487):  100.0 correct
expl loss: 4.5406581272722235e-10
output loss: 7.400186019523858e-10
Color loss:  1244.375732421875
(iteration 488):  100.0 correct
expl loss: 4.534174979919925e-10
output loss: 7.429388215740573e-10
Color loss:  1245.619873046875
(iteration 489):  100.0 correct
expl loss: 4.532439701332436e-10
output loss: 7.447884531330828e-10
Color loss:  1246.8680419921875
(iteration 490):  100.0 correct
expl loss: 4.531562625142982e-10
output loss: 7.462835349691943e-10
Color loss:  1248.107421875
(iteration 491):  100.0 correct
expl loss: 4.5225351241739986e-10
output loss: 7.473323071494065e-10
Color loss:  1249.3333740234375
(iteration 492):  100.0 correct
expl loss: 4.5163900397326984e-10
output loss: 7.48903494773856e-10
Color loss:  1250.556884765625
(iteration 493):  100.0 correct
expl loss: 4.509701501120844e-10
output loss: 7.509725619136987e-10
Color loss:  1251.779296875
(iteration 494):  100.0 correct
expl loss: 4.5061948616975656e-10
output loss: 7.53325513080938e-10
Color loss:  1252.9984130859375
(iteration 495):  100.0 correct
expl loss: 4.505938122623121e-10
output loss: 7.549974534448722e-10
Color loss:  1254.215576171875
(iteration 496):  100.0 correct
expl loss: 4.504919215442271e-10
output loss: 7.564282533678579e-10
Color loss:  1255.424072265625
(iteration 497):  100.0 correct
expl loss: 4.5203288334683123e-10
output loss: 7.579538108259953e-10
Color loss:  1256.6334228515625
(iteration 498):  100.0 correct
expl loss: 4.518578844425747e-10
output loss: 7.590850170657859e-10
Color loss:  1257.838134765625
(iteration 499):  100.0 correct
Final MSE:  4.5112866220442527e-10
attack type: [1, 0, 1]
tensor([1010.6920], device='cuda:0', grad_fn=<AddBackward0>)
tensor([8.3558], device='cuda:0', grad_fn=<PowBackward0>)
Setting up [LPIPS] perceptual loss: trunk [vgg], v[0.1], spatial [off]
Loading model from: /home/ubuntu/PerceptualSimilarity/lpips/weights/v0.1/vgg.pth
LPIPS:  0.3697608411312103
