False
sigma:  0.9447309494018555
attack:  [[Threat] ParameterizedXformAdv: {'lp_style': 'inf', 'lp_bound': 0.05, 'xform_class': <class 'mister_ed.spatial_transformers.FullSpatial'>, 'use_stadv': True}, [Threat] DeltaAddition: {'lp_style': 'inf', 'lp_bound': 0.03}]
Setting up [LPIPS] perceptual loss: trunk [vgg], v[0.1], spatial [off]
Loading model from: /home/ubuntu/PerceptualSimilarity/lpips/weights/v0.1/vgg.pth
(START):  100.0 correct
expl loss: 2.6986082257707267e-09
output loss: 1.4374460288670988e-27
Color loss:  0.005852062720805407
(iteration 00):  100.0 correct
expl loss: 2.282413147369766e-09
output loss: 3.8449865364623825e-18
Color loss:  37.71014404296875
(iteration 01):  100.0 correct
expl loss: 1.9615185031796045e-09
output loss: 4.0380978888813584e-17
Color loss:  65.9957275390625
(iteration 02):  100.0 correct
expl loss: 1.8084351793845599e-09
output loss: 1.1481587186569205e-16
Color loss:  92.42670440673828
(iteration 03):  100.0 correct
expl loss: 1.7185954881426824e-09
output loss: 3.4597992466843877e-16
Color loss:  116.62525939941406
(iteration 04):  100.0 correct
expl loss: 1.6415172554573587e-09
output loss: 3.564531958936626e-16
Color loss:  138.8059539794922
(iteration 05):  100.0 correct
expl loss: 1.5840441180969833e-09
output loss: 3.402148331409688e-16
Color loss:  159.26956176757812
(iteration 06):  100.0 correct
expl loss: 1.534061433439149e-09
output loss: 3.566547103257703e-16
Color loss:  178.29119873046875
(iteration 07):  100.0 correct
expl loss: 1.4853315244423015e-09
output loss: 3.8519593546975717e-16
Color loss:  196.0503692626953
(iteration 08):  100.0 correct
expl loss: 1.4430414640997924e-09
output loss: 5.588370808519579e-16
Color loss:  212.79058837890625
(iteration 09):  100.0 correct
expl loss: 1.3986825031508943e-09
output loss: 6.4974430958087445e-16
Color loss:  228.76046752929688
(iteration 10):  100.0 correct
expl loss: 1.3642327267859855e-09
output loss: 1.179022216974703e-15
Color loss:  244.08151245117188
(iteration 11):  100.0 correct
expl loss: 1.3323702141576632e-09
output loss: 1.834793430673088e-15
Color loss:  258.8092041015625
(iteration 12):  100.0 correct
expl loss: 1.30188004821008e-09
output loss: 2.5596442046265603e-15
Color loss:  273.0088806152344
(iteration 13):  100.0 correct
expl loss: 1.270302529832179e-09
output loss: 2.9922069901303864e-15
Color loss:  286.67510986328125
(iteration 14):  100.0 correct
expl loss: 1.2449066222330885e-09
output loss: 3.356987022821371e-15
Color loss:  299.8183288574219
(iteration 15):  100.0 correct
expl loss: 1.2177726604889472e-09
output loss: 3.6870912207176594e-15
Color loss:  312.4564514160156
(iteration 16):  100.0 correct
expl loss: 1.1909474517679541e-09
output loss: 4.082174492371377e-15
Color loss:  324.6112365722656
(iteration 17):  100.0 correct
expl loss: 1.165987306706029e-09
output loss: 5.579888408827538e-15
Color loss:  336.25384521484375
(iteration 18):  100.0 correct
expl loss: 1.1429296398191013e-09
output loss: 8.155421257478694e-15
Color loss:  347.39971923828125
(iteration 19):  100.0 correct
expl loss: 1.1209564387826276e-09
output loss: 1.2174171616825564e-14
Color loss:  358.0354919433594
(iteration 20):  100.0 correct
expl loss: 1.1000175215158947e-09
output loss: 2.010290737586122e-14
Color loss:  368.17852783203125
(iteration 21):  100.0 correct
expl loss: 1.0792430282791088e-09
output loss: 2.88871066010752e-14
Color loss:  376.97698974609375
(iteration 22):  100.0 correct
expl loss: 1.0639721326199947e-09
output loss: 3.947051222647456e-14
Color loss:  383.2533874511719
(iteration 23):  100.0 correct
expl loss: 1.046284392458574e-09
output loss: 4.835019916989841e-14
Color loss:  387.9848327636719
(iteration 24):  100.0 correct
expl loss: 1.0289644691852118e-09
output loss: 5.967646624256695e-14
Color loss:  391.83349609375
(iteration 25):  100.0 correct
expl loss: 1.015660777703431e-09
output loss: 7.026915534906822e-14
Color loss:  395.2539978027344
(iteration 26):  100.0 correct
expl loss: 1.0016035778548371e-09
output loss: 7.951587522106451e-14
Color loss:  398.382080078125
(iteration 27):  100.0 correct
expl loss: 9.890114283095386e-10
output loss: 8.242608391618653e-14
Color loss:  401.2914733886719
(iteration 28):  100.0 correct
expl loss: 9.75141301040594e-10
output loss: 8.493653371778598e-14
Color loss:  404.1138916015625
(iteration 29):  100.0 correct
expl loss: 9.62131818660339e-10
output loss: 8.529604838191859e-14
Color loss:  406.85382080078125
(iteration 30):  100.0 correct
expl loss: 9.510828791192694e-10
output loss: 8.58456304631515e-14
Color loss:  409.4269714355469
(iteration 31):  100.0 correct
expl loss: 9.366857289805353e-10
output loss: 8.611444483929212e-14
Color loss:  411.9439697265625
(iteration 32):  100.0 correct
expl loss: 9.246465260126513e-10
output loss: 8.613106701384904e-14
Color loss:  414.4341735839844
(iteration 33):  100.0 correct
expl loss: 9.136691958566701e-10
output loss: 8.163718453416818e-14
Color loss:  416.8971862792969
(iteration 34):  100.0 correct
expl loss: 9.010438506429352e-10
output loss: 7.731801445831979e-14
Color loss:  419.3038024902344
(iteration 35):  100.0 correct
expl loss: 8.905796100577845e-10
output loss: 7.74669228504471e-14
Color loss:  421.7125549316406
(iteration 36):  100.0 correct
expl loss: 8.779434956807108e-10
output loss: 7.779530735970222e-14
Color loss:  424.1651306152344
(iteration 37):  100.0 correct
expl loss: 8.68065175296806e-10
output loss: 7.382902476220712e-14
Color loss:  426.65472412109375
(iteration 38):  100.0 correct
expl loss: 8.594385203508637e-10
output loss: 7.110223596961535e-14
Color loss:  429.1149597167969
(iteration 39):  100.0 correct
expl loss: 8.473102774964048e-10
output loss: 6.460849514893993e-14
Color loss:  431.4526062011719
(iteration 40):  100.0 correct
expl loss: 8.392698758186157e-10
output loss: 5.843000643870541e-14
Color loss:  433.77838134765625
(iteration 41):  100.0 correct
expl loss: 8.303386311858674e-10
output loss: 5.281503180762023e-14
Color loss:  436.0940856933594
(iteration 42):  100.0 correct
expl loss: 8.233732584628228e-10
output loss: 4.914046396902773e-14
Color loss:  438.31109619140625
(iteration 43):  100.0 correct
expl loss: 8.145906726930718e-10
output loss: 4.4029795814078815e-14
Color loss:  440.3829040527344
(iteration 44):  100.0 correct
expl loss: 8.046927013616312e-10
output loss: 4.062306318153991e-14
Color loss:  442.4309387207031
(iteration 45):  100.0 correct
expl loss: 7.973244842141014e-10
output loss: 3.873765254424656e-14
Color loss:  444.4761047363281
(iteration 46):  100.0 correct
expl loss: 7.894892517512631e-10
output loss: 3.577024202013057e-14
Color loss:  446.5209045410156
(iteration 47):  100.0 correct
expl loss: 7.823501846360159e-10
output loss: 3.4217749212426055e-14
Color loss:  448.5254211425781
(iteration 48):  100.0 correct
expl loss: 7.729165640846247e-10
output loss: 3.284279112233425e-14
Color loss:  450.49627685546875
(iteration 49):  100.0 correct
expl loss: 7.642763089066307e-10
output loss: 3.2775445226763955e-14
Color loss:  452.471435546875
(iteration 50):  100.0 correct
expl loss: 7.558737524782089e-10
output loss: 3.2711429864742264e-14
Color loss:  454.4855041503906
(iteration 51):  100.0 correct
expl loss: 7.45679518132647e-10
output loss: 3.3861561693710254e-14
Color loss:  456.5517883300781
(iteration 52):  100.0 correct
expl loss: 7.392511602866136e-10
output loss: 3.515409331363885e-14
Color loss:  458.6097412109375
(iteration 53):  100.0 correct
expl loss: 7.329705176140067e-10
output loss: 3.515474044681055e-14
Color loss:  460.6672668457031
(iteration 54):  100.0 correct
expl loss: 7.285865799566693e-10
output loss: 3.36785178738086e-14
Color loss:  462.7470703125
(iteration 55):  100.0 correct
expl loss: 7.205477325911147e-10
output loss: 3.3489612585911946e-14
Color loss:  464.841796875
(iteration 56):  100.0 correct
expl loss: 7.138285518237808e-10
output loss: 3.3286866779657157e-14
Color loss:  466.9698486328125
(iteration 57):  100.0 correct
expl loss: 7.076257357852e-10
output loss: 3.442277861950664e-14
Color loss:  469.1090087890625
(iteration 58):  100.0 correct
expl loss: 7.009648972378102e-10
output loss: 3.449990605155183e-14
Color loss:  471.3299560546875
(iteration 59):  100.0 correct
expl loss: 6.943350894239586e-10
output loss: 3.747969003296131e-14
Color loss:  473.6001892089844
(iteration 60):  100.0 correct
expl loss: 6.899378290903257e-10
output loss: 3.9147752015989204e-14
Color loss:  475.88787841796875
(iteration 61):  100.0 correct
expl loss: 6.84283740781666e-10
output loss: 3.9250307377110966e-14
Color loss:  478.0772399902344
(iteration 62):  100.0 correct
expl loss: 6.781090688967595e-10
output loss: 3.917682896300255e-14
Color loss:  480.3281555175781
(iteration 63):  100.0 correct
expl loss: 6.714930278484132e-10
output loss: 3.619303004542308e-14
Color loss:  482.6102600097656
(iteration 64):  100.0 correct
expl loss: 6.654829465269074e-10
output loss: 3.44889013995011e-14
Color loss:  484.9072265625
(iteration 65):  100.0 correct
expl loss: 6.609530145418319e-10
output loss: 3.1519620626637573e-14
Color loss:  487.2467346191406
(iteration 66):  100.0 correct
expl loss: 6.564379595452863e-10
output loss: 2.87126212020726e-14
Color loss:  489.6313781738281
(iteration 67):  100.0 correct
expl loss: 6.502648974837655e-10
output loss: 2.495314847491322e-14
Color loss:  492.03271484375
(iteration 68):  100.0 correct
expl loss: 6.46373732315908e-10
output loss: 2.264123980801839e-14
Color loss:  494.3612365722656
(iteration 69):  100.0 correct
expl loss: 6.410400543721551e-10
output loss: 2.253015990731546e-14
Color loss:  496.63739013671875
(iteration 70):  100.0 correct
expl loss: 6.369555993757103e-10
output loss: 2.1468927574293598e-14
Color loss:  498.80029296875
(iteration 71):  100.0 correct
expl loss: 6.350134862387335e-10
output loss: 2.0452898001534908e-14
Color loss:  500.8299865722656
(iteration 72):  100.0 correct
expl loss: 6.319510470476075e-10
output loss: 2.1523036038964202e-14
Color loss:  502.74267578125
(iteration 73):  100.0 correct
expl loss: 6.263119467497802e-10
output loss: 2.075313052375509e-14
Color loss:  504.55645751953125
(iteration 74):  100.0 correct
expl loss: 6.238554672854946e-10
output loss: 2.200804202236433e-14
Color loss:  506.2867126464844
(iteration 75):  100.0 correct
expl loss: 6.181680167749448e-10
output loss: 2.2266309144245745e-14
Color loss:  507.8353576660156
(iteration 76):  100.0 correct
expl loss: 6.135627561576484e-10
output loss: 2.246956825246657e-14
Color loss:  509.2725830078125
(iteration 77):  100.0 correct
expl loss: 6.094140747592292e-10
output loss: 2.2611851152880454e-14
Color loss:  510.7135314941406
(iteration 78):  100.0 correct
expl loss: 6.071574354393761e-10
output loss: 2.2650995933504864e-14
Color loss:  512.2265014648438
(iteration 79):  100.0 correct
expl loss: 6.03294691980949e-10
output loss: 2.2730498445934152e-14
Color loss:  513.785400390625
(iteration 80):  100.0 correct
expl loss: 5.988963769354427e-10
output loss: 2.282397022572956e-14
Color loss:  515.3983154296875
(iteration 81):  100.0 correct
expl loss: 5.94477300719376e-10
output loss: 2.2090742931202452e-14
Color loss:  517.0050659179688
(iteration 82):  100.0 correct
expl loss: 5.915804512923728e-10
output loss: 2.352515595792793e-14
Color loss:  518.5389404296875
(iteration 83):  100.0 correct
expl loss: 5.881524711703889e-10
output loss: 2.5082232907942988e-14
Color loss:  520.0554809570312
(iteration 84):  100.0 correct
expl loss: 5.848893036564107e-10
output loss: 2.7602477798544488e-14
Color loss:  521.549560546875
(iteration 85):  100.0 correct
expl loss: 5.808942771245995e-10
output loss: 2.6758006278922684e-14
Color loss:  523.0646362304688
(iteration 86):  100.0 correct
expl loss: 5.764518307138644e-10
output loss: 2.5740931467507083e-14
Color loss:  524.5166625976562
(iteration 87):  100.0 correct
expl loss: 5.72433711543141e-10
output loss: 2.4567031894039137e-14
Color loss:  525.9441528320312
(iteration 88):  100.0 correct
expl loss: 5.690310445061186e-10
output loss: 2.3407381108809903e-14
Color loss:  527.4161987304688
(iteration 89):  100.0 correct
expl loss: 5.641291322966424e-10
output loss: 2.3426247920677046e-14
Color loss:  528.9039916992188
(iteration 90):  100.0 correct
expl loss: 5.628446597683023e-10
output loss: 2.356031798963435e-14
Color loss:  530.406494140625
(iteration 91):  100.0 correct
expl loss: 5.61563961998246e-10
output loss: 2.4817214933471957e-14
Color loss:  531.9520263671875
(iteration 92):  100.0 correct
expl loss: 5.587665885542492e-10
output loss: 2.5044934659143592e-14
Color loss:  533.5719604492188
(iteration 93):  100.0 correct
expl loss: 5.588512985710281e-10
output loss: 2.6381374772991954e-14
Color loss:  535.2546997070312
(iteration 94):  100.0 correct
expl loss: 5.542913350531364e-10
output loss: 2.681518100286235e-14
Color loss:  536.9889526367188
(iteration 95):  100.0 correct
expl loss: 5.499011246357099e-10
output loss: 2.8307874978556608e-14
Color loss:  538.7412109375
(iteration 96):  100.0 correct
expl loss: 5.464834695878551e-10
output loss: 2.983584787650401e-14
Color loss:  540.4716796875
(iteration 97):  100.0 correct
expl loss: 5.449223849929297e-10
output loss: 3.139421231659889e-14
Color loss:  542.2442626953125
(iteration 98):  100.0 correct
expl loss: 5.418442361460052e-10
output loss: 3.1659126953050357e-14
Color loss:  544.011474609375
(iteration 99):  100.0 correct
expl loss: 5.390908830449348e-10
output loss: 3.3190308411801955e-14
Color loss:  545.8115844726562
(iteration 100):  100.0 correct
expl loss: 5.372767786226973e-10
output loss: 3.3617927913025605e-14
Color loss:  547.6563720703125
(iteration 101):  100.0 correct
expl loss: 5.318778750762476e-10
output loss: 3.5210820804182363e-14
Color loss:  549.2210693359375
(iteration 102):  100.0 correct
expl loss: 5.281431403325598e-10
output loss: 3.5590233966311877e-14
Color loss:  550.6488647460938
(iteration 103):  100.0 correct
expl loss: 5.26456656047003e-10
output loss: 3.609096935154252e-14
Color loss:  552.0358276367188
(iteration 104):  100.0 correct
expl loss: 5.247621226445176e-10
output loss: 3.761304690017703e-14
Color loss:  553.382568359375
(iteration 105):  100.0 correct
expl loss: 5.215141651859767e-10
output loss: 3.6753647271892814e-14
Color loss:  554.7012939453125
(iteration 106):  100.0 correct
expl loss: 5.182611562126738e-10
output loss: 3.708827949616689e-14
Color loss:  555.951416015625
(iteration 107):  100.0 correct
expl loss: 5.160502580814352e-10
output loss: 3.716919147142041e-14
Color loss:  557.1898803710938
(iteration 108):  100.0 correct
expl loss: 5.133924396716338e-10
output loss: 3.72983606077449e-14
Color loss:  558.4061279296875
(iteration 109):  100.0 correct
expl loss: 5.118084289712499e-10
output loss: 3.9041056357821263e-14
Color loss:  559.6094970703125
(iteration 110):  100.0 correct
expl loss: 5.111402412438792e-10
output loss: 4.089619403757974e-14
Color loss:  560.7879028320312
(iteration 111):  100.0 correct
expl loss: 5.08591668779701e-10
output loss: 4.2883038564372686e-14
Color loss:  562.02197265625
(iteration 112):  100.0 correct
expl loss: 5.046830175992056e-10
output loss: 4.505059587639644e-14
Color loss:  563.3383178710938
(iteration 113):  100.0 correct
expl loss: 5.002369629636405e-10
output loss: 4.738874223586542e-14
Color loss:  564.6962890625
(iteration 114):  100.0 correct
expl loss: 4.982293466682108e-10
output loss: 4.998060545622317e-14
Color loss:  566.0831298828125
(iteration 115):  100.0 correct
expl loss: 4.958833343948754e-10
output loss: 5.2516994794799335e-14
Color loss:  567.544189453125
(iteration 116):  100.0 correct
expl loss: 4.927824814870974e-10
output loss: 5.49060478343983e-14
Color loss:  569.0665893554688
(iteration 117):  100.0 correct
expl loss: 4.923167984394183e-10
output loss: 5.702986097689405e-14
Color loss:  570.5930786132812
(iteration 118):  100.0 correct
expl loss: 4.872451886406282e-10
output loss: 5.752017108060989e-14
Color loss:  572.0545043945312
(iteration 119):  100.0 correct
expl loss: 4.857148017123336e-10
output loss: 5.775274599913519e-14
Color loss:  573.4959716796875
(iteration 120):  100.0 correct
expl loss: 4.828907274045946e-10
output loss: 5.773093998294107e-14
Color loss:  574.9614868164062
(iteration 121):  100.0 correct
expl loss: 4.805212894254396e-10
output loss: 5.761526916366402e-14
Color loss:  576.4393920898438
(iteration 122):  100.0 correct
expl loss: 4.786988583305174e-10
output loss: 5.766854414791453e-14
Color loss:  577.86767578125
(iteration 123):  100.0 correct
expl loss: 4.777173656655975e-10
output loss: 5.790789533001786e-14
Color loss:  579.2426147460938
(iteration 124):  100.0 correct
expl loss: 4.737926162512451e-10
output loss: 5.816031792456322e-14
Color loss:  580.5669555664062
(iteration 125):  100.0 correct
expl loss: 4.716945722904597e-10
output loss: 5.846637464532872e-14
Color loss:  581.8518676757812
(iteration 126):  100.0 correct
expl loss: 4.696625865996396e-10
output loss: 5.858563010803855e-14
Color loss:  583.13916015625
(iteration 127):  100.0 correct
expl loss: 4.673073594751997e-10
output loss: 5.884254536533615e-14
Color loss:  584.4199829101562
(iteration 128):  100.0 correct
expl loss: 4.65543964489612e-10
output loss: 6.100151037514295e-14
Color loss:  585.701171875
(iteration 129):  100.0 correct
expl loss: 4.6428710875900947e-10
output loss: 6.166569262600757e-14
Color loss:  586.95654296875
(iteration 130):  100.0 correct
expl loss: 4.6327799929635205e-10
output loss: 6.174471741185461e-14
Color loss:  588.2232666015625
(iteration 131):  100.0 correct
expl loss: 4.629225058838671e-10
output loss: 6.179184632503984e-14
Color loss:  589.4945678710938
(iteration 132):  100.0 correct
expl loss: 4.6011175425242357e-10
output loss: 6.023903842107894e-14
Color loss:  590.8029174804688
(iteration 133):  100.0 correct
expl loss: 4.591084179494942e-10
output loss: 6.161784542888307e-14
Color loss:  592.064208984375
(iteration 134):  100.0 correct
expl loss: 4.558308452917714e-10
output loss: 6.165634815853346e-14
Color loss:  593.2129516601562
(iteration 135):  100.0 correct
expl loss: 4.522604790668794e-10
output loss: 6.370223765801361e-14
Color loss:  594.351806640625
(iteration 136):  100.0 correct
expl loss: 4.5098230705420406e-10
output loss: 6.40836328772397e-14
Color loss:  595.4984741210938
(iteration 137):  100.0 correct
expl loss: 4.49875470209804e-10
output loss: 6.37919824928411e-14
Color loss:  596.6619873046875
(iteration 138):  100.0 correct
expl loss: 4.4908599061699306e-10
output loss: 6.370534796299593e-14
Color loss:  597.8167724609375
(iteration 139):  100.0 correct
expl loss: 4.466244318823698e-10
output loss: 6.169329234756091e-14
Color loss:  598.99658203125
(iteration 140):  100.0 correct
expl loss: 4.4376322061445705e-10
output loss: 5.937866978710307e-14
Color loss:  600.1875
(iteration 141):  100.0 correct
expl loss: 4.4217110528599335e-10
output loss: 5.575358900142095e-14
Color loss:  601.3734130859375
(iteration 142):  100.0 correct
expl loss: 4.408740594818994e-10
output loss: 5.347633753459598e-14
Color loss:  602.5635986328125
(iteration 143):  100.0 correct
expl loss: 4.389114904856939e-10
output loss: 5.108029139098448e-14
Color loss:  603.7586669921875
(iteration 144):  100.0 correct
expl loss: 4.378816753636272e-10
output loss: 4.8762294251264784e-14
Color loss:  604.8832397460938
(iteration 145):  100.0 correct
expl loss: 4.3686501638440234e-10
output loss: 4.7027513177047564e-14
Color loss:  605.9669189453125
(iteration 146):  100.0 correct
expl loss: 4.351810578562265e-10
output loss: 4.645215757729561e-14
Color loss:  607.0131225585938
(iteration 147):  100.0 correct
expl loss: 4.3608627819935464e-10
output loss: 4.446941946623095e-14
Color loss:  608.017822265625
(iteration 148):  100.0 correct
expl loss: 4.3224199219871196e-10
output loss: 4.2598425329699874e-14
Color loss:  608.9866943359375
(iteration 149):  100.0 correct
expl loss: 4.3065342958392705e-10
output loss: 4.240555931574186e-14
Color loss:  609.943115234375
(iteration 150):  100.0 correct
expl loss: 4.27003127301262e-10
output loss: 4.261551167831189e-14
Color loss:  610.9201049804688
(iteration 151):  100.0 correct
expl loss: 4.256345831343822e-10
output loss: 4.429916923196463e-14
Color loss:  611.9176635742188
(iteration 152):  100.0 correct
expl loss: 4.232041106444484e-10
output loss: 4.653272396310665e-14
Color loss:  612.9139404296875
(iteration 153):  100.0 correct
expl loss: 4.227428684888679e-10
output loss: 5.056435345841652e-14
Color loss:  613.8809814453125
(iteration 154):  100.0 correct
expl loss: 4.216414994928641e-10
output loss: 5.338369584708888e-14
Color loss:  614.8218383789062
(iteration 155):  100.0 correct
expl loss: 4.185878310636326e-10
output loss: 5.790722447992364e-14
Color loss:  615.7335815429688
(iteration 156):  100.0 correct
expl loss: 4.155534805150296e-10
output loss: 6.270628954236843e-14
Color loss:  616.6419067382812
(iteration 157):  100.0 correct
expl loss: 4.140112419559472e-10
output loss: 6.75839321572641e-14
Color loss:  617.5215454101562
(iteration 158):  100.0 correct
expl loss: 4.1410277984432753e-10
output loss: 7.06931868187273e-14
Color loss:  618.38623046875
(iteration 159):  100.0 correct
expl loss: 4.1032743869351407e-10
output loss: 7.348984566507219e-14
Color loss:  619.26708984375
(iteration 160):  100.0 correct
expl loss: 4.0990061345169693e-10
output loss: 7.572282102567829e-14
Color loss:  620.2581787109375
(iteration 161):  100.0 correct
expl loss: 4.1004630246810336e-10
output loss: 7.605357045092215e-14
Color loss:  621.3099975585938
(iteration 162):  100.0 correct
expl loss: 4.080021043240123e-10
output loss: 7.578462732577354e-14
Color loss:  622.4249877929688
(iteration 163):  100.0 correct
expl loss: 4.049823809637587e-10
output loss: 7.422561914063874e-14
Color loss:  623.5708618164062
(iteration 164):  100.0 correct
expl loss: 4.0435890746870484e-10
output loss: 7.48851935322703e-14
Color loss:  624.7515258789062
(iteration 165):  100.0 correct
expl loss: 4.051872726229533e-10
output loss: 7.784299870276443e-14
Color loss:  625.9608154296875
(iteration 166):  100.0 correct
expl loss: 4.039188983284703e-10
output loss: 8.048785569243419e-14
Color loss:  627.1549682617188
(iteration 167):  100.0 correct
expl loss: 4.041005863264502e-10
output loss: 8.325571541857243e-14
Color loss:  628.2919311523438
(iteration 168):  100.0 correct
expl loss: 4.002333464647734e-10
output loss: 8.625667861179506e-14
Color loss:  629.3225708007812
(iteration 169):  100.0 correct
expl loss: 3.9866374090813395e-10
output loss: 9.029098811935005e-14
Color loss:  630.2835083007812
(iteration 170):  100.0 correct
expl loss: 4.0110115229197163e-10
output loss: 9.813994777431445e-14
Color loss:  631.1593627929688
(iteration 171):  100.0 correct
expl loss: 3.9967687492925563e-10
output loss: 1.0169368466891524e-13
Color loss:  631.9490966796875
(iteration 172):  100.0 correct
expl loss: 3.975531570610258e-10
output loss: 1.0429121623375601e-13
Color loss:  632.7369384765625
(iteration 173):  100.0 correct
expl loss: 3.964586992033503e-10
output loss: 1.0721360187452775e-13
Color loss:  633.5645141601562
(iteration 174):  100.0 correct
expl loss: 3.9391481743145107e-10
output loss: 1.0737345393233358e-13
Color loss:  634.468505859375
(iteration 175):  100.0 correct
expl loss: 3.9194142376075547e-10
output loss: 1.0774103235012406e-13
Color loss:  635.3958129882812
(iteration 176):  100.0 correct
expl loss: 3.9348074798439825e-10
output loss: 1.0798409014840457e-13
Color loss:  636.3440551757812
(iteration 177):  100.0 correct
expl loss: 3.9374195570651693e-10
output loss: 1.1039571492198197e-13
Color loss:  637.2775268554688
(iteration 178):  100.0 correct
expl loss: 3.921994951028296e-10
output loss: 1.0594558677622448e-13
Color loss:  638.1755981445312
(iteration 179):  100.0 correct
expl loss: 3.893037003876998e-10
output loss: 1.0546147017741897e-13
Color loss:  639.06396484375
(iteration 180):  100.0 correct
expl loss: 3.871113707365481e-10
output loss: 1.029962519352029e-13
Color loss:  639.920654296875
(iteration 181):  100.0 correct
expl loss: 3.8627867571250363e-10
output loss: 1.0234667930861252e-13
Color loss:  640.7799682617188
(iteration 182):  100.0 correct
expl loss: 3.8604466845448826e-10
output loss: 1.0286892594257163e-13
Color loss:  641.6534423828125
(iteration 183):  100.0 correct
expl loss: 3.8455913453638857e-10
output loss: 1.0726835408423827e-13
Color loss:  642.591064453125
(iteration 184):  100.0 correct
expl loss: 3.8351713471662663e-10
output loss: 1.1043934050689735e-13
Color loss:  643.5377807617188
(iteration 185):  100.0 correct
expl loss: 3.817203775291489e-10
output loss: 1.1406603743144283e-13
Color loss:  644.4710083007812
(iteration 186):  100.0 correct
expl loss: 3.853235508444186e-10
output loss: 1.1807537640771276e-13
Color loss:  645.3902587890625
(iteration 187):  100.0 correct
expl loss: 3.8609879182693874e-10
output loss: 1.2376514743617228e-13
Color loss:  646.2623291015625
(iteration 188):  100.0 correct
expl loss: 3.8380437716867277e-10
output loss: 1.2469795432779734e-13
Color loss:  647.0924682617188
(iteration 189):  100.0 correct
expl loss: 3.807223147855865e-10
output loss: 1.2461849586108131e-13
Color loss:  647.9107666015625
(iteration 190):  100.0 correct
expl loss: 3.784461355405e-10
output loss: 1.2340135694972193e-13
Color loss:  648.7510375976562
(iteration 191):  100.0 correct
expl loss: 3.7634867444680253e-10
output loss: 1.173060129935899e-13
Color loss:  649.5914306640625
(iteration 192):  100.0 correct
expl loss: 3.7692979293346696e-10
output loss: 1.1371353620011349e-13
Color loss:  650.4214477539062
(iteration 193):  100.0 correct
expl loss: 3.7471376002073953e-10
output loss: 1.135054506981592e-13
Color loss:  651.26220703125
(iteration 194):  100.0 correct
expl loss: 3.774773549292121e-10
output loss: 1.1688878489256316e-13
Color loss:  652.0980224609375
(iteration 195):  100.0 correct
expl loss: 3.744134446925784e-10
output loss: 1.207977945102967e-13
Color loss:  652.9467163085938
(iteration 196):  100.0 correct
expl loss: 3.7667030605703644e-10
output loss: 1.2820307153122573e-13
Color loss:  653.7635498046875
(iteration 197):  100.0 correct
expl loss: 3.7441671985050107e-10
output loss: 1.3512422517708567e-13
Color loss:  654.562744140625
(iteration 198):  100.0 correct
expl loss: 3.7549252596136284e-10
output loss: 1.4124142935952044e-13
Color loss:  655.4038696289062
(iteration 199):  100.0 correct
expl loss: 3.733615638878973e-10
output loss: 1.4096730239273464e-13
Color loss:  656.2966918945312
(iteration 200):  100.0 correct
expl loss: 3.7151254295153535e-10
output loss: 1.4054186146025133e-13
Color loss:  657.24365234375
(iteration 201):  100.0 correct
expl loss: 3.7018008103295585e-10
output loss: 1.4091412227617423e-13
Color loss:  658.177734375
(iteration 202):  100.0 correct
expl loss: 3.687297689403124e-10
output loss: 1.450531995949092e-13
Color loss:  659.1080322265625
(iteration 203):  100.0 correct
expl loss: 3.68429259323122e-10
output loss: 1.5618861998016598e-13
Color loss:  659.9932861328125
(iteration 204):  100.0 correct
expl loss: 3.682122939885346e-10
output loss: 1.6192078331356968e-13
Color loss:  660.8167724609375
(iteration 205):  100.0 correct
expl loss: 3.6687547444458346e-10
output loss: 1.7006960618438927e-13
Color loss:  661.5841674804688
(iteration 206):  100.0 correct
expl loss: 3.6658170943226764e-10
output loss: 1.776066679793839e-13
Color loss:  662.3093872070312
(iteration 207):  100.0 correct
expl loss: 3.656198122037324e-10
output loss: 1.8719696474357728e-13
Color loss:  662.987060546875
(iteration 208):  100.0 correct
expl loss: 3.6568367778322397e-10
output loss: 2.0459561779137547e-13
Color loss:  663.6409301757812
(iteration 209):  100.0 correct
expl loss: 3.632966982802799e-10
output loss: 2.1988953626678187e-13
Color loss:  664.3076782226562
(iteration 210):  100.0 correct
expl loss: 3.6117209223363034e-10
output loss: 2.387402612841899e-13
Color loss:  664.9932250976562
(iteration 211):  100.0 correct
expl loss: 3.6111666434912593e-10
output loss: 2.537166440483296e-13
Color loss:  665.6828002929688
(iteration 212):  100.0 correct
expl loss: 3.599190945280384e-10
output loss: 2.6315559974177116e-13
Color loss:  666.4437866210938
(iteration 213):  100.0 correct
expl loss: 3.6052977270273345e-10
output loss: 2.640370832130562e-13
Color loss:  667.2410278320312
(iteration 214):  100.0 correct
expl loss: 3.5934064057663306e-10
output loss: 2.654953080299949e-13
Color loss:  668.0711059570312
(iteration 215):  100.0 correct
expl loss: 3.579536944631201e-10
output loss: 2.689133637989727e-13
Color loss:  668.895263671875
(iteration 216):  100.0 correct
expl loss: 3.578647655988476e-10
output loss: 2.7400615955873453e-13
Color loss:  669.7196044921875
(iteration 217):  100.0 correct
expl loss: 3.607106002778693e-10
output loss: 2.848489402251103e-13
Color loss:  670.5255126953125
(iteration 218):  100.0 correct
expl loss: 3.5873304327083133e-10
output loss: 2.963938231133334e-13
Color loss:  671.3173828125
(iteration 219):  100.0 correct
expl loss: 3.5973024559154965e-10
output loss: 3.170616167617185e-13
Color loss:  672.1407470703125
(iteration 220):  100.0 correct
expl loss: 3.576635654312099e-10
output loss: 3.416558756828142e-13
Color loss:  672.9534912109375
(iteration 221):  100.0 correct
expl loss: 3.539106785410695e-10
output loss: 3.729479019446563e-13
Color loss:  673.7871704101562
(iteration 222):  100.0 correct
expl loss: 3.5543609722132885e-10
output loss: 4.0459763360825574e-13
Color loss:  674.6813354492188
(iteration 223):  100.0 correct
expl loss: 3.535418346967134e-10
output loss: 4.378340951512877e-13
Color loss:  675.59326171875
(iteration 224):  100.0 correct
expl loss: 3.513773716434798e-10
output loss: 4.588557723887721e-13
Color loss:  676.4984741210938
(iteration 225):  100.0 correct
expl loss: 3.541970883258472e-10
output loss: 4.728704949309714e-13
Color loss:  677.3729858398438
(iteration 226):  100.0 correct
expl loss: 3.525575942298076e-10
output loss: 4.795064627478862e-13
Color loss:  678.2098388671875
(iteration 227):  100.0 correct
expl loss: 3.4957273187252724e-10
output loss: 4.849438450631183e-13
Color loss:  679.0151977539062
(iteration 228):  100.0 correct
expl loss: 3.4992470032690903e-10
output loss: 4.959501776272135e-13
Color loss:  679.8220825195312
(iteration 229):  100.0 correct
expl loss: 3.472116205660569e-10
output loss: 5.101186942475799e-13
Color loss:  680.594970703125
(iteration 230):  100.0 correct
expl loss: 3.48925888182805e-10
output loss: 5.471142744579993e-13
Color loss:  681.373046875
(iteration 231):  100.0 correct
expl loss: 3.468596243560995e-10
output loss: 6.084746421997078e-13
Color loss:  682.1558837890625
(iteration 232):  100.0 correct
expl loss: 3.463591358165985e-10
output loss: 6.620359100338591e-13
Color loss:  682.9593505859375
(iteration 233):  100.0 correct
expl loss: 3.454964092597379e-10
output loss: 6.896859927781052e-13
Color loss:  683.7559814453125
(iteration 234):  100.0 correct
expl loss: 3.4476715926601287e-10
output loss: 6.961285931375572e-13
Color loss:  684.5863647460938
(iteration 235):  100.0 correct
expl loss: 3.4478614407973396e-10
output loss: 6.885847686315116e-13
Color loss:  685.4264526367188
(iteration 236):  100.0 correct
expl loss: 3.4546629446019494e-10
output loss: 6.794582800041804e-13
Color loss:  686.2818603515625
(iteration 237):  100.0 correct
expl loss: 3.4296279705081645e-10
output loss: 6.734333143215698e-13
Color loss:  687.1322021484375
(iteration 238):  100.0 correct
expl loss: 3.423020755732864e-10
output loss: 6.83396644395734e-13
Color loss:  687.9261474609375
(iteration 239):  100.0 correct
expl loss: 3.4121225289673873e-10
output loss: 6.984532310155833e-13
Color loss:  688.6838989257812
(iteration 240):  100.0 correct
expl loss: 3.409613980043247e-10
output loss: 7.074831172293461e-13
Color loss:  689.4222412109375
(iteration 241):  100.0 correct
expl loss: 3.4037103691098025e-10
output loss: 7.012547552191772e-13
Color loss:  690.153564453125
(iteration 242):  100.0 correct
expl loss: 3.373030466047311e-10
output loss: 7.176820986457e-13
Color loss:  690.8062744140625
(iteration 243):  100.0 correct
expl loss: 3.3811520250282e-10
output loss: 7.4344729591308e-13
Color loss:  691.425537109375
(iteration 244):  100.0 correct
expl loss: 3.388961888894926e-10
output loss: 7.89781976796855e-13
Color loss:  692.0149536132812
(iteration 245):  100.0 correct
expl loss: 3.3968336476952743e-10
output loss: 8.627503550982796e-13
Color loss:  692.619384765625
(iteration 246):  100.0 correct
expl loss: 3.384493796332322e-10
output loss: 9.6412775766469e-13
Color loss:  693.21923828125
(iteration 247):  100.0 correct
expl loss: 3.349330812696394e-10
output loss: 1.0810249180190357e-12
Color loss:  693.8134155273438
(iteration 248):  100.0 correct
expl loss: 3.3498151474908866e-10
output loss: 1.2318334286637311e-12
Color loss:  694.3756103515625
(iteration 249):  100.0 correct
expl loss: 3.3335223470487563e-10
output loss: 1.360380124520999e-12
Color loss:  694.946533203125
(iteration 250):  100.0 correct
expl loss: 3.317522923040883e-10
output loss: 1.434336048371232e-12
Color loss:  695.5286865234375
(iteration 251):  100.0 correct
expl loss: 3.309829355035987e-10
output loss: 1.4435072061280696e-12
Color loss:  695.7652587890625
(iteration 252):  100.0 correct
expl loss: 3.3099833984806537e-10
output loss: 1.4337321477611575e-12
Color loss:  696.0066528320312
(iteration 253):  100.0 correct
expl loss: 3.2987448883581294e-10
output loss: 1.4234734268050997e-12
Color loss:  696.249755859375
(iteration 254):  100.0 correct
expl loss: 3.308534557433518e-10
output loss: 1.4230586110539067e-12
Color loss:  696.5009765625
(iteration 255):  100.0 correct
expl loss: 3.3062089177526843e-10
output loss: 1.435144754771689e-12
Color loss:  696.7552490234375
(iteration 256):  100.0 correct
expl loss: 3.290876737782611e-10
output loss: 1.447934870960066e-12
Color loss:  697.0083618164062
(iteration 257):  100.0 correct
expl loss: 3.270489712381419e-10
output loss: 1.4579418401716726e-12
Color loss:  697.27001953125
(iteration 258):  100.0 correct
expl loss: 3.265074322023054e-10
output loss: 1.462244821753833e-12
Color loss:  697.5382080078125
(iteration 259):  100.0 correct
expl loss: 3.2547736728005816e-10
output loss: 1.4702433064409104e-12
Color loss:  697.8120727539062
(iteration 260):  100.0 correct
expl loss: 3.232999701285877e-10
output loss: 1.4616850481721788e-12
Color loss:  698.09619140625
(iteration 261):  100.0 correct
expl loss: 3.258626424251787e-10
output loss: 1.4430854514829727e-12
Color loss:  698.3775634765625
(iteration 262):  100.0 correct
expl loss: 3.2642050173947723e-10
output loss: 1.4391248609468832e-12
Color loss:  698.6524047851562
(iteration 263):  100.0 correct
expl loss: 3.2544200667672385e-10
output loss: 1.4154838325758368e-12
Color loss:  698.9052734375
(iteration 264):  100.0 correct
expl loss: 3.2411395789466724e-10
output loss: 1.3804997726560297e-12
Color loss:  699.1564331054688
(iteration 265):  100.0 correct
expl loss: 3.240416546201885e-10
output loss: 1.3454486006217459e-12
Color loss:  699.4044799804688
(iteration 266):  100.0 correct
expl loss: 3.2490440893262473e-10
output loss: 1.3208956498034219e-12
Color loss:  699.6639404296875
(iteration 267):  100.0 correct
expl loss: 3.254841396405084e-10
output loss: 1.3063344893662898e-12
Color loss:  699.9277954101562
(iteration 268):  100.0 correct
expl loss: 3.2388378090608683e-10
output loss: 1.2963339169475008e-12
Color loss:  700.2005615234375
(iteration 269):  100.0 correct
expl loss: 3.230328782244385e-10
output loss: 1.3086683429627821e-12
Color loss:  700.4694213867188
(iteration 270):  100.0 correct
expl loss: 3.2308306030515155e-10
output loss: 1.3453947157737733e-12
Color loss:  700.7434692382812
(iteration 271):  100.0 correct
expl loss: 3.226390266064527e-10
output loss: 1.3932840341526753e-12
Color loss:  701.023681640625
(iteration 272):  100.0 correct
expl loss: 3.230196110592942e-10
output loss: 1.4383448859039971e-12
Color loss:  701.3097534179688
(iteration 273):  100.0 correct
expl loss: 3.2155203499861784e-10
output loss: 1.4681756244777633e-12
Color loss:  701.588134765625
(iteration 274):  100.0 correct
expl loss: 3.2132912997084873e-10
output loss: 1.5036313123426015e-12
Color loss:  701.8660278320312
(iteration 275):  100.0 correct
expl loss: 3.205159193608864e-10
output loss: 1.5268254325781494e-12
Color loss:  702.1488647460938
(iteration 276):  100.0 correct
expl loss: 3.20163562328446e-10
output loss: 1.5261108349262642e-12
Color loss:  702.4358520507812
(iteration 277):  100.0 correct
expl loss: 3.216409083517391e-10
output loss: 1.5049523042695578e-12
Color loss:  702.7147216796875
(iteration 278):  100.0 correct
expl loss: 3.214436494758388e-10
output loss: 1.4798889110684277e-12
Color loss:  702.981201171875
(iteration 279):  100.0 correct
expl loss: 3.202763609877479e-10
output loss: 1.454991075539036e-12
Color loss:  703.2442626953125
(iteration 280):  100.0 correct
expl loss: 3.2163502416970857e-10
output loss: 1.4502330543050834e-12
Color loss:  703.4959106445312
(iteration 281):  100.0 correct
expl loss: 3.192945630114963e-10
output loss: 1.4419227530731993e-12
Color loss:  703.7409057617188
(iteration 282):  100.0 correct
expl loss: 3.1894503704776866e-10
output loss: 1.451629181442593e-12
Color loss:  703.9815673828125
(iteration 283):  100.0 correct
expl loss: 3.189509489853748e-10
output loss: 1.4658734295847076e-12
Color loss:  704.2175903320312
(iteration 284):  100.0 correct
expl loss: 3.1685495893718496e-10
output loss: 1.5034923176240889e-12
Color loss:  704.4486083984375
(iteration 285):  100.0 correct
expl loss: 3.1854863191682625e-10
output loss: 1.5444805807549034e-12
Color loss:  704.6737060546875
(iteration 286):  100.0 correct
expl loss: 3.1777944164979033e-10
output loss: 1.5806181233660177e-12
Color loss:  704.8863525390625
(iteration 287):  100.0 correct
expl loss: 3.188170283330294e-10
output loss: 1.606290079246564e-12
Color loss:  705.0882568359375
(iteration 288):  100.0 correct
expl loss: 3.1790167720480156e-10
output loss: 1.6103623426064195e-12
Color loss:  705.2766723632812
(iteration 289):  100.0 correct
expl loss: 3.1747895978817553e-10
output loss: 1.6086168855289351e-12
Color loss:  705.455078125
(iteration 290):  100.0 correct
expl loss: 3.1722358073693613e-10
output loss: 1.5949234120904432e-12
Color loss:  705.626953125
(iteration 291):  100.0 correct
expl loss: 3.1603070160812763e-10
output loss: 1.5611368534701464e-12
Color loss:  705.7923583984375
(iteration 292):  100.0 correct
expl loss: 3.1616445572701934e-10
output loss: 1.5256690225409764e-12
Color loss:  705.955810546875
(iteration 293):  100.0 correct
expl loss: 3.1688016099984395e-10
output loss: 1.511701896474149e-12
Color loss:  706.1268920898438
(iteration 294):  100.0 correct
expl loss: 3.177468843595932e-10
output loss: 1.525113152087143e-12
Color loss:  706.3092041015625
(iteration 295):  100.0 correct
expl loss: 3.160624262310563e-10
output loss: 1.5528880265014422e-12
Color loss:  706.4973754882812
(iteration 296):  100.0 correct
expl loss: 3.166492068551463e-10
output loss: 1.6036389880944024e-12
Color loss:  706.6973876953125
(iteration 297):  100.0 correct
expl loss: 3.1455349436271263e-10
output loss: 1.6590667641785961e-12
Color loss:  706.9091186523438
(iteration 298):  100.0 correct
expl loss: 3.1394811750296014e-10
output loss: 1.7263281732946e-12
Color loss:  707.1287841796875
(iteration 299):  100.0 correct
expl loss: 3.1475527739743825e-10
output loss: 1.7805304756632334e-12
Color loss:  707.3550415039062
(iteration 300):  100.0 correct
expl loss: 3.1586896986901536e-10
output loss: 1.809714921321981e-12
Color loss:  707.5865478515625
(iteration 301):  100.0 correct
expl loss: 3.137872739422676e-10
output loss: 1.8262082384506995e-12
Color loss:  707.8184814453125
(iteration 302):  100.0 correct
expl loss: 3.1244543063913e-10
output loss: 1.8483964359106153e-12
Color loss:  708.0546264648438
(iteration 303):  100.0 correct
expl loss: 3.1226829455555105e-10
output loss: 1.863422393819092e-12
Color loss:  708.2965698242188
(iteration 304):  100.0 correct
expl loss: 3.1340879891317286e-10
output loss: 1.905238770569251e-12
Color loss:  708.54345703125
(iteration 305):  100.0 correct
expl loss: 3.131432335656825e-10
output loss: 1.9474196560897994e-12
Color loss:  708.7991333007812
(iteration 306):  100.0 correct
expl loss: 3.133882875427929e-10
output loss: 2.0052193412667396e-12
Color loss:  709.0548706054688
(iteration 307):  100.0 correct
expl loss: 3.121960745477992e-10
output loss: 2.076551604279775e-12
Color loss:  709.3200073242188
(iteration 308):  100.0 correct
expl loss: 3.119015046237905e-10
output loss: 2.148056038597801e-12
Color loss:  709.5892333984375
(iteration 309):  100.0 correct
expl loss: 3.1177774251212043e-10
output loss: 2.209160371996477e-12
Color loss:  709.867919921875
(iteration 310):  100.0 correct
expl loss: 3.1299587921473915e-10
output loss: 2.2586557190534817e-12
Color loss:  710.1489868164062
(iteration 311):  100.0 correct
expl loss: 3.130666836881346e-10
output loss: 2.3037017172350405e-12
Color loss:  710.4367065429688
(iteration 312):  100.0 correct
expl loss: 3.139475068802966e-10
output loss: 2.3490051050123473e-12
Color loss:  710.71923828125
(iteration 313):  100.0 correct
expl loss: 3.127745007436289e-10
output loss: 2.3674064011242058e-12
Color loss:  711.0090942382812
(iteration 314):  100.0 correct
expl loss: 3.094597633701568e-10
output loss: 2.3806748673110834e-12
Color loss:  711.3025512695312
(iteration 315):  100.0 correct
expl loss: 3.0964172892389286e-10
output loss: 2.3956006449388223e-12
Color loss:  711.6008911132812
(iteration 316):  100.0 correct
expl loss: 3.0824320873534816e-10
output loss: 2.408155055574901e-12
Color loss:  711.8922729492188
(iteration 317):  100.0 correct
expl loss: 3.1064406602610006e-10
output loss: 2.4246177982023553e-12
Color loss:  712.1798706054688
(iteration 318):  100.0 correct
expl loss: 3.1056182625555095e-10
output loss: 2.4281030745060272e-12
Color loss:  712.4523315429688
(iteration 319):  100.0 correct
expl loss: 3.1060390370818425e-10
output loss: 2.4234208390039313e-12
Color loss:  712.7119140625
(iteration 320):  100.0 correct
expl loss: 3.11093290017439e-10
output loss: 2.408124047392768e-12
Color loss:  712.9547729492188
(iteration 321):  100.0 correct
expl loss: 3.1078739581857917e-10
output loss: 2.360830281267212e-12
Color loss:  713.185302734375
(iteration 322):  100.0 correct
expl loss: 3.1007810208372177e-10
output loss: 2.3349462554417277e-12
Color loss:  713.3939208984375
(iteration 323):  100.0 correct
expl loss: 3.1015212620388866e-10
output loss: 2.3478296130169385e-12
Color loss:  713.5946044921875
(iteration 324):  100.0 correct
expl loss: 3.0848029686225686e-10
output loss: 2.380707393376258e-12
Color loss:  713.7821655273438
(iteration 325):  100.0 correct
expl loss: 3.0889371616105166e-10
output loss: 2.426690142234844e-12
Color loss:  713.9722290039062
(iteration 326):  100.0 correct
expl loss: 3.090733224908604e-10
output loss: 2.4626995321491707e-12
Color loss:  714.1716918945312
(iteration 327):  100.0 correct
expl loss: 3.071631560214172e-10
output loss: 2.4990157512783107e-12
Color loss:  714.3727416992188
(iteration 328):  100.0 correct
expl loss: 3.082483990279883e-10
output loss: 2.516451673775788e-12
Color loss:  714.5775146484375
(iteration 329):  100.0 correct
expl loss: 3.065097897714253e-10
output loss: 2.5120452593063725e-12
Color loss:  714.7957153320312
(iteration 330):  100.0 correct
expl loss: 3.073171717105083e-10
output loss: 2.4841990443891238e-12
Color loss:  715.0328979492188
(iteration 331):  100.0 correct
expl loss: 3.066204512514048e-10
output loss: 2.4697446778659815e-12
Color loss:  715.2840576171875
(iteration 332):  100.0 correct
expl loss: 3.059225373025498e-10
output loss: 2.448348381672849e-12
Color loss:  715.5413818359375
(iteration 333):  100.0 correct
expl loss: 3.0571745135432593e-10
output loss: 2.4019000764013976e-12
Color loss:  715.8143920898438
(iteration 334):  100.0 correct
expl loss: 3.062880227222564e-10
output loss: 2.3835245843012443e-12
Color loss:  716.0908203125
(iteration 335):  100.0 correct
expl loss: 3.078106658449542e-10
output loss: 2.367430904093304e-12
Color loss:  716.3685913085938
(iteration 336):  100.0 correct
expl loss: 3.066565334997051e-10
output loss: 2.368649330494743e-12
Color loss:  716.64453125
(iteration 337):  100.0 correct
expl loss: 3.0605062928401594e-10
output loss: 2.3709697399842966e-12
Color loss:  716.9091796875
(iteration 338):  100.0 correct
expl loss: 3.0593660937938694e-10
output loss: 2.373827913751403e-12
Color loss:  717.1563110351562
(iteration 339):  100.0 correct
expl loss: 3.054181629824626e-10
output loss: 2.374319057335539e-12
Color loss:  717.3995361328125
(iteration 340):  100.0 correct
expl loss: 3.0467114942034357e-10
output loss: 2.3736878348307178e-12
Color loss:  717.6395874023438
(iteration 341):  100.0 correct
expl loss: 3.0508032211606917e-10
output loss: 2.344886654639944e-12
Color loss:  717.890869140625
(iteration 342):  100.0 correct
expl loss: 3.058603648131708e-10
output loss: 2.311215671971234e-12
Color loss:  718.1396484375
(iteration 343):  100.0 correct
expl loss: 3.059774100755419e-10
output loss: 2.2821341170986553e-12
Color loss:  718.3905029296875
(iteration 344):  100.0 correct
expl loss: 3.050620867028897e-10
output loss: 2.2653654126181255e-12
Color loss:  718.6326293945312
(iteration 345):  100.0 correct
expl loss: 3.044175744815192e-10
output loss: 2.2544151875164564e-12
Color loss:  718.8726806640625
(iteration 346):  100.0 correct
expl loss: 3.0448946142236366e-10
output loss: 2.2488439062329224e-12
Color loss:  719.08544921875
(iteration 347):  100.0 correct
expl loss: 3.0543834128593517e-10
output loss: 2.220041641839976e-12
Color loss:  719.2869262695312
(iteration 348):  100.0 correct
expl loss: 3.0372884762819297e-10
output loss: 2.205969131321983e-12
Color loss:  719.4880981445312
(iteration 349):  100.0 correct
expl loss: 3.031083994908812e-10
output loss: 2.2062672869194166e-12
Color loss:  719.68701171875
(iteration 350):  100.0 correct
expl loss: 3.025573680481841e-10
output loss: 2.246579441575469e-12
Color loss:  719.8873901367188
(iteration 351):  100.0 correct
expl loss: 3.027830208779392e-10
output loss: 2.298357034205556e-12
Color loss:  720.1023559570312
(iteration 352):  100.0 correct
expl loss: 3.019749728050414e-10
output loss: 2.3898112221781842e-12
Color loss:  720.3347778320312
(iteration 353):  100.0 correct
expl loss: 3.0130842265663205e-10
output loss: 2.4961354597868857e-12
Color loss:  720.5818481445312
(iteration 354):  100.0 correct
expl loss: 3.0076355295172164e-10
output loss: 2.607787033190312e-12
Color loss:  720.831787109375
(iteration 355):  100.0 correct
expl loss: 3.0166066866677e-10
output loss: 2.716305262315255e-12
Color loss:  721.0875854492188
(iteration 356):  100.0 correct
expl loss: 3.0097827008468414e-10
output loss: 2.804333805103698e-12
Color loss:  721.3487548828125
(iteration 357):  100.0 correct
expl loss: 2.985431069024713e-10
output loss: 2.8707849899362037e-12
Color loss:  721.6040649414062
(iteration 358):  100.0 correct
expl loss: 2.9953484137479336e-10
output loss: 2.878135663825221e-12
Color loss:  721.859130859375
(iteration 359):  100.0 correct
expl loss: 2.981067059870668e-10
output loss: 2.8574633978428743e-12
Color loss:  722.1155395507812
(iteration 360):  100.0 correct
expl loss: 2.9836819126494163e-10
output loss: 2.792781197274996e-12
Color loss:  722.3739624023438
(iteration 361):  100.0 correct
expl loss: 2.9794322564669073e-10
output loss: 2.7062063527594216e-12
Color loss:  722.658447265625
(iteration 362):  100.0 correct
expl loss: 2.983402136447211e-10
output loss: 2.6186140929251867e-12
Color loss:  722.9472045898438
(iteration 363):  100.0 correct
expl loss: 2.9952343383321534e-10
output loss: 2.5415797938466156e-12
Color loss:  723.2481689453125
(iteration 364):  100.0 correct
expl loss: 2.9869320905540064e-10
output loss: 2.476116534033679e-12
Color loss:  723.5626831054688
(iteration 365):  100.0 correct
expl loss: 2.968818524351491e-10
output loss: 2.4003145391443548e-12
Color loss:  723.8836669921875
(iteration 366):  100.0 correct
expl loss: 2.9761562658769947e-10
output loss: 2.3353081621269034e-12
Color loss:  724.2042846679688
(iteration 367):  100.0 correct
expl loss: 2.968190415675309e-10
output loss: 2.2606749371795187e-12
Color loss:  724.5068359375
(iteration 368):  100.0 correct
expl loss: 2.985551528222885e-10
output loss: 2.2117674445404356e-12
Color loss:  724.7849731445312
(iteration 369):  100.0 correct
expl loss: 2.985058034088439e-10
output loss: 2.150896214608844e-12
Color loss:  725.0366821289062
(iteration 370):  100.0 correct
expl loss: 2.9695659820028197e-10
output loss: 2.1077881193903858e-12
Color loss:  725.2666015625
(iteration 371):  100.0 correct
expl loss: 2.9665039869009036e-10
output loss: 2.0666255165502356e-12
Color loss:  725.48388671875
(iteration 372):  100.0 correct
expl loss: 2.9703894899313354e-10
output loss: 2.05186865762097e-12
Color loss:  725.6904296875
(iteration 373):  100.0 correct
expl loss: 2.971972667964451e-10
output loss: 2.0533594356081375e-12
Color loss:  725.8938598632812
(iteration 374):  100.0 correct
expl loss: 2.9567184811618574e-10
output loss: 2.0658238574639e-12
Color loss:  726.102294921875
(iteration 375):  100.0 correct
expl loss: 2.96056568149794e-10
output loss: 2.0789374995805465e-12
Color loss:  726.3096313476562
(iteration 376):  100.0 correct
expl loss: 2.954751721073734e-10
output loss: 2.1063454799796766e-12
Color loss:  726.5220947265625
(iteration 377):  100.0 correct
expl loss: 2.943458810023003e-10
output loss: 2.1393709286748885e-12
Color loss:  726.7266235351562
(iteration 378):  100.0 correct
expl loss: 2.9378943722235817e-10
output loss: 2.1832728767240406e-12
Color loss:  726.9439697265625
(iteration 379):  100.0 correct
expl loss: 2.933265297322407e-10
output loss: 2.2455789398106996e-12
Color loss:  727.1802368164062
(iteration 380):  100.0 correct
expl loss: 2.955515832070432e-10
output loss: 2.3404607245314235e-12
Color loss:  727.434814453125
(iteration 381):  100.0 correct
expl loss: 2.938551901809916e-10
output loss: 2.437270437555261e-12
Color loss:  727.7051391601562
(iteration 382):  100.0 correct
expl loss: 2.9606589402320083e-10
output loss: 2.5184249217297117e-12
Color loss:  727.9891967773438
(iteration 383):  100.0 correct
expl loss: 2.9393926181953134e-10
output loss: 2.5838712679887577e-12
Color loss:  728.2711181640625
(iteration 384):  100.0 correct
expl loss: 2.9347682617419935e-10
output loss: 2.6332221993163873e-12
Color loss:  728.55029296875
(iteration 385):  100.0 correct
expl loss: 2.9235266985061514e-10
output loss: 2.66222439058994e-12
Color loss:  728.8186645507812
(iteration 386):  100.0 correct
expl loss: 2.910465757288705e-10
output loss: 2.6861817891549178e-12
Color loss:  729.0938720703125
(iteration 387):  100.0 correct
expl loss: 2.9166255521850815e-10
output loss: 2.6985291171760517e-12
Color loss:  729.3784790039062
(iteration 388):  100.0 correct
expl loss: 2.943142396460985e-10
output loss: 2.7196214030800192e-12
Color loss:  729.6680297851562
(iteration 389):  100.0 correct
expl loss: 2.9343283358684857e-10
output loss: 2.7569405092187083e-12
Color loss:  729.9498901367188
(iteration 390):  100.0 correct
expl loss: 2.9315536109741913e-10
output loss: 2.7584328050889173e-12
Color loss:  730.2252197265625
(iteration 391):  100.0 correct
expl loss: 2.9241997712148304e-10
output loss: 2.75915379953362e-12
Color loss:  730.5064086914062
(iteration 392):  100.0 correct
expl loss: 2.918139618834914e-10
output loss: 2.776411479193941e-12
Color loss:  730.7826538085938
(iteration 393):  100.0 correct
expl loss: 2.9198546358522037e-10
output loss: 2.8080220440540593e-12
Color loss:  731.0552368164062
(iteration 394):  100.0 correct
expl loss: 2.912652063979948e-10
output loss: 2.8472931477840913e-12
Color loss:  731.303466796875
(iteration 395):  100.0 correct
expl loss: 2.90168028493909e-10
output loss: 2.9148716860355472e-12
Color loss:  731.5147094726562
(iteration 396):  100.0 correct
expl loss: 2.889724848298414e-10
output loss: 3.0045239299975046e-12
Color loss:  731.7090454101562
(iteration 397):  100.0 correct
expl loss: 2.914809504872551e-10
output loss: 3.0939465399393296e-12
Color loss:  731.8881225585938
(iteration 398):  100.0 correct
expl loss: 2.923037645263804e-10
output loss: 3.1680302912256986e-12
Color loss:  732.0636596679688
(iteration 399):  100.0 correct
expl loss: 2.9110314159197515e-10
output loss: 3.208755093228599e-12
Color loss:  732.2359008789062
(iteration 400):  100.0 correct
expl loss: 2.908233931453452e-10
output loss: 3.206998468868738e-12
Color loss:  732.4213256835938
(iteration 401):  100.0 correct
expl loss: 2.90578977546474e-10
output loss: 3.1922381404925204e-12
Color loss:  732.6182250976562
(iteration 402):  100.0 correct
expl loss: 2.891144268435397e-10
output loss: 3.1751495963711074e-12
Color loss:  732.8179321289062
(iteration 403):  100.0 correct
expl loss: 2.8997756973403455e-10
output loss: 3.1881875611761146e-12
Color loss:  733.0213012695312
(iteration 404):  100.0 correct
expl loss: 2.896798911855569e-10
output loss: 3.2257011731845475e-12
Color loss:  733.2260131835938
(iteration 405):  100.0 correct
expl loss: 2.88986667928981e-10
output loss: 3.2635704035055557e-12
Color loss:  733.42919921875
(iteration 406):  100.0 correct
expl loss: 2.9016372637968857e-10
output loss: 3.2682042835907588e-12
Color loss:  733.6310424804688
(iteration 407):  100.0 correct
expl loss: 2.9054500472192046e-10
output loss: 3.2822932739817734e-12
Color loss:  733.8458251953125
(iteration 408):  100.0 correct
expl loss: 2.9144753277421387e-10
output loss: 3.2862714285930572e-12
Color loss:  734.06787109375
(iteration 409):  100.0 correct
expl loss: 2.9342606122639836e-10
output loss: 3.2820263434069075e-12
Color loss:  734.3099365234375
(iteration 410):  100.0 correct
expl loss: 2.91892121584425e-10
output loss: 3.229591941100729e-12
Color loss:  734.5709838867188
(iteration 411):  100.0 correct
expl loss: 2.8996888223886685e-10
output loss: 3.170714125283469e-12
Color loss:  734.8335571289062
(iteration 412):  100.0 correct
expl loss: 2.9092128706054154e-10
output loss: 3.0997416005512646e-12
Color loss:  735.088623046875
(iteration 413):  100.0 correct
expl loss: 2.9009197821672217e-10
output loss: 3.044235002969131e-12
Color loss:  735.3397216796875
(iteration 414):  100.0 correct
expl loss: 2.909971985598503e-10
output loss: 2.9971812792045638e-12
Color loss:  735.5652465820312
(iteration 415):  100.0 correct
expl loss: 2.901323903348185e-10
output loss: 2.9497621793078688e-12
Color loss:  735.7815551757812
(iteration 416):  100.0 correct
expl loss: 2.882969696305082e-10
output loss: 2.9119191866794347e-12
Color loss:  735.99072265625
(iteration 417):  100.0 correct
expl loss: 2.8973215493444116e-10
output loss: 2.859469388702407e-12
Color loss:  736.2053833007812
(iteration 418):  100.0 correct
expl loss: 2.8961794074078284e-10
output loss: 2.8001930201665415e-12
Color loss:  736.4255981445312
(iteration 419):  100.0 correct
expl loss: 2.8969304732839873e-10
output loss: 2.767331285999375e-12
Color loss:  736.6383056640625
(iteration 420):  100.0 correct
expl loss: 2.877753313423881e-10
output loss: 2.751232618461441e-12
Color loss:  736.8350219726562
(iteration 421):  100.0 correct
expl loss: 2.8958477282792217e-10
output loss: 2.7677786278157424e-12
Color loss:  737.0130004882812
(iteration 422):  100.0 correct
expl loss: 2.895891304532938e-10
output loss: 2.7848645698519414e-12
Color loss:  737.1759643554688
(iteration 423):  100.0 correct
expl loss: 2.8964550202736916e-10
output loss: 2.800690018442409e-12
Color loss:  737.3233642578125
(iteration 424):  100.0 correct
expl loss: 2.892839578994e-10
output loss: 2.7981931008391747e-12
Color loss:  737.4456176757812
(iteration 425):  100.0 correct
expl loss: 2.885711392064394e-10
output loss: 2.7975046324596464e-12
Color loss:  737.5462646484375
(iteration 426):  100.0 correct
expl loss: 2.897461159889758e-10
output loss: 2.7961541502335985e-12
Color loss:  737.6331176757812
(iteration 427):  100.0 correct
expl loss: 2.8809085672598655e-10
output loss: 2.79756556462174e-12
Color loss:  737.7125854492188
(iteration 428):  100.0 correct
expl loss: 2.8741581337143884e-10
output loss: 2.786092754072933e-12
Color loss:  737.7963256835938
(iteration 429):  100.0 correct
expl loss: 2.8739466362281973e-10
output loss: 2.7896157606122074e-12
Color loss:  737.8972778320312
(iteration 430):  100.0 correct
expl loss: 2.870177151503839e-10
output loss: 2.825403973283347e-12
Color loss:  738.023681640625
(iteration 431):  100.0 correct
expl loss: 2.887217687153054e-10
output loss: 2.874501201302615e-12
Color loss:  738.1889038085938
(iteration 432):  100.0 correct
expl loss: 2.9029703640937043e-10
output loss: 2.9562704281088648e-12
Color loss:  738.3941040039062
(iteration 433):  100.0 correct
expl loss: 2.9028512926743133e-10
output loss: 3.0271104633355916e-12
Color loss:  738.6265258789062
(iteration 434):  100.0 correct
expl loss: 2.9012550695206585e-10
output loss: 3.049697213514113e-12
Color loss:  738.885498046875
(iteration 435):  100.0 correct
expl loss: 2.911700325292088e-10
output loss: 3.086757629014447e-12
Color loss:  739.1487426757812
(iteration 436):  100.0 correct
expl loss: 2.896775597172052e-10
output loss: 3.1327902511729677e-12
Color loss:  739.41650390625
(iteration 437):  100.0 correct
expl loss: 2.904624596400396e-10
output loss: 3.1310644181548053e-12
Color loss:  739.6923217773438
(iteration 438):  100.0 correct
expl loss: 2.9070074125669976e-10
output loss: 3.0933372183183927e-12
Color loss:  739.982421875
(iteration 439):  100.0 correct
expl loss: 2.896388129336458e-10
output loss: 3.0036624229512476e-12
Color loss:  740.275634765625
(iteration 440):  100.0 correct
expl loss: 2.9200653006711264e-10
output loss: 2.914915270962881e-12
Color loss:  740.5724487304688
(iteration 441):  100.0 correct
expl loss: 2.8784630234923725e-10
output loss: 2.8431950804125306e-12
Color loss:  740.859619140625
(iteration 442):  100.0 correct
expl loss: 2.8772964566492476e-10
output loss: 2.8091780204103634e-12
Color loss:  741.1293334960938
(iteration 443):  100.0 correct
expl loss: 2.8762339732146813e-10
output loss: 2.821071501402095e-12
Color loss:  741.3909301757812
(iteration 444):  100.0 correct
expl loss: 2.879941563005417e-10
output loss: 2.8613641404190426e-12
Color loss:  741.6329345703125
(iteration 445):  100.0 correct
expl loss: 2.891944739236152e-10
output loss: 2.9094623845565826e-12
Color loss:  741.8367309570312
(iteration 446):  100.0 correct
expl loss: 2.8836216747762933e-10
output loss: 2.991134250007743e-12
Color loss:  742.0216674804688
(iteration 447):  100.0 correct
expl loss: 2.884118777135569e-10
output loss: 3.081608536056879e-12
Color loss:  742.16943359375
(iteration 448):  100.0 correct
expl loss: 2.872596605030253e-10
output loss: 3.1780988431207025e-12
Color loss:  742.2858276367188
(iteration 449):  100.0 correct
expl loss: 2.8681876318437105e-10
output loss: 3.270218731227237e-12
Color loss:  742.3949584960938
(iteration 450):  100.0 correct
expl loss: 2.85798579247043e-10
output loss: 3.365518584305671e-12
Color loss:  742.4954833984375
(iteration 451):  100.0 correct
expl loss: 2.854961267395595e-10
output loss: 3.4778967900050972e-12
Color loss:  742.6133422851562
(iteration 452):  100.0 correct
expl loss: 2.864086190434989e-10
output loss: 3.600209973891877e-12
Color loss:  742.7532348632812
(iteration 453):  100.0 correct
expl loss: 2.876652249739209e-10
output loss: 3.720237225918188e-12
Color loss:  742.9093017578125
(iteration 454):  100.0 correct
expl loss: 2.8725849476884946e-10
output loss: 3.816242894610911e-12
Color loss:  743.1063232421875
(iteration 455):  100.0 correct
expl loss: 2.8554278386216936e-10
output loss: 3.884134333609346e-12
Color loss:  743.334228515625
(iteration 456):  100.0 correct
expl loss: 2.8411761832103366e-10
output loss: 3.9466238437035894e-12
Color loss:  743.5902099609375
(iteration 457):  100.0 correct
expl loss: 2.861569314838164e-10
output loss: 3.964367896458487e-12
Color loss:  743.8748168945312
(iteration 458):  100.0 correct
expl loss: 2.8723010081499467e-10
output loss: 3.979740148540856e-12
Color loss:  744.1528930664062
(iteration 459):  100.0 correct
expl loss: 2.862809711512426e-10
output loss: 3.9816995187069715e-12
Color loss:  744.4161987304688
(iteration 460):  100.0 correct
expl loss: 2.856669623074737e-10
output loss: 3.9809479497610045e-12
Color loss:  744.6517944335938
(iteration 461):  100.0 correct
expl loss: 2.846877455997543e-10
output loss: 3.9416018192406366e-12
Color loss:  744.8645629882812
(iteration 462):  100.0 correct
expl loss: 2.8390306772152485e-10
output loss: 3.9352427566585746e-12
Color loss:  745.0503540039062
(iteration 463):  100.0 correct
expl loss: 2.8461982770622285e-10
output loss: 3.893078567851482e-12
Color loss:  745.212158203125
(iteration 464):  100.0 correct
expl loss: 2.829816381222372e-10
output loss: 3.816812751272769e-12
Color loss:  745.3530883789062
(iteration 465):  100.0 correct
expl loss: 2.8338306701236604e-10
output loss: 3.7516947014315516e-12
Color loss:  745.4939575195312
(iteration 466):  100.0 correct
expl loss: 2.8448129962832525e-10
output loss: 3.718599646956866e-12
Color loss:  745.630126953125
(iteration 467):  100.0 correct
expl loss: 2.8557825548780613e-10
output loss: 3.740978447158705e-12
Color loss:  745.7666015625
(iteration 468):  100.0 correct
expl loss: 2.8607682889258967e-10
output loss: 3.841116227171204e-12
Color loss:  745.9107055664062
(iteration 469):  100.0 correct
expl loss: 2.8667063167731044e-10
output loss: 4.021987170393926e-12
Color loss:  746.07470703125
(iteration 470):  100.0 correct
expl loss: 2.864608550368075e-10
output loss: 4.196257924471425e-12
Color loss:  746.2833862304688
(iteration 471):  100.0 correct
expl loss: 2.873726256957809e-10
output loss: 4.377641912162167e-12
Color loss:  746.5294799804688
(iteration 472):  100.0 correct
expl loss: 2.881365424034499e-10
output loss: 4.549520916247163e-12
Color loss:  746.7994384765625
(iteration 473):  100.0 correct
expl loss: 2.8599952961450015e-10
output loss: 4.663617148709109e-12
Color loss:  747.0740966796875
(iteration 474):  100.0 correct
expl loss: 2.861381687147002e-10
output loss: 4.770394149145041e-12
Color loss:  747.3489990234375
(iteration 475):  100.0 correct
expl loss: 2.846799185274307e-10
output loss: 4.861772009284726e-12
Color loss:  747.6296997070312
(iteration 476):  100.0 correct
expl loss: 2.8469213098070156e-10
output loss: 5.012836066381476e-12
Color loss:  747.8890991210938
(iteration 477):  100.0 correct
expl loss: 2.855311542759864e-10
output loss: 5.110951158820987e-12
Color loss:  748.13232421875
(iteration 478):  100.0 correct
expl loss: 2.8412841523994814e-10
output loss: 5.21798186256528e-12
Color loss:  748.3572998046875
(iteration 479):  100.0 correct
expl loss: 2.842895918675481e-10
output loss: 5.328191880760169e-12
Color loss:  748.57470703125
(iteration 480):  100.0 correct
expl loss: 2.840591095676359e-10
output loss: 5.447578152462107e-12
Color loss:  748.7823486328125
(iteration 481):  100.0 correct
expl loss: 2.8487234793317384e-10
output loss: 5.581167038942736e-12
Color loss:  748.9859619140625
(iteration 482):  100.0 correct
expl loss: 2.8287588937914165e-10
output loss: 5.724253102773469e-12
Color loss:  749.19580078125
(iteration 483):  100.0 correct
expl loss: 2.8228680504227555e-10
output loss: 5.856013157029549e-12
Color loss:  749.41259765625
(iteration 484):  100.0 correct
expl loss: 2.8119495620870794e-10
output loss: 6.027007452141797e-12
Color loss:  749.6326293945312
(iteration 485):  100.0 correct
expl loss: 2.809478760745776e-10
output loss: 6.207076953118618e-12
Color loss:  749.8601684570312
(iteration 486):  100.0 correct
expl loss: 2.8342134195114e-10
output loss: 6.398499785564837e-12
Color loss:  750.0940551757812
(iteration 487):  100.0 correct
expl loss: 2.8105096028241405e-10
output loss: 6.5712587281330226e-12
Color loss:  750.3232421875
(iteration 488):  100.0 correct
expl loss: 2.8160251908104783e-10
output loss: 6.7509201354121195e-12
Color loss:  750.5365600585938
(iteration 489):  100.0 correct
expl loss: 2.812728938650366e-10
output loss: 6.888885295541769e-12
Color loss:  750.7608642578125
(iteration 490):  100.0 correct
expl loss: 2.8232585713716674e-10
output loss: 6.969129700412635e-12
Color loss:  750.9852294921875
(iteration 491):  100.0 correct
expl loss: 2.820592093222274e-10
output loss: 6.938040419957048e-12
Color loss:  751.19921875
(iteration 492):  100.0 correct
expl loss: 2.817424349377262e-10
output loss: 6.881226057714462e-12
Color loss:  751.3995971679688
(iteration 493):  100.0 correct
expl loss: 2.8353300263184167e-10
output loss: 6.880417242893788e-12
Color loss:  751.5971069335938
(iteration 494):  100.0 correct
expl loss: 2.8287075459765276e-10
output loss: 6.973173340835137e-12
Color loss:  751.7727661132812
(iteration 495):  100.0 correct
expl loss: 2.830935486031194e-10
output loss: 7.113270042435893e-12
Color loss:  751.9514770507812
(iteration 496):  100.0 correct
expl loss: 2.834893708669739e-10
output loss: 7.22013508008823e-12
Color loss:  752.1287841796875
(iteration 497):  100.0 correct
expl loss: 2.8319036005086673e-10
output loss: 7.251584749345952e-12
Color loss:  752.3117065429688
(iteration 498):  100.0 correct
expl loss: 2.8203606117216395e-10
output loss: 7.228332949554828e-12
Color loss:  752.4891357421875
(iteration 499):  100.0 correct
Final MSE:  2.8208860247680434e-10
attack type: [0, 1, 1]
tensor([98.5104], device='cuda:0', grad_fn=<AddBackward0>)
tensor([6.8721], device='cuda:0', grad_fn=<PowBackward0>)
Setting up [LPIPS] perceptual loss: trunk [vgg], v[0.1], spatial [off]
Loading model from: /home/ubuntu/PerceptualSimilarity/lpips/weights/v0.1/vgg.pth
LPIPS:  0.36285507678985596
