False
sigma:  0.9447309494018555
attack:  [[Threat] DeltaAddition: {'lp_style': 'inf', 'lp_bound': 0.05}]
Setting up [LPIPS] perceptual loss: trunk [vgg], v[0.1], spatial [off]
Loading model from: /home/ubuntu/PerceptualSimilarity/lpips/weights/v0.1/vgg.pth
(START):  100.0 correct
expl loss: 2.698586687444049e-09
output loss: 0.0
Color loss:  0.0
(iteration 00):  100.0 correct
expl loss: 2.609340299386531e-09
output loss: 9.01995286172813e-20
Color loss:  7.819422721862793
(iteration 01):  100.0 correct
expl loss: 2.535108567514044e-09
output loss: 4.041768875080838e-19
Color loss:  14.774779319763184
(iteration 02):  100.0 correct
expl loss: 2.454946024244009e-09
output loss: 9.579540416873283e-19
Color loss:  21.512283325195312
(iteration 03):  100.0 correct
expl loss: 2.390416531383721e-09
output loss: 1.8984094911064036e-18
Color loss:  28.075458526611328
(iteration 04):  100.0 correct
expl loss: 2.3295614326457326e-09
output loss: 3.440478880106854e-18
Color loss:  34.4981803894043
(iteration 05):  100.0 correct
expl loss: 2.2622992368326322e-09
output loss: 1.9517877455476648e-17
Color loss:  40.80061340332031
(iteration 06):  100.0 correct
expl loss: 2.2105752783829757e-09
output loss: 2.192076765177174e-17
Color loss:  46.990447998046875
(iteration 07):  100.0 correct
expl loss: 2.146069100206205e-09
output loss: 2.4580767089144238e-17
Color loss:  53.07131576538086
(iteration 08):  100.0 correct
expl loss: 2.089367123758734e-09
output loss: 2.6758232370545152e-17
Color loss:  59.043663024902344
(iteration 09):  100.0 correct
expl loss: 2.0446833115528307e-09
output loss: 2.833392375631374e-17
Color loss:  64.91080474853516
(iteration 10):  100.0 correct
expl loss: 1.999653775897059e-09
output loss: 2.897181566621258e-17
Color loss:  70.67589569091797
(iteration 11):  100.0 correct
expl loss: 1.9589128097408093e-09
output loss: 3.019353826989625e-17
Color loss:  76.34417724609375
(iteration 12):  100.0 correct
expl loss: 1.915866576496228e-09
output loss: 3.2709556995486546e-17
Color loss:  81.91675567626953
(iteration 13):  100.0 correct
expl loss: 1.880235300788513e-09
output loss: 3.587997484727979e-17
Color loss:  87.39486694335938
(iteration 14):  100.0 correct
expl loss: 1.8447440242042035e-09
output loss: 1.5096472342544342e-16
Color loss:  92.77936553955078
(iteration 15):  100.0 correct
expl loss: 1.8073265106721692e-09
output loss: 1.5204360517222899e-16
Color loss:  98.0696029663086
(iteration 16):  100.0 correct
expl loss: 1.7797174844957908e-09
output loss: 1.552963175688039e-16
Color loss:  103.26112365722656
(iteration 17):  100.0 correct
expl loss: 1.7511316841023472e-09
output loss: 1.5963921430805432e-16
Color loss:  108.35769653320312
(iteration 18):  100.0 correct
expl loss: 1.7237313798545983e-09
output loss: 1.61855687772782e-16
Color loss:  113.3648681640625
(iteration 19):  100.0 correct
expl loss: 1.6986170248145527e-09
output loss: 1.6356165183322157e-16
Color loss:  118.29061126708984
(iteration 20):  100.0 correct
expl loss: 1.672794791574006e-09
output loss: 1.652201820486149e-16
Color loss:  123.14045715332031
(iteration 21):  100.0 correct
expl loss: 1.6506505051694376e-09
output loss: 1.6693488113632302e-16
Color loss:  127.91971588134766
(iteration 22):  100.0 correct
expl loss: 1.6285119919245972e-09
output loss: 1.6833277666686823e-16
Color loss:  132.63478088378906
(iteration 23):  100.0 correct
expl loss: 1.6070298425319152e-09
output loss: 1.6944964254738223e-16
Color loss:  137.29026794433594
(iteration 24):  100.0 correct
expl loss: 1.5869592306927416e-09
output loss: 2.715403928626851e-16
Color loss:  141.88967895507812
(iteration 25):  100.0 correct
expl loss: 1.5658810914587207e-09
output loss: 2.74250024791172e-16
Color loss:  146.43614196777344
(iteration 26):  100.0 correct
expl loss: 1.5455078328230343e-09
output loss: 1.780175793322065e-16
Color loss:  150.9327392578125
(iteration 27):  100.0 correct
expl loss: 1.5226745420093835e-09
output loss: 1.8140673020773836e-16
Color loss:  155.381103515625
(iteration 28):  100.0 correct
expl loss: 1.5057519675565345e-09
output loss: 1.865084361188306e-16
Color loss:  159.7799530029297
(iteration 29):  100.0 correct
expl loss: 1.4879132370637649e-09
output loss: 1.9259698835303332e-16
Color loss:  164.13351440429688
(iteration 30):  100.0 correct
expl loss: 1.4680267002020742e-09
output loss: 2.004927912593215e-16
Color loss:  168.44468688964844
(iteration 31):  100.0 correct
expl loss: 1.4510255219590817e-09
output loss: 2.1183560797935084e-16
Color loss:  172.71592712402344
(iteration 32):  100.0 correct
expl loss: 1.436457286452253e-09
output loss: 3.2389761691484155e-16
Color loss:  176.94821166992188
(iteration 33):  100.0 correct
expl loss: 1.4196624986695383e-09
output loss: 4.654953735535141e-16
Color loss:  181.1407928466797
(iteration 34):  100.0 correct
expl loss: 1.403370641916979e-09
output loss: 6.3506094050066195e-16
Color loss:  185.29566955566406
(iteration 35):  100.0 correct
expl loss: 1.3907081042319192e-09
output loss: 6.458513461552937e-16
Color loss:  189.41551208496094
(iteration 36):  100.0 correct
expl loss: 1.3742118554205263e-09
output loss: 6.535516167996641e-16
Color loss:  193.5015411376953
(iteration 37):  100.0 correct
expl loss: 1.3571518353572287e-09
output loss: 6.624591211521088e-16
Color loss:  197.5552520751953
(iteration 38):  100.0 correct
expl loss: 1.3450784930313375e-09
output loss: 6.721789830405295e-16
Color loss:  201.57688903808594
(iteration 39):  100.0 correct
expl loss: 1.3313782298851606e-09
output loss: 6.782753438597147e-16
Color loss:  205.56944274902344
(iteration 40):  100.0 correct
expl loss: 1.3182710478787385e-09
output loss: 6.83758241066851e-16
Color loss:  209.53233337402344
(iteration 41):  100.0 correct
expl loss: 1.3059833214867922e-09
output loss: 6.898400964468145e-16
Color loss:  213.4667510986328
(iteration 42):  100.0 correct
expl loss: 1.2946378413758453e-09
output loss: 6.946337205931226e-16
Color loss:  217.3751678466797
(iteration 43):  100.0 correct
expl loss: 1.2835414953116242e-09
output loss: 6.987458537938054e-16
Color loss:  221.25802612304688
(iteration 44):  100.0 correct
expl loss: 1.272250194084279e-09
output loss: 7.017336566361265e-16
Color loss:  225.1165771484375
(iteration 45):  100.0 correct
expl loss: 1.2624151723983346e-09
output loss: 8.860675606560083e-16
Color loss:  228.95233154296875
(iteration 46):  100.0 correct
expl loss: 1.2542027416628798e-09
output loss: 8.808213032785112e-16
Color loss:  232.76556396484375
(iteration 47):  100.0 correct
expl loss: 1.24490939779065e-09
output loss: 8.742724151072554e-16
Color loss:  236.55630493164062
(iteration 48):  100.0 correct
expl loss: 1.2343828181826666e-09
output loss: 8.672627939522524e-16
Color loss:  240.32583618164062
(iteration 49):  100.0 correct
expl loss: 1.2238379198947769e-09
output loss: 8.63343890142662e-16
Color loss:  244.0753631591797
(iteration 50):  100.0 correct
expl loss: 1.2139104166308812e-09
output loss: 6.757509209791008e-16
Color loss:  247.8057403564453
(iteration 51):  100.0 correct
expl loss: 1.2029645057864968e-09
output loss: 6.759820021550237e-16
Color loss:  251.5171661376953
(iteration 52):  100.0 correct
expl loss: 1.191008847101216e-09
output loss: 6.785491472599146e-16
Color loss:  255.20816040039062
(iteration 53):  100.0 correct
expl loss: 1.1799826671321512e-09
output loss: 6.816312883967362e-16
Color loss:  258.87841796875
(iteration 54):  100.0 correct
expl loss: 1.1691749790543327e-09
output loss: 6.832812556384284e-16
Color loss:  262.52789306640625
(iteration 55):  100.0 correct
expl loss: 1.159540796713543e-09
output loss: 8.689218138585684e-16
Color loss:  266.15606689453125
(iteration 56):  100.0 correct
expl loss: 1.1497706120522366e-09
output loss: 8.702939542935611e-16
Color loss:  269.76434326171875
(iteration 57):  100.0 correct
expl loss: 1.1412255584986042e-09
output loss: 8.7277284915326e-16
Color loss:  273.3502502441406
(iteration 58):  100.0 correct
expl loss: 1.1326197757455247e-09
output loss: 8.743712003247289e-16
Color loss:  276.91558837890625
(iteration 59):  100.0 correct
expl loss: 1.1225051999019797e-09
output loss: 8.751011309670253e-16
Color loss:  280.46026611328125
(iteration 60):  100.0 correct
expl loss: 1.1098948426990773e-09
output loss: 6.919390440901106e-16
Color loss:  283.9837341308594
(iteration 61):  100.0 correct
expl loss: 1.0994056776070238e-09
output loss: 6.95078148192635e-16
Color loss:  287.48419189453125
(iteration 62):  100.0 correct
expl loss: 1.092191781459917e-09
output loss: 6.982076172953845e-16
Color loss:  290.9610900878906
(iteration 63):  100.0 correct
expl loss: 1.0843511644154091e-09
output loss: 7.046626965677319e-16
Color loss:  294.41546630859375
(iteration 64):  100.0 correct
expl loss: 1.0753234969129721e-09
output loss: 8.993556547138562e-16
Color loss:  297.84765625
(iteration 65):  100.0 correct
expl loss: 1.0677625450483674e-09
output loss: 9.098925328194628e-16
Color loss:  301.25787353515625
(iteration 66):  100.0 correct
expl loss: 1.0599352506801551e-09
output loss: 9.18970396673424e-16
Color loss:  304.64654541015625
(iteration 67):  100.0 correct
expl loss: 1.0521865601020863e-09
output loss: 9.280481546482667e-16
Color loss:  308.0152587890625
(iteration 68):  100.0 correct
expl loss: 1.0419741736100718e-09
output loss: 9.352193473379585e-16
Color loss:  311.3642272949219
(iteration 69):  100.0 correct
expl loss: 1.0327099175810872e-09
output loss: 9.377734693112854e-16
Color loss:  314.6934814453125
(iteration 70):  100.0 correct
expl loss: 1.024978657504505e-09
output loss: 9.373279299810296e-16
Color loss:  318.00408935546875
(iteration 71):  100.0 correct
expl loss: 1.019231143928323e-09
output loss: 9.370796434483657e-16
Color loss:  321.296142578125
(iteration 72):  100.0 correct
expl loss: 1.0118224036403944e-09
output loss: 9.378710898584565e-16
Color loss:  324.5704040527344
(iteration 73):  100.0 correct
expl loss: 1.0038682107804675e-09
output loss: 1.1530295286805471e-15
Color loss:  327.82720947265625
(iteration 74):  100.0 correct
expl loss: 9.961026448124244e-10
output loss: 1.1573318207778885e-15
Color loss:  331.0664978027344
(iteration 75):  100.0 correct
expl loss: 9.878258211415414e-10
output loss: 1.1618063782008778e-15
Color loss:  334.2882385253906
(iteration 76):  100.0 correct
expl loss: 9.818124091509617e-10
output loss: 1.1684242466177756e-15
Color loss:  337.4910888671875
(iteration 77):  100.0 correct
expl loss: 9.74039737755561e-10
output loss: 1.1788123645620208e-15
Color loss:  340.67523193359375
(iteration 78):  100.0 correct
expl loss: 9.662169953017496e-10
output loss: 1.1891813183858343e-15
Color loss:  343.8403625488281
(iteration 79):  100.0 correct
expl loss: 9.588893012946187e-10
output loss: 1.2009100777273462e-15
Color loss:  346.9857177734375
(iteration 80):  100.0 correct
expl loss: 9.511220699920386e-10
output loss: 1.4559448160029196e-15
Color loss:  350.1114807128906
(iteration 81):  100.0 correct
expl loss: 9.437097769904312e-10
output loss: 1.470076396057555e-15
Color loss:  353.2170715332031
(iteration 82):  100.0 correct
expl loss: 9.374261367156578e-10
output loss: 1.487921262673835e-15
Color loss:  356.30255126953125
(iteration 83):  100.0 correct
expl loss: 9.305032300233052e-10
output loss: 1.5122030502936557e-15
Color loss:  359.36834716796875
(iteration 84):  100.0 correct
expl loss: 9.236407194634921e-10
output loss: 1.8150137290470422e-15
Color loss:  362.41375732421875
(iteration 85):  100.0 correct
expl loss: 9.171001180696692e-10
output loss: 1.849659917688585e-15
Color loss:  365.439453125
(iteration 86):  100.0 correct
expl loss: 9.120768584836014e-10
output loss: 1.8889408588592662e-15
Color loss:  368.4454345703125
(iteration 87):  100.0 correct
expl loss: 9.044551219083985e-10
output loss: 2.2322839699629024e-15
Color loss:  371.4320983886719
(iteration 88):  100.0 correct
expl loss: 8.980161059213287e-10
output loss: 2.283622213379512e-15
Color loss:  374.3998718261719
(iteration 89):  100.0 correct
expl loss: 8.920328919970189e-10
output loss: 2.3473936299123936e-15
Color loss:  377.3480224609375
(iteration 90):  100.0 correct
expl loss: 8.843216159348799e-10
output loss: 2.752649343746162e-15
Color loss:  380.2767639160156
(iteration 91):  100.0 correct
expl loss: 8.785152605383928e-10
output loss: 3.2074488616977816e-15
Color loss:  383.185546875
(iteration 92):  100.0 correct
expl loss: 8.732584655390951e-10
output loss: 3.3230658943826782e-15
Color loss:  386.0741271972656
(iteration 93):  100.0 correct
expl loss: 8.68044525148548e-10
output loss: 3.840918756686145e-15
Color loss:  388.94390869140625
(iteration 94):  100.0 correct
expl loss: 8.623049496669921e-10
output loss: 4.415426476457899e-15
Color loss:  391.7962951660156
(iteration 95):  100.0 correct
expl loss: 8.548216579029599e-10
output loss: 4.6046201790730934e-15
Color loss:  394.630859375
(iteration 96):  100.0 correct
expl loss: 8.498176606863694e-10
output loss: 5.249932229938782e-15
Color loss:  397.4472961425781
(iteration 97):  100.0 correct
expl loss: 8.447809674017037e-10
output loss: 5.963327095038877e-15
Color loss:  400.2463684082031
(iteration 98):  100.0 correct
expl loss: 8.388481576027118e-10
output loss: 6.737866727502418e-15
Color loss:  403.0292053222656
(iteration 99):  100.0 correct
expl loss: 8.340635959669385e-10
output loss: 7.582901524034145e-15
Color loss:  405.7956237792969
(iteration 100):  100.0 correct
expl loss: 8.287059927170048e-10
output loss: 8.498096906619894e-15
Color loss:  408.5457763671875
(iteration 101):  100.0 correct
expl loss: 8.241488047566747e-10
output loss: 9.477249205953973e-15
Color loss:  411.2798767089844
(iteration 102):  100.0 correct
expl loss: 8.190282341224986e-10
output loss: 1.0530959886404217e-14
Color loss:  413.9976806640625
(iteration 103):  100.0 correct
expl loss: 8.140551566171439e-10
output loss: 1.1649670181160861e-14
Color loss:  416.6993408203125
(iteration 104):  100.0 correct
expl loss: 8.101867510212912e-10
output loss: 1.2768726912392933e-14
Color loss:  419.38525390625
(iteration 105):  100.0 correct
expl loss: 8.064210965663676e-10
output loss: 1.3918154009948808e-14
Color loss:  422.05621337890625
(iteration 106):  100.0 correct
expl loss: 8.004520379856217e-10
output loss: 1.5141952294339504e-14
Color loss:  424.71405029296875
(iteration 107):  100.0 correct
expl loss: 7.937783208511462e-10
output loss: 1.640839360542677e-14
Color loss:  427.35833740234375
(iteration 108):  100.0 correct
expl loss: 7.898847687037858e-10
output loss: 1.773856906359724e-14
Color loss:  429.98748779296875
(iteration 109):  100.0 correct
expl loss: 7.841260973862063e-10
output loss: 1.8369393462933092e-14
Color loss:  432.6007080078125
(iteration 110):  100.0 correct
expl loss: 7.797879564286347e-10
output loss: 1.986431174714684e-14
Color loss:  435.197265625
(iteration 111):  100.0 correct
expl loss: 7.761234988024057e-10
output loss: 2.1388420480788865e-14
Color loss:  437.776123046875
(iteration 112):  100.0 correct
expl loss: 7.709117233467566e-10
output loss: 2.2968338521259582e-14
Color loss:  440.339111328125
(iteration 113):  100.0 correct
expl loss: 7.650996503016927e-10
output loss: 2.4599202205375856e-14
Color loss:  442.88616943359375
(iteration 114):  100.0 correct
expl loss: 7.621291375770056e-10
output loss: 2.633888421222589e-14
Color loss:  445.4161071777344
(iteration 115):  100.0 correct
expl loss: 7.575459703978993e-10
output loss: 2.8144993930931395e-14
Color loss:  447.93023681640625
(iteration 116):  100.0 correct
expl loss: 7.526128054102799e-10
output loss: 3.010919218484655e-14
Color loss:  450.4279479980469
(iteration 117):  100.0 correct
expl loss: 7.480092101275204e-10
output loss: 3.21863304238168e-14
Color loss:  452.90972900390625
(iteration 118):  100.0 correct
expl loss: 7.437936377918675e-10
output loss: 3.5533808019497584e-14
Color loss:  455.3770446777344
(iteration 119):  100.0 correct
expl loss: 7.38472560879444e-10
output loss: 3.8044264597360614e-14
Color loss:  457.8298034667969
(iteration 120):  100.0 correct
expl loss: 7.356092401877845e-10
output loss: 4.1949127141784406e-14
Color loss:  460.2688903808594
(iteration 121):  100.0 correct
expl loss: 7.317328409861545e-10
output loss: 4.6102044978877516e-14
Color loss:  462.6960144042969
(iteration 122):  100.0 correct
expl loss: 7.278956881684451e-10
output loss: 4.920013235796411e-14
Color loss:  465.1111145019531
(iteration 123):  100.0 correct
expl loss: 7.248027178441419e-10
output loss: 5.3776312558800193e-14
Color loss:  467.5145263671875
(iteration 124):  100.0 correct
expl loss: 7.215455455344966e-10
output loss: 5.874835530160147e-14
Color loss:  469.9065246582031
(iteration 125):  100.0 correct
expl loss: 7.180074867996211e-10
output loss: 6.417705722319006e-14
Color loss:  472.2874450683594
(iteration 126):  100.0 correct
expl loss: 7.146673253188851e-10
output loss: 7.15462980744111e-14
Color loss:  474.65802001953125
(iteration 127):  100.0 correct
expl loss: 7.11363634664508e-10
output loss: 7.78994924122145e-14
Color loss:  477.0189514160156
(iteration 128):  100.0 correct
expl loss: 7.08150205142033e-10
output loss: 8.634743310989568e-14
Color loss:  479.3693542480469
(iteration 129):  100.0 correct
expl loss: 7.029896664789703e-10
output loss: 9.364456774038285e-14
Color loss:  481.7095642089844
(iteration 130):  100.0 correct
expl loss: 6.995085066741069e-10
output loss: 1.0326995199738329e-13
Color loss:  484.0375061035156
(iteration 131):  100.0 correct
expl loss: 6.963385423830459e-10
output loss: 1.1329908636715375e-13
Color loss:  486.35284423828125
(iteration 132):  100.0 correct
expl loss: 6.925113815725581e-10
output loss: 1.1952369432730037e-13
Color loss:  488.65673828125
(iteration 133):  100.0 correct
expl loss: 6.894529946954719e-10
output loss: 1.297962117560031e-13
Color loss:  490.9498291015625
(iteration 134):  100.0 correct
expl loss: 6.853116407690152e-10
output loss: 1.385046049205696e-13
Color loss:  493.2314453125
(iteration 135):  100.0 correct
expl loss: 6.818724473944826e-10
output loss: 1.5008752975251977e-13
Color loss:  495.50091552734375
(iteration 136):  100.0 correct
expl loss: 6.788891115938611e-10
output loss: 1.6233359329074354e-13
Color loss:  497.75726318359375
(iteration 137):  100.0 correct
expl loss: 6.753919645774431e-10
output loss: 1.7517770274731032e-13
Color loss:  500.0006408691406
(iteration 138):  100.0 correct
expl loss: 6.729329871113521e-10
output loss: 1.8879430625177301e-13
Color loss:  502.232666015625
(iteration 139):  100.0 correct
expl loss: 6.6962546618754e-10
output loss: 2.03630732067972e-13
Color loss:  504.4542541503906
(iteration 140):  100.0 correct
expl loss: 6.674031882702991e-10
output loss: 2.227398631206648e-13
Color loss:  506.6656494140625
(iteration 141):  100.0 correct
expl loss: 6.646831973711187e-10
output loss: 2.4367826007877513e-13
Color loss:  508.8663330078125
(iteration 142):  100.0 correct
expl loss: 6.615563097334132e-10
output loss: 2.655806618460238e-13
Color loss:  511.056640625
(iteration 143):  100.0 correct
expl loss: 6.578207423224569e-10
output loss: 2.916923972327845e-13
Color loss:  513.236328125
(iteration 144):  100.0 correct
expl loss: 6.551081344063903e-10
output loss: 3.1655190621537876e-13
Color loss:  515.4056396484375
(iteration 145):  100.0 correct
expl loss: 6.5278399352664e-10
output loss: 3.458890075400123e-13
Color loss:  517.5637817382812
(iteration 146):  100.0 correct
expl loss: 6.498716564884433e-10
output loss: 3.779498686674182e-13
Color loss:  519.7114868164062
(iteration 147):  100.0 correct
expl loss: 6.471360114446156e-10
output loss: 4.1290807036541144e-13
Color loss:  521.8479614257812
(iteration 148):  100.0 correct
expl loss: 6.434722754633526e-10
output loss: 4.5440043329632307e-13
Color loss:  523.9723510742188
(iteration 149):  100.0 correct
expl loss: 6.405291852473738e-10
output loss: 4.985995340558991e-13
Color loss:  526.0852661132812
(iteration 150):  100.0 correct
expl loss: 6.367477656255005e-10
output loss: 5.538199022644963e-13
Color loss:  528.1859741210938
(iteration 151):  100.0 correct
expl loss: 6.335623692343972e-10
output loss: 6.090621713569777e-13
Color loss:  530.2760620117188
(iteration 152):  100.0 correct
expl loss: 6.318868761567842e-10
output loss: 6.682123387599659e-13
Color loss:  532.3549194335938
(iteration 153):  100.0 correct
expl loss: 6.2975552550526e-10
output loss: 7.316202223044133e-13
Color loss:  534.4227905273438
(iteration 154):  100.0 correct
expl loss: 6.262143581459156e-10
output loss: 8.036236606723257e-13
Color loss:  536.4808349609375
(iteration 155):  100.0 correct
expl loss: 6.229681770442141e-10
output loss: 8.783983740032197e-13
Color loss:  538.528564453125
(iteration 156):  100.0 correct
expl loss: 6.201293367702476e-10
output loss: 9.588692687079181e-13
Color loss:  540.5645751953125
(iteration 157):  100.0 correct
expl loss: 6.172755639965999e-10
output loss: 1.0534132160316956e-12
Color loss:  542.590087890625
(iteration 158):  100.0 correct
expl loss: 6.142029662647985e-10
output loss: 1.161947274508357e-12
Color loss:  544.6076049804688
(iteration 159):  100.0 correct
expl loss: 6.116736006589463e-10
output loss: 1.2769523936514982e-12
Color loss:  546.6166381835938
(iteration 160):  100.0 correct
expl loss: 6.102020555509569e-10
output loss: 1.399646457761472e-12
Color loss:  548.6168212890625
(iteration 161):  100.0 correct
expl loss: 6.092890081355051e-10
output loss: 1.5309063695553848e-12
Color loss:  550.6085815429688
(iteration 162):  100.0 correct
expl loss: 6.062101931547659e-10
output loss: 1.6768896384314336e-12
Color loss:  552.5931396484375
(iteration 163):  100.0 correct
expl loss: 6.035753563615742e-10
output loss: 1.8311220595368383e-12
Color loss:  554.5693359375
(iteration 164):  100.0 correct
expl loss: 6.007672692653898e-10
output loss: 2.005824542919421e-12
Color loss:  556.5357055664062
(iteration 165):  100.0 correct
expl loss: 5.979481909612616e-10
output loss: 2.213454463120823e-12
Color loss:  558.4935913085938
(iteration 166):  100.0 correct
expl loss: 5.948690984247662e-10
output loss: 2.4365481420679513e-12
Color loss:  560.4432373046875
(iteration 167):  100.0 correct
expl loss: 5.927225932289559e-10
output loss: 2.6887853922519245e-12
Color loss:  562.3834838867188
(iteration 168):  100.0 correct
expl loss: 5.89855331245559e-10
output loss: 2.9627533065790246e-12
Color loss:  564.3160400390625
(iteration 169):  100.0 correct
expl loss: 5.873642128229051e-10
output loss: 3.2952666203373004e-12
Color loss:  566.2418823242188
(iteration 170):  100.0 correct
expl loss: 5.850199769064091e-10
output loss: 3.687358144516262e-12
Color loss:  568.1574096679688
(iteration 171):  100.0 correct
expl loss: 5.825759874511505e-10
output loss: 4.1270181716512866e-12
Color loss:  570.0599365234375
(iteration 172):  100.0 correct
expl loss: 5.811530146004884e-10
output loss: 4.6301027248341065e-12
Color loss:  571.951904296875
(iteration 173):  100.0 correct
expl loss: 5.781291001483169e-10
output loss: 5.207334563550603e-12
Color loss:  573.8329467773438
(iteration 174):  100.0 correct
expl loss: 5.767916699817022e-10
output loss: 5.829126677875385e-12
Color loss:  575.7020874023438
(iteration 175):  100.0 correct
expl loss: 5.744048570122118e-10
output loss: 6.5110499457288196e-12
Color loss:  577.5598754882812
(iteration 176):  100.0 correct
expl loss: 5.721580431661266e-10
output loss: 7.261508234990277e-12
Color loss:  579.404052734375
(iteration 177):  100.0 correct
expl loss: 5.699098415412607e-10
output loss: 8.10987214883152e-12
Color loss:  581.2353515625
(iteration 178):  100.0 correct
expl loss: 5.681956571912394e-10
output loss: 9.071729478726809e-12
Color loss:  583.0521850585938
(iteration 179):  100.0 correct
expl loss: 5.651815682128358e-10
output loss: 1.0201933915710004e-11
Color loss:  584.8563232421875
(iteration 180):  100.0 correct
expl loss: 5.628374433186423e-10
output loss: 1.1449067388591416e-11
Color loss:  586.6483154296875
(iteration 181):  100.0 correct
expl loss: 5.615580778162155e-10
output loss: 1.2821898924542108e-11
Color loss:  588.4270629882812
(iteration 182):  100.0 correct
expl loss: 5.586632267906566e-10
output loss: 1.4361611726243506e-11
Color loss:  590.19287109375
(iteration 183):  100.0 correct
expl loss: 5.552001636210946e-10
output loss: 1.6064831756534836e-11
Color loss:  591.9473876953125
(iteration 184):  100.0 correct
expl loss: 5.525130908345943e-10
output loss: 1.7905557245234682e-11
Color loss:  593.6893920898438
(iteration 185):  100.0 correct
expl loss: 5.500462862961797e-10
output loss: 1.9931851308330195e-11
Color loss:  595.4198608398438
(iteration 186):  100.0 correct
expl loss: 5.477168718570624e-10
output loss: 2.2066230787043395e-11
Color loss:  597.1384887695312
(iteration 187):  100.0 correct
expl loss: 5.465087826728166e-10
output loss: 2.4414612692646998e-11
Color loss:  598.8466186523438
(iteration 188):  100.0 correct
expl loss: 5.442907791142204e-10
output loss: 2.682851683866172e-11
Color loss:  600.543212890625
(iteration 189):  100.0 correct
expl loss: 5.432662097959451e-10
output loss: 2.9429798875657553e-11
Color loss:  602.2307739257812
(iteration 190):  100.0 correct
expl loss: 5.414897419342424e-10
output loss: 3.217334731964172e-11
Color loss:  603.9122314453125
(iteration 191):  100.0 correct
expl loss: 5.391753155059575e-10
output loss: 3.506865284275129e-11
Color loss:  605.5870361328125
(iteration 192):  100.0 correct
expl loss: 5.377476797185921e-10
output loss: 3.7969644789415113e-11
Color loss:  607.2545776367188
(iteration 193):  100.0 correct
expl loss: 5.347565723567982e-10
output loss: 4.1020967872507086e-11
Color loss:  608.913330078125
(iteration 194):  100.0 correct
expl loss: 5.32587529633588e-10
output loss: 4.423395330577229e-11
Color loss:  610.5638427734375
(iteration 195):  100.0 correct
expl loss: 5.314101936271243e-10
output loss: 4.7560424348835895e-11
Color loss:  612.2061157226562
(iteration 196):  100.0 correct
expl loss: 5.299344851827925e-10
output loss: 5.089220017628904e-11
Color loss:  613.84033203125
(iteration 197):  100.0 correct
expl loss: 5.283009030243591e-10
output loss: 5.4307579266943407e-11
Color loss:  615.4667358398438
(iteration 198):  100.0 correct
expl loss: 5.251694079611013e-10
output loss: 5.774278277748124e-11
Color loss:  617.0845947265625
(iteration 199):  100.0 correct
expl loss: 5.223345644900235e-10
output loss: 6.128350604761579e-11
Color loss:  618.692138671875
(iteration 200):  100.0 correct
expl loss: 5.206967634840964e-10
output loss: 6.496610194250962e-11
Color loss:  620.2861328125
(iteration 201):  100.0 correct
expl loss: 5.191326812870045e-10
output loss: 6.897259846594395e-11
Color loss:  621.8733520507812
(iteration 202):  100.0 correct
expl loss: 5.173641515199279e-10
output loss: 7.34330860008292e-11
Color loss:  623.4529418945312
(iteration 203):  100.0 correct
expl loss: 5.155489368746657e-10
output loss: 7.848446198499559e-11
Color loss:  625.0264892578125
(iteration 204):  100.0 correct
expl loss: 5.142735126639764e-10
output loss: 8.370794335466059e-11
Color loss:  626.5941772460938
(iteration 205):  100.0 correct
expl loss: 5.128345526017597e-10
output loss: 8.913698251733493e-11
Color loss:  628.1544189453125
(iteration 206):  100.0 correct
expl loss: 5.107968492623627e-10
output loss: 9.486622598586791e-11
Color loss:  629.70458984375
(iteration 207):  100.0 correct
expl loss: 5.092624100200283e-10
output loss: 1.0091172342185928e-10
Color loss:  631.2474975585938
(iteration 208):  100.0 correct
expl loss: 5.086798759990074e-10
output loss: 1.0809318023996539e-10
Color loss:  632.7806396484375
(iteration 209):  100.0 correct
expl loss: 5.071998931960309e-10
output loss: 1.157095461112867e-10
Color loss:  634.3052978515625
(iteration 210):  100.0 correct
expl loss: 5.069452080341819e-10
output loss: 1.242479452656653e-10
Color loss:  635.8215942382812
(iteration 211):  100.0 correct
expl loss: 5.049623497122013e-10
output loss: 1.3255394004652032e-10
Color loss:  637.3310546875
(iteration 212):  100.0 correct
expl loss: 5.037809058805465e-10
output loss: 1.393899301538326e-10
Color loss:  638.8331909179688
(iteration 213):  100.0 correct
expl loss: 5.019060167477107e-10
output loss: 1.4570372686151245e-10
Color loss:  640.3287963867188
(iteration 214):  100.0 correct
expl loss: 5.000430070012385e-10
output loss: 1.5237826278546862e-10
Color loss:  641.8192749023438
(iteration 215):  100.0 correct
expl loss: 4.991453916858291e-10
output loss: 1.5916783169256377e-10
Color loss:  643.3046264648438
(iteration 216):  100.0 correct
expl loss: 4.97357321993519e-10
output loss: 1.6621272413974708e-10
Color loss:  644.784423828125
(iteration 217):  100.0 correct
expl loss: 4.958391475184953e-10
output loss: 1.73785069668142e-10
Color loss:  646.2587890625
(iteration 218):  100.0 correct
expl loss: 4.944044063037722e-10
output loss: 1.8202093998720414e-10
Color loss:  647.7283935546875
(iteration 219):  100.0 correct
expl loss: 4.937014130845796e-10
output loss: 1.9099176407078033e-10
Color loss:  649.1920776367188
(iteration 220):  100.0 correct
expl loss: 4.910067907815119e-10
output loss: 2.01162544954947e-10
Color loss:  650.6478271484375
(iteration 221):  100.0 correct
expl loss: 4.889725291334912e-10
output loss: 2.1270835093289975e-10
Color loss:  652.0950927734375
(iteration 222):  100.0 correct
expl loss: 4.880500448223302e-10
output loss: 2.2575541436253843e-10
Color loss:  653.5376586914062
(iteration 223):  100.0 correct
expl loss: 4.855164603689843e-10
output loss: 2.393021614199853e-10
Color loss:  654.9742431640625
(iteration 224):  100.0 correct
expl loss: 4.843700995849076e-10
output loss: 2.5304980333373805e-10
Color loss:  656.404296875
(iteration 225):  100.0 correct
expl loss: 4.829375233050825e-10
output loss: 2.6707966394035054e-10
Color loss:  657.8301391601562
(iteration 226):  100.0 correct
expl loss: 4.80626760612779e-10
output loss: 2.81776824095914e-10
Color loss:  659.2514038085938
(iteration 227):  100.0 correct
expl loss: 4.786566143444304e-10
output loss: 2.976513757690924e-10
Color loss:  660.6683349609375
(iteration 228):  100.0 correct
expl loss: 4.771792960767129e-10
output loss: 3.144811910882339e-10
Color loss:  662.076904296875
(iteration 229):  100.0 correct
expl loss: 4.763833216792079e-10
output loss: 3.336013409960259e-10
Color loss:  663.4759521484375
(iteration 230):  100.0 correct
expl loss: 4.746293358337539e-10
output loss: 3.5448388668868347e-10
Color loss:  664.865234375
(iteration 231):  100.0 correct
expl loss: 4.736385172954272e-10
output loss: 3.766761347279157e-10
Color loss:  666.2490844726562
(iteration 232):  100.0 correct
expl loss: 4.73204975204311e-10
output loss: 4.001227682515207e-10
Color loss:  667.6255493164062
(iteration 233):  100.0 correct
expl loss: 4.712617518443096e-10
output loss: 4.2528286448018093e-10
Color loss:  668.9954833984375
(iteration 234):  100.0 correct
expl loss: 4.702886968743769e-10
output loss: 4.507025308519985e-10
Color loss:  670.35791015625
(iteration 235):  100.0 correct
expl loss: 4.681239285098115e-10
output loss: 4.767512495895687e-10
Color loss:  671.712158203125
(iteration 236):  100.0 correct
expl loss: 4.661368513403374e-10
output loss: 5.038726103023805e-10
Color loss:  673.0603637695312
(iteration 237):  100.0 correct
expl loss: 4.6441123169316256e-10
output loss: 5.331944885611506e-10
Color loss:  674.402587890625
(iteration 238):  100.0 correct
expl loss: 4.627771221787924e-10
output loss: 5.64935820346335e-10
Color loss:  675.7385864257812
(iteration 239):  100.0 correct
expl loss: 4.6049605795239756e-10
output loss: 6.002335850574525e-10
Color loss:  677.064453125
(iteration 240):  100.0 correct
expl loss: 4.5904743894986666e-10
output loss: 6.385293405131165e-10
Color loss:  678.3818969726562
(iteration 241):  100.0 correct
expl loss: 4.5935821813003486e-10
output loss: 6.794054763226143e-10
Color loss:  679.6874389648438
(iteration 242):  100.0 correct
expl loss: 4.583969870353144e-10
output loss: 7.205672170051969e-10
Color loss:  680.978759765625
(iteration 243):  100.0 correct
expl loss: 4.573353362680166e-10
output loss: 7.611173913346647e-10
Color loss:  682.2659912109375
(iteration 244):  100.0 correct
expl loss: 4.566328148936094e-10
output loss: 8.003201434902962e-10
Color loss:  683.5480346679688
(iteration 245):  100.0 correct
expl loss: 4.55615545291721e-10
output loss: 8.408349572164298e-10
Color loss:  684.824951171875
(iteration 246):  100.0 correct
expl loss: 4.5510617496802297e-10
output loss: 8.846779420146333e-10
Color loss:  686.097900390625
(iteration 247):  100.0 correct
expl loss: 4.5392939407307153e-10
output loss: 9.330501926640977e-10
Color loss:  687.3673095703125
(iteration 248):  100.0 correct
expl loss: 4.5198406128932334e-10
output loss: 9.882706875075087e-10
Color loss:  688.6295776367188
(iteration 249):  100.0 correct
expl loss: 4.5014919569652534e-10
output loss: 1.0478198309016307e-09
Color loss:  689.8854370117188
(iteration 250):  100.0 correct
expl loss: 4.5100131962350076e-10
output loss: 1.1127669896637826e-09
Color loss:  691.1365966796875
(iteration 251):  100.0 correct
expl loss: 4.4977535584855843e-10
output loss: 1.1380180131581596e-09
Color loss:  691.6365356445312
(iteration 252):  100.0 correct
expl loss: 4.4775300134247686e-10
output loss: 1.1622813822498301e-09
Color loss:  692.1349487304688
(iteration 253):  100.0 correct
expl loss: 4.47916620460731e-10
output loss: 1.186358344895666e-09
Color loss:  692.632080078125
(iteration 254):  100.0 correct
expl loss: 4.4684603239808496e-10
output loss: 1.2101329938118965e-09
Color loss:  693.1282348632812
(iteration 255):  100.0 correct
expl loss: 4.468558856274285e-10
output loss: 1.234236490788021e-09
Color loss:  693.6234130859375
(iteration 256):  100.0 correct
expl loss: 4.458350355562857e-10
output loss: 1.2579773889243029e-09
Color loss:  694.117919921875
(iteration 257):  100.0 correct
expl loss: 4.449297319464307e-10
output loss: 1.2830523310469744e-09
Color loss:  694.6102294921875
(iteration 258):  100.0 correct
expl loss: 4.4500564344573945e-10
output loss: 1.3094323403350927e-09
Color loss:  695.1006469726562
(iteration 259):  100.0 correct
expl loss: 4.443463097469902e-10
output loss: 1.336237231974735e-09
Color loss:  695.588623046875
(iteration 260):  100.0 correct
expl loss: 4.4500883533693525e-10
output loss: 1.363072987814462e-09
Color loss:  696.07666015625
(iteration 261):  100.0 correct
expl loss: 4.4413792088526804e-10
output loss: 1.3886786165429044e-09
Color loss:  696.5643920898438
(iteration 262):  100.0 correct
expl loss: 4.4304235280456794e-10
output loss: 1.4125812741738741e-09
Color loss:  697.052001953125
(iteration 263):  100.0 correct
expl loss: 4.4261860843164413e-10
output loss: 1.4347770749267852e-09
Color loss:  697.5391845703125
(iteration 264):  100.0 correct
expl loss: 4.41478631429959e-10
output loss: 1.45870204804055e-09
Color loss:  698.0247802734375
(iteration 265):  100.0 correct
expl loss: 4.402452291607517e-10
output loss: 1.4835009887192996e-09
Color loss:  698.509521484375
(iteration 266):  100.0 correct
expl loss: 4.400911024493581e-10
output loss: 1.509559366397184e-09
Color loss:  698.9930419921875
(iteration 267):  100.0 correct
expl loss: 4.3931594473356483e-10
output loss: 1.535291893617341e-09
Color loss:  699.4768676757812
(iteration 268):  100.0 correct
expl loss: 4.394927477502364e-10
output loss: 1.5601174796486816e-09
Color loss:  699.9602661132812
(iteration 269):  100.0 correct
expl loss: 4.391399188730105e-10
output loss: 1.5844542344822798e-09
Color loss:  700.4437255859375
(iteration 270):  100.0 correct
expl loss: 4.384579366245589e-10
output loss: 1.608410293840734e-09
Color loss:  700.9271240234375
(iteration 271):  100.0 correct
expl loss: 4.379983598035153e-10
output loss: 1.6309441575046435e-09
Color loss:  701.4098510742188
(iteration 272):  100.0 correct
expl loss: 4.3753528577994416e-10
output loss: 1.6547170300640346e-09
Color loss:  701.891357421875
(iteration 273):  100.0 correct
expl loss: 4.370107331563844e-10
output loss: 1.6808159308823178e-09
Color loss:  702.3717651367188
(iteration 274):  100.0 correct
expl loss: 4.366834116531493e-10
output loss: 1.7104785365873454e-09
Color loss:  702.8506469726562
(iteration 275):  100.0 correct
expl loss: 4.363288341746596e-10
output loss: 1.738704291653903e-09
Color loss:  703.3301391601562
(iteration 276):  100.0 correct
expl loss: 4.3614278855130806e-10
output loss: 1.7658197126735331e-09
Color loss:  703.8103637695312
(iteration 277):  100.0 correct
expl loss: 4.356860983101285e-10
output loss: 1.7918183603526927e-09
Color loss:  704.2908935546875
(iteration 278):  100.0 correct
expl loss: 4.339114623164164e-10
output loss: 1.8186857575486215e-09
Color loss:  704.771484375
(iteration 279):  100.0 correct
expl loss: 4.3267192606499805e-10
output loss: 1.8460744044546118e-09
Color loss:  705.25244140625
(iteration 280):  100.0 correct
expl loss: 4.326963787271154e-10
output loss: 1.875137822793249e-09
Color loss:  705.7320556640625
(iteration 281):  100.0 correct
expl loss: 4.3159253948488185e-10
output loss: 1.9053769673149645e-09
Color loss:  706.2097778320312
(iteration 282):  100.0 correct
expl loss: 4.313255030918839e-10
output loss: 1.936237614685865e-09
Color loss:  706.686279296875
(iteration 283):  100.0 correct
expl loss: 4.3113135284045256e-10
output loss: 1.965387852465028e-09
Color loss:  707.1624755859375
(iteration 284):  100.0 correct
expl loss: 4.3026962548431413e-10
output loss: 1.994505893776477e-09
Color loss:  707.638916015625
(iteration 285):  100.0 correct
expl loss: 4.3075129574354776e-10
output loss: 2.0236248232663456e-09
Color loss:  708.1151733398438
(iteration 286):  100.0 correct
expl loss: 4.2886885709414457e-10
output loss: 2.0519523857842614e-09
Color loss:  708.5916137695312
(iteration 287):  100.0 correct
expl loss: 4.2809114586539465e-10
output loss: 2.080869476728253e-09
Color loss:  709.0665893554688
(iteration 288):  100.0 correct
expl loss: 4.2791636900574304e-10
output loss: 2.1117656512359417e-09
Color loss:  709.5401611328125
(iteration 289):  100.0 correct
expl loss: 4.2828543489470405e-10
output loss: 2.1435668795533047e-09
Color loss:  710.0133666992188
(iteration 290):  100.0 correct
expl loss: 4.2744988104637116e-10
output loss: 2.175781776969643e-09
Color loss:  710.4864501953125
(iteration 291):  100.0 correct
expl loss: 4.2730208260621794e-10
output loss: 2.205945426325684e-09
Color loss:  710.9590454101562
(iteration 292):  100.0 correct
expl loss: 4.2724401794203004e-10
output loss: 2.2331927418406394e-09
Color loss:  711.4318237304688
(iteration 293):  100.0 correct
expl loss: 4.2573589098537923e-10
output loss: 2.2600685767315554e-09
Color loss:  711.9038696289062
(iteration 294):  100.0 correct
expl loss: 4.24786483765871e-10
output loss: 2.2883364092507463e-09
Color loss:  712.37451171875
(iteration 295):  100.0 correct
expl loss: 4.2554149093376736e-10
output loss: 2.3177240127125742e-09
Color loss:  712.843994140625
(iteration 296):  100.0 correct
expl loss: 4.2587636195356993e-10
output loss: 2.3466268928018508e-09
Color loss:  713.3134765625
(iteration 297):  100.0 correct
expl loss: 4.24547758060001e-10
output loss: 2.374182628273047e-09
Color loss:  713.7835693359375
(iteration 298):  100.0 correct
expl loss: 4.2385628340468884e-10
output loss: 2.4007313914609085e-09
Color loss:  714.2536010742188
(iteration 299):  100.0 correct
expl loss: 4.2566722369130616e-10
output loss: 2.426131073818283e-09
Color loss:  714.7233276367188
(iteration 300):  100.0 correct
expl loss: 4.2515663212228105e-10
output loss: 2.4507293971964828e-09
Color loss:  715.1927490234375
(iteration 301):  100.0 correct
expl loss: 4.243841944528981e-10
output loss: 2.4746196203295767e-09
Color loss:  715.6627807617188
(iteration 302):  100.0 correct
expl loss: 4.2316139481357595e-10
output loss: 2.5011224202842186e-09
Color loss:  716.1317138671875
(iteration 303):  100.0 correct
expl loss: 4.226532179796294e-10
output loss: 2.5336521769503406e-09
Color loss:  716.6000366210938
(iteration 304):  100.0 correct
expl loss: 4.2160697155679827e-10
output loss: 2.573312674059025e-09
Color loss:  717.0675659179688
(iteration 305):  100.0 correct
expl loss: 4.219412319539373e-10
output loss: 2.6146387277492522e-09
Color loss:  717.5350341796875
(iteration 306):  100.0 correct
expl loss: 4.2338049732748573e-10
output loss: 2.655994979505749e-09
Color loss:  718.0025024414062
(iteration 307):  100.0 correct
expl loss: 4.2221290352806307e-10
output loss: 2.6947821751832635e-09
Color loss:  718.4697875976562
(iteration 308):  100.0 correct
expl loss: 4.2300798974714837e-10
output loss: 2.734089843414722e-09
Color loss:  718.9368896484375
(iteration 309):  100.0 correct
expl loss: 4.228143113405025e-10
output loss: 2.772129192862849e-09
Color loss:  719.4041137695312
(iteration 310):  100.0 correct
expl loss: 4.2316300463696166e-10
output loss: 2.809113608392977e-09
Color loss:  719.8710327148438
(iteration 311):  100.0 correct
expl loss: 4.216160753856002e-10
output loss: 2.847379665382732e-09
Color loss:  720.3370971679688
(iteration 312):  100.0 correct
expl loss: 4.213853987966587e-10
output loss: 2.8859064027386694e-09
Color loss:  720.8018798828125
(iteration 313):  100.0 correct
expl loss: 4.190566227357806e-10
output loss: 2.923834063750519e-09
Color loss:  721.26611328125
(iteration 314):  100.0 correct
expl loss: 4.194199432205892e-10
output loss: 2.9633311360299786e-09
Color loss:  721.7300415039062
(iteration 315):  100.0 correct
expl loss: 4.194692093673069e-10
output loss: 3.004102078207893e-09
Color loss:  722.1943359375
(iteration 316):  100.0 correct
expl loss: 4.1899120284405456e-10
output loss: 3.0441649201407017e-09
Color loss:  722.6593627929688
(iteration 317):  100.0 correct
expl loss: 4.173756895653469e-10
output loss: 3.085816713266354e-09
Color loss:  723.1229858398438
(iteration 318):  100.0 correct
expl loss: 4.1818937202009465e-10
output loss: 3.1276123912959974e-09
Color loss:  723.58447265625
(iteration 319):  100.0 correct
expl loss: 4.1827691310558635e-10
output loss: 3.1677038769828414e-09
Color loss:  724.0445556640625
(iteration 320):  100.0 correct
expl loss: 4.18047957362333e-10
output loss: 3.2066729271917893e-09
Color loss:  724.5037841796875
(iteration 321):  100.0 correct
expl loss: 4.172380774214446e-10
output loss: 3.247470070633085e-09
Color loss:  724.9623413085938
(iteration 322):  100.0 correct
expl loss: 4.167385325715145e-10
output loss: 3.2851137365952354e-09
Color loss:  725.4204711914062
(iteration 323):  100.0 correct
expl loss: 4.1701156416884544e-10
output loss: 3.321103836384509e-09
Color loss:  725.8775024414062
(iteration 324):  100.0 correct
expl loss: 4.171661627250245e-10
output loss: 3.3570450863606993e-09
Color loss:  726.3335571289062
(iteration 325):  100.0 correct
expl loss: 4.1658107519104703e-10
output loss: 3.394811987078583e-09
Color loss:  726.7879638671875
(iteration 326):  100.0 correct
expl loss: 4.162862554668578e-10
output loss: 3.4344762589455513e-09
Color loss:  727.2407836914062
(iteration 327):  100.0 correct
expl loss: 4.1643349879549874e-10
output loss: 3.4723368624867135e-09
Color loss:  727.69287109375
(iteration 328):  100.0 correct
expl loss: 4.1643974380001225e-10
output loss: 3.509707857674016e-09
Color loss:  728.1447143554688
(iteration 329):  100.0 correct
expl loss: 4.158294264478002e-10
output loss: 3.5480025584178065e-09
Color loss:  728.5964965820312
(iteration 330):  100.0 correct
expl loss: 4.1423794949757564e-10
output loss: 3.5870091341649868e-09
Color loss:  729.04833984375
(iteration 331):  100.0 correct
expl loss: 4.135513043124206e-10
output loss: 3.6274327985807986e-09
Color loss:  729.4994506835938
(iteration 332):  100.0 correct
expl loss: 4.135996267695674e-10
output loss: 3.6729836949689343e-09
Color loss:  729.94873046875
(iteration 333):  100.0 correct
expl loss: 4.133110242943161e-10
output loss: 3.721914110244029e-09
Color loss:  730.3967895507812
(iteration 334):  100.0 correct
expl loss: 4.135096154378459e-10
output loss: 3.7738749902871405e-09
Color loss:  730.8445434570312
(iteration 335):  100.0 correct
expl loss: 4.123989205684353e-10
output loss: 3.825894268061347e-09
Color loss:  731.2918090820312
(iteration 336):  100.0 correct
expl loss: 4.128443420459149e-10
output loss: 3.8777998589978324e-09
Color loss:  731.7393188476562
(iteration 337):  100.0 correct
expl loss: 4.1182909860104644e-10
output loss: 3.93129750975163e-09
Color loss:  732.1875610351562
(iteration 338):  100.0 correct
expl loss: 4.1178452314660774e-10
output loss: 3.9860488243448344e-09
Color loss:  732.6361083984375
(iteration 339):  100.0 correct
expl loss: 4.114374674291099e-10
output loss: 4.0383278943068035e-09
Color loss:  733.0824584960938
(iteration 340):  100.0 correct
expl loss: 4.1044939669276914e-10
output loss: 4.093620553646815e-09
Color loss:  733.5294189453125
(iteration 341):  100.0 correct
expl loss: 4.092186034476697e-10
output loss: 4.151441412858503e-09
Color loss:  733.974853515625
(iteration 342):  100.0 correct
expl loss: 4.08883815694594e-10
output loss: 4.208007720052365e-09
Color loss:  734.4197387695312
(iteration 343):  100.0 correct
expl loss: 4.0830816505632583e-10
output loss: 4.2631458363473484e-09
Color loss:  734.8641967773438
(iteration 344):  100.0 correct
expl loss: 4.0935577150236213e-10
output loss: 4.314561596885369e-09
Color loss:  735.3077392578125
(iteration 345):  100.0 correct
expl loss: 4.094967143153383e-10
output loss: 4.365469319367321e-09
Color loss:  735.7506713867188
(iteration 346):  100.0 correct
expl loss: 4.095889183375334e-10
output loss: 4.413565957150922e-09
Color loss:  736.1936645507812
(iteration 347):  100.0 correct
expl loss: 4.0730785411113857e-10
output loss: 4.459927538391639e-09
Color loss:  736.6365966796875
(iteration 348):  100.0 correct
expl loss: 4.0800152145692437e-10
output loss: 4.501635952891547e-09
Color loss:  737.0783081054688
(iteration 349):  100.0 correct
expl loss: 4.084560745187815e-10
output loss: 4.539180142870691e-09
Color loss:  737.5192260742188
(iteration 350):  100.0 correct
expl loss: 4.0797984435236856e-10
output loss: 4.578284862333248e-09
Color loss:  737.958984375
(iteration 351):  100.0 correct
expl loss: 4.064544256721092e-10
output loss: 4.6146793053480906e-09
Color loss:  738.398193359375
(iteration 352):  100.0 correct
expl loss: 4.067781667060899e-10
output loss: 4.650188234478492e-09
Color loss:  738.8370971679688
(iteration 353):  100.0 correct
expl loss: 4.0623815422691223e-10
output loss: 4.686186549918148e-09
Color loss:  739.2763061523438
(iteration 354):  100.0 correct
expl loss: 4.053870850118102e-10
output loss: 4.719138857467442e-09
Color loss:  739.715087890625
(iteration 355):  100.0 correct
expl loss: 4.0514905319533057e-10
output loss: 4.759605154447399e-09
Color loss:  740.1514892578125
(iteration 356):  100.0 correct
expl loss: 4.045774548711023e-10
output loss: 4.801202546644845e-09
Color loss:  740.58740234375
(iteration 357):  100.0 correct
expl loss: 4.0369949050322873e-10
output loss: 4.841000933453188e-09
Color loss:  741.0231323242188
(iteration 358):  100.0 correct
expl loss: 4.0525288680370863e-10
output loss: 4.877285686433197e-09
Color loss:  741.4577026367188
(iteration 359):  100.0 correct
expl loss: 4.0330494499585257e-10
output loss: 4.907405148912858e-09
Color loss:  741.8931274414062
(iteration 360):  100.0 correct
expl loss: 4.019908572683306e-10
output loss: 4.92978902144614e-09
Color loss:  742.3281860351562
(iteration 361):  100.0 correct
expl loss: 4.020972166340897e-10
output loss: 4.946481002576775e-09
Color loss:  742.7623291015625
(iteration 362):  100.0 correct
expl loss: 4.009693688189486e-10
output loss: 4.958088606343836e-09
Color loss:  743.19580078125
(iteration 363):  100.0 correct
expl loss: 4.0188485872505453e-10
output loss: 4.96790786286283e-09
Color loss:  743.6282958984375
(iteration 364):  100.0 correct
expl loss: 4.018247401482711e-10
output loss: 4.977759093804934e-09
Color loss:  744.060546875
(iteration 365):  100.0 correct
expl loss: 4.0078687590927586e-10
output loss: 4.989172630587291e-09
Color loss:  744.4921264648438
(iteration 366):  100.0 correct
expl loss: 4.0017897329214236e-10
output loss: 5.0039736798623835e-09
Color loss:  744.9229125976562
(iteration 367):  100.0 correct
expl loss: 3.991110497647554e-10
output loss: 5.0213242452912255e-09
Color loss:  745.3528442382812
(iteration 368):  100.0 correct
expl loss: 4.000302589179938e-10
output loss: 5.043426565265463e-09
Color loss:  745.781982421875
(iteration 369):  100.0 correct
expl loss: 3.9986799982294485e-10
output loss: 5.065368124945735e-09
Color loss:  746.2105102539062
(iteration 370):  100.0 correct
expl loss: 3.994661823547574e-10
output loss: 5.09014475014169e-09
Color loss:  746.6376953125
(iteration 371):  100.0 correct
expl loss: 3.98921312649847e-10
output loss: 5.112992251810056e-09
Color loss:  747.0642700195312
(iteration 372):  100.0 correct
expl loss: 3.974815754315131e-10
output loss: 5.1372857079456935e-09
Color loss:  747.4905395507812
(iteration 373):  100.0 correct
expl loss: 3.975386408949788e-10
output loss: 5.162258620572402e-09
Color loss:  747.9154052734375
(iteration 374):  100.0 correct
expl loss: 3.9746475555269e-10
output loss: 5.1874859963163544e-09
Color loss:  748.3394775390625
(iteration 375):  100.0 correct
expl loss: 3.9853981226301016e-10
output loss: 5.214744636106161e-09
Color loss:  748.7633666992188
(iteration 376):  100.0 correct
expl loss: 3.985012042573288e-10
output loss: 5.240240685822073e-09
Color loss:  749.1876220703125
(iteration 377):  100.0 correct
expl loss: 3.970580253476186e-10
output loss: 5.2646296211378285e-09
Color loss:  749.61181640625
(iteration 378):  100.0 correct
expl loss: 3.975783868792604e-10
output loss: 5.2855075871605095e-09
Color loss:  750.0348510742188
(iteration 379):  100.0 correct
expl loss: 3.978104790025583e-10
output loss: 5.302107197735495e-09
Color loss:  750.4573364257812
(iteration 380):  100.0 correct
expl loss: 3.960246852674487e-10
output loss: 5.312123185774453e-09
Color loss:  750.879638671875
(iteration 381):  100.0 correct
expl loss: 3.9542519258972675e-10
output loss: 5.320745177783692e-09
Color loss:  751.3019409179688
(iteration 382):  100.0 correct
expl loss: 3.9495318127080736e-10
output loss: 5.330274888137865e-09
Color loss:  751.7241821289062
(iteration 383):  100.0 correct
expl loss: 3.9637473858711303e-10
output loss: 5.341499687006035e-09
Color loss:  752.1463012695312
(iteration 384):  100.0 correct
expl loss: 3.955138994093943e-10
output loss: 5.348561149531861e-09
Color loss:  752.5685424804688
(iteration 385):  100.0 correct
expl loss: 3.947754345645649e-10
output loss: 5.3526076904120146e-09
Color loss:  752.9898071289062
(iteration 386):  100.0 correct
expl loss: 3.945691273710139e-10
output loss: 5.3543849354298345e-09
Color loss:  753.4103393554688
(iteration 387):  100.0 correct
expl loss: 3.9392025752427173e-10
output loss: 5.354627408138413e-09
Color loss:  753.8301391601562
(iteration 388):  100.0 correct
expl loss: 3.9261016659963843e-10
output loss: 5.356545429435755e-09
Color loss:  754.2494506835938
(iteration 389):  100.0 correct
expl loss: 3.931688030700542e-10
output loss: 5.360201171811241e-09
Color loss:  754.6689453125
(iteration 390):  100.0 correct
expl loss: 3.9259348549869344e-10
output loss: 5.3643960384874845e-09
Color loss:  755.0892944335938
(iteration 391):  100.0 correct
expl loss: 3.91912502450964e-10
output loss: 5.3699817925689786e-09
Color loss:  755.5097045898438
(iteration 392):  100.0 correct
expl loss: 3.9098721482666576e-10
output loss: 5.379783285519579e-09
Color loss:  755.929931640625
(iteration 393):  100.0 correct
expl loss: 3.913800672439294e-10
output loss: 5.394545254944205e-09
Color loss:  756.3489990234375
(iteration 394):  100.0 correct
expl loss: 3.9142811214532003e-10
output loss: 5.414034109918475e-09
Color loss:  756.767578125
(iteration 395):  100.0 correct
expl loss: 3.899232881021675e-10
output loss: 5.4377782277015285e-09
Color loss:  757.1854858398438
(iteration 396):  100.0 correct
expl loss: 3.8939032553919617e-10
output loss: 5.464182439851584e-09
Color loss:  757.6018676757812
(iteration 397):  100.0 correct
expl loss: 3.8879799379998303e-10
output loss: 5.490824239728909e-09
Color loss:  758.0180053710938
(iteration 398):  100.0 correct
expl loss: 3.88245657845232e-10
output loss: 5.520118140367458e-09
Color loss:  758.4318237304688
(iteration 399):  100.0 correct
expl loss: 3.887792587864425e-10
output loss: 5.5522413333619625e-09
Color loss:  758.8441772460938
(iteration 400):  100.0 correct
expl loss: 3.8938446911274127e-10
output loss: 5.584217532828006e-09
Color loss:  759.2550048828125
(iteration 401):  100.0 correct
expl loss: 3.88844068055505e-10
output loss: 5.617993181772363e-09
Color loss:  759.664794921875
(iteration 402):  100.0 correct
expl loss: 3.8854069961402615e-10
output loss: 5.653955970075231e-09
Color loss:  760.07373046875
(iteration 403):  100.0 correct
expl loss: 3.8704553451118784e-10
output loss: 5.685447224124118e-09
Color loss:  760.4819946289062
(iteration 404):  100.0 correct
expl loss: 3.8752601128067e-10
output loss: 5.717907036739689e-09
Color loss:  760.8892211914062
(iteration 405):  100.0 correct
expl loss: 3.8726982731773774e-10
output loss: 5.7516018614478526e-09
Color loss:  761.295654296875
(iteration 406):  100.0 correct
expl loss: 3.8664543788868855e-10
output loss: 5.7841020861815196e-09
Color loss:  761.7015380859375
(iteration 407):  100.0 correct
expl loss: 3.8626393750185173e-10
output loss: 5.815545822684953e-09
Color loss:  762.106689453125
(iteration 408):  100.0 correct
expl loss: 3.86873588720249e-10
output loss: 5.849068340779695e-09
Color loss:  762.5106811523438
(iteration 409):  100.0 correct
expl loss: 3.84835524558369e-10
output loss: 5.8781965961429705e-09
Color loss:  762.9140014648438
(iteration 410):  100.0 correct
expl loss: 3.8446248962209495e-10
output loss: 5.905053779287073e-09
Color loss:  763.3165893554688
(iteration 411):  100.0 correct
expl loss: 3.840990858705595e-10
output loss: 5.930576918444785e-09
Color loss:  763.718017578125
(iteration 412):  100.0 correct
expl loss: 3.8452463435589834e-10
output loss: 5.951226178524394e-09
Color loss:  764.1187744140625
(iteration 413):  100.0 correct
expl loss: 3.8286260273245887e-10
output loss: 5.969949867790092e-09
Color loss:  764.518798828125
(iteration 414):  100.0 correct
expl loss: 3.828249661719241e-10
output loss: 5.9891438475290215e-09
Color loss:  764.917236328125
(iteration 415):  100.0 correct
expl loss: 3.824380812034178e-10
output loss: 6.0086269293435635e-09
Color loss:  765.3142700195312
(iteration 416):  100.0 correct
expl loss: 3.829055961190875e-10
output loss: 6.0264304657664525e-09
Color loss:  765.71044921875
(iteration 417):  100.0 correct
expl loss: 3.833069972536407e-10
output loss: 6.039046152039873e-09
Color loss:  766.106689453125
(iteration 418):  100.0 correct
expl loss: 3.829207506633736e-10
output loss: 6.043670897071252e-09
Color loss:  766.5027465820312
(iteration 419):  100.0 correct
expl loss: 3.819340677058136e-10
output loss: 6.044428513263256e-09
Color loss:  766.8990478515625
(iteration 420):  100.0 correct
expl loss: 3.826653993677098e-10
output loss: 6.04124616998547e-09
Color loss:  767.2948608398438
(iteration 421):  100.0 correct
expl loss: 3.817494931279697e-10
output loss: 6.03852212677225e-09
Color loss:  767.6898193359375
(iteration 422):  100.0 correct
expl loss: 3.7916053630127067e-10
output loss: 6.0359939269005736e-09
Color loss:  768.0845336914062
(iteration 423):  100.0 correct
expl loss: 3.787288538337208e-10
output loss: 6.036144029053503e-09
Color loss:  768.4793701171875
(iteration 424):  100.0 correct
expl loss: 3.785205482387255e-10
output loss: 6.0379816702038624e-09
Color loss:  768.8745727539062
(iteration 425):  100.0 correct
expl loss: 3.8147948688838085e-10
output loss: 6.036514399454518e-09
Color loss:  769.2692260742188
(iteration 426):  100.0 correct
expl loss: 3.813581395117893e-10
output loss: 6.026965149175112e-09
Color loss:  769.6641845703125
(iteration 427):  100.0 correct
expl loss: 3.808762749635264e-10
output loss: 6.007740083191493e-09
Color loss:  770.0593872070312
(iteration 428):  100.0 correct
expl loss: 3.800381120910856e-10
output loss: 5.986169782090656e-09
Color loss:  770.4544677734375
(iteration 429):  100.0 correct
expl loss: 3.784772495407651e-10
output loss: 5.963252114327133e-09
Color loss:  770.8496704101562
(iteration 430):  100.0 correct
expl loss: 3.7928177265555973e-10
output loss: 5.941156011601834e-09
Color loss:  771.244384765625
(iteration 431):  100.0 correct
expl loss: 3.78151732149945e-10
output loss: 5.920430812267341e-09
Color loss:  771.638671875
(iteration 432):  100.0 correct
expl loss: 3.779863921860027e-10
output loss: 5.902500266330435e-09
Color loss:  772.0328979492188
(iteration 433):  100.0 correct
expl loss: 3.7830838461871963e-10
output loss: 5.88507065302224e-09
Color loss:  772.4266967773438
(iteration 434):  100.0 correct
expl loss: 3.7723738022243936e-10
output loss: 5.87236215210396e-09
Color loss:  772.820068359375
(iteration 435):  100.0 correct
expl loss: 3.7633482441457033e-10
output loss: 5.858131313374315e-09
Color loss:  773.2130737304688
(iteration 436):  100.0 correct
expl loss: 3.76573577876016e-10
output loss: 5.843203698674415e-09
Color loss:  773.6058959960938
(iteration 437):  100.0 correct
expl loss: 3.7692585164172954e-10
output loss: 5.827530458191177e-09
Color loss:  773.9984130859375
(iteration 438):  100.0 correct
expl loss: 3.7424263688023984e-10
output loss: 5.812248904391026e-09
Color loss:  774.3904418945312
(iteration 439):  100.0 correct
expl loss: 3.745399823618101e-10
output loss: 5.800316227322355e-09
Color loss:  774.7815551757812
(iteration 440):  100.0 correct
expl loss: 3.742610110712974e-10
output loss: 5.788890256042123e-09
Color loss:  775.1719360351562
(iteration 441):  100.0 correct
expl loss: 3.745488641460071e-10
output loss: 5.776883416075407e-09
Color loss:  775.5613403320312
(iteration 442):  100.0 correct
expl loss: 3.7480682446577873e-10
output loss: 5.76547121156068e-09
Color loss:  775.9497680664062
(iteration 443):  100.0 correct
expl loss: 3.7425204602037354e-10
output loss: 5.756715104610066e-09
Color loss:  776.3375854492188
(iteration 444):  100.0 correct
expl loss: 3.728317377049706e-10
output loss: 5.7474793813128144e-09
Color loss:  776.725341796875
(iteration 445):  100.0 correct
expl loss: 3.746477850175012e-10
output loss: 5.738480801653623e-09
Color loss:  777.11279296875
(iteration 446):  100.0 correct
expl loss: 3.740086851333757e-10
output loss: 5.731089380844878e-09
Color loss:  777.4999389648438
(iteration 447):  100.0 correct
expl loss: 3.7267400276874696e-10
output loss: 5.725636853526339e-09
Color loss:  777.8862915039062
(iteration 448):  100.0 correct
expl loss: 3.7306682743043496e-10
output loss: 5.717562423512845e-09
Color loss:  778.272216796875
(iteration 449):  100.0 correct
expl loss: 3.728392317103868e-10
output loss: 5.706097372382146e-09
Color loss:  778.6573486328125
(iteration 450):  100.0 correct
expl loss: 3.725110497843076e-10
output loss: 5.689873905367904e-09
Color loss:  779.042236328125
(iteration 451):  100.0 correct
expl loss: 3.7334704772185034e-10
output loss: 5.673183700594109e-09
Color loss:  779.4263305664062
(iteration 452):  100.0 correct
expl loss: 3.763374611942538e-10
output loss: 5.656751511651237e-09
Color loss:  779.810546875
(iteration 453):  100.0 correct
expl loss: 3.7469127800449087e-10
output loss: 5.63914781537278e-09
Color loss:  780.1949462890625
(iteration 454):  100.0 correct
expl loss: 3.746009058502864e-10
output loss: 5.625305110612544e-09
Color loss:  780.5789794921875
(iteration 455):  100.0 correct
expl loss: 3.710626528263816e-10
output loss: 5.611318520948316e-09
Color loss:  780.9627075195312
(iteration 456):  100.0 correct
expl loss: 3.709485774106014e-10
output loss: 5.6019437977283815e-09
Color loss:  781.3462524414062
(iteration 457):  100.0 correct
expl loss: 3.698734374335544e-10
output loss: 5.5941895560351895e-09
Color loss:  781.7299194335938
(iteration 458):  100.0 correct
expl loss: 3.6957553684047184e-10
output loss: 5.5893973893716975e-09
Color loss:  782.1134033203125
(iteration 459):  100.0 correct
expl loss: 3.6931749325397334e-10
output loss: 5.5848450308815245e-09
Color loss:  782.4966430664062
(iteration 460):  100.0 correct
expl loss: 3.7160557964099894e-10
output loss: 5.582350581789797e-09
Color loss:  782.8790283203125
(iteration 461):  100.0 correct
expl loss: 3.7228009563960995e-10
output loss: 5.58118662397078e-09
Color loss:  783.2604370117188
(iteration 462):  100.0 correct
expl loss: 3.7015077114510575e-10
output loss: 5.5804751930566e-09
Color loss:  783.640380859375
(iteration 463):  100.0 correct
expl loss: 3.7078179415672707e-10
output loss: 5.5809974419673836e-09
Color loss:  784.0198364257812
(iteration 464):  100.0 correct
expl loss: 3.687141147956652e-10
output loss: 5.578538075923234e-09
Color loss:  784.3989868164062
(iteration 465):  100.0 correct
expl loss: 3.677132764945412e-10
output loss: 5.57342660911786e-09
Color loss:  784.7776489257812
(iteration 466):  100.0 correct
expl loss: 3.678446991450812e-10
output loss: 5.5656110831137084e-09
Color loss:  785.156005859375
(iteration 467):  100.0 correct
expl loss: 3.6881916964937034e-10
output loss: 5.5560915868113625e-09
Color loss:  785.5341186523438
(iteration 468):  100.0 correct
expl loss: 3.6947783721430483e-10
output loss: 5.548223214191239e-09
Color loss:  785.912109375
(iteration 469):  100.0 correct
expl loss: 3.689375749349466e-10
output loss: 5.541885172988259e-09
Color loss:  786.29052734375
(iteration 470):  100.0 correct
expl loss: 3.689050731559007e-10
output loss: 5.5351812022763625e-09
Color loss:  786.6695556640625
(iteration 471):  100.0 correct
expl loss: 3.6865119290574455e-10
output loss: 5.526071600314708e-09
Color loss:  787.0494384765625
(iteration 472):  100.0 correct
expl loss: 3.6613898024562275e-10
output loss: 5.5099609319597675e-09
Color loss:  787.4300537109375
(iteration 473):  100.0 correct
expl loss: 3.6423339344615613e-10
output loss: 5.491329169160508e-09
Color loss:  787.810791015625
(iteration 474):  100.0 correct
expl loss: 3.644239354727574e-10
output loss: 5.470431663212594e-09
Color loss:  788.1914672851562
(iteration 475):  100.0 correct
expl loss: 3.650344471139988e-10
output loss: 5.447615247788917e-09
Color loss:  788.57177734375
(iteration 476):  100.0 correct
expl loss: 3.647348534308037e-10
output loss: 5.423848481456162e-09
Color loss:  788.9512939453125
(iteration 477):  100.0 correct
expl loss: 3.6543254533505376e-10
output loss: 5.401093350343444e-09
Color loss:  789.3306274414062
(iteration 478):  100.0 correct
expl loss: 3.658537084394453e-10
output loss: 5.376793232869659e-09
Color loss:  789.7095947265625
(iteration 479):  100.0 correct
expl loss: 3.665306946842861e-10
output loss: 5.35069499818519e-09
Color loss:  790.0888671875
(iteration 480):  100.0 correct
expl loss: 3.6337605147096497e-10
output loss: 5.323343543750525e-09
Color loss:  790.4684448242188
(iteration 481):  100.0 correct
expl loss: 3.6360348065755943e-10
output loss: 5.300141658892699e-09
Color loss:  790.8485107421875
(iteration 482):  100.0 correct
expl loss: 3.6339622977443753e-10
output loss: 5.280658132988947e-09
Color loss:  791.2285766601562
(iteration 483):  100.0 correct
expl loss: 3.6513397860815644e-10
output loss: 5.2617892265516275e-09
Color loss:  791.6084594726562
(iteration 484):  100.0 correct
expl loss: 3.6226041610909476e-10
output loss: 5.243037115576499e-09
Color loss:  791.9876708984375
(iteration 485):  100.0 correct
expl loss: 3.6390612745407225e-10
output loss: 5.219433774072968e-09
Color loss:  792.3662109375
(iteration 486):  100.0 correct
expl loss: 3.6344513509867227e-10
output loss: 5.191528984482829e-09
Color loss:  792.7450561523438
(iteration 487):  100.0 correct
expl loss: 3.6469696707008836e-10
output loss: 5.161380656204528e-09
Color loss:  793.1237182617188
(iteration 488):  100.0 correct
expl loss: 3.621254962560272e-10
output loss: 5.133052649597403e-09
Color loss:  793.5021362304688
(iteration 489):  100.0 correct
expl loss: 3.616122956628942e-10
output loss: 5.111087109099799e-09
Color loss:  793.8802490234375
(iteration 490):  100.0 correct
expl loss: 3.61980945218221e-10
output loss: 5.091334465134878e-09
Color loss:  794.2578735351562
(iteration 491):  100.0 correct
expl loss: 3.611146937032572e-10
output loss: 5.0700785791946146e-09
Color loss:  794.634521484375
(iteration 492):  100.0 correct
expl loss: 3.627390887661619e-10
output loss: 5.049041629234807e-09
Color loss:  795.0098876953125
(iteration 493):  100.0 correct
expl loss: 3.611807519732224e-10
output loss: 5.028874650037096e-09
Color loss:  795.3853759765625
(iteration 494):  100.0 correct
expl loss: 3.6036282291540545e-10
output loss: 5.004200165359407e-09
Color loss:  795.7607421875
(iteration 495):  100.0 correct
expl loss: 3.6095601507746267e-10
output loss: 4.972533496072629e-09
Color loss:  796.1354370117188
(iteration 496):  100.0 correct
expl loss: 3.60708019009337e-10
output loss: 4.935052366761283e-09
Color loss:  796.5100708007812
(iteration 497):  100.0 correct
expl loss: 3.610691745592476e-10
output loss: 4.89688467553151e-09
Color loss:  796.884521484375
(iteration 498):  100.0 correct
expl loss: 3.603261855555928e-10
output loss: 4.858921265338267e-09
Color loss:  797.2578735351562
(iteration 499):  100.0 correct
Final MSE:  3.572964701881176e-10
attack type: [0, 0, 1]
tensor([10.3405], device='cuda:0', grad_fn=<PowBackward0>)
Setting up [LPIPS] perceptual loss: trunk [vgg], v[0.1], spatial [off]
Loading model from: /home/ubuntu/PerceptualSimilarity/lpips/weights/v0.1/vgg.pth
LPIPS:  0.3900764584541321
