False
sigma:  0.9447309494018555
attack:  [[Threat] ReColorAdv: {'xform_class': <class 'recoloradv.color_transformers.FullSpatial'>, 'cspace': <recoloradv.color_spaces.CIELUVColorSpace object at 0x7ff759040a90>, 'lp_style': 'inf', 'lp_bound': [0.06, 0.06, 0.06], 'xform_params': {'resolution_x': 16, 'resolution_y': 32, 'resolution_z': 32}, 'use_smooth_loss': True}, [Threat] ParameterizedXformAdv: {'lp_style': 'inf', 'lp_bound': 0.05, 'xform_class': <class 'mister_ed.spatial_transformers.FullSpatial'>, 'use_stadv': True}, [Threat] DeltaAddition: {'lp_style': 'inf', 'lp_bound': 0.03}]
Setting up [LPIPS] perceptual loss: trunk [vgg], v[0.1], spatial [off]
Loading model from: /home/ubuntu/PerceptualSimilarity/lpips/weights/v0.1/vgg.pth
(START):  100.0 correct
expl loss: 2.704412693788072e-09
output loss: 3.8852290800582404e-19
Color loss:  107.86068725585938
(iteration 00):  100.0 correct
expl loss: 2.2851156522563087e-09
output loss: 2.43005728915317e-17
Color loss:  112.08685302734375
(iteration 01):  100.0 correct
expl loss: 1.9520696170616247e-09
output loss: 1.07085802866935e-16
Color loss:  123.65972137451172
(iteration 02):  100.0 correct
expl loss: 1.805754656913905e-09
output loss: 3.3569996224364616e-16
Color loss:  139.2334747314453
(iteration 03):  100.0 correct
expl loss: 1.7113441774796456e-09
output loss: 5.482057585727324e-16
Color loss:  156.3013458251953
(iteration 04):  100.0 correct
expl loss: 1.636150770423228e-09
output loss: 5.660256906566275e-16
Color loss:  173.65313720703125
(iteration 05):  100.0 correct
expl loss: 1.5803285347004703e-09
output loss: 4.0365085109651745e-16
Color loss:  190.7565460205078
(iteration 06):  100.0 correct
expl loss: 1.5292999089311365e-09
output loss: 5.57318880173123e-16
Color loss:  207.25689697265625
(iteration 07):  100.0 correct
expl loss: 1.4803800407747758e-09
output loss: 4.782093910313603e-16
Color loss:  223.17015075683594
(iteration 08):  100.0 correct
expl loss: 1.4381095203575e-09
output loss: 4.98625743796386e-16
Color loss:  238.56454467773438
(iteration 09):  100.0 correct
expl loss: 1.3994713166098904e-09
output loss: 6.716166061031118e-16
Color loss:  253.50900268554688
(iteration 10):  100.0 correct
expl loss: 1.3676715315824595e-09
output loss: 9.039083509262296e-16
Color loss:  268.0343933105469
(iteration 11):  100.0 correct
expl loss: 1.3284147115655287e-09
output loss: 1.2636538315369717e-15
Color loss:  282.15203857421875
(iteration 12):  100.0 correct
expl loss: 1.2938322635491772e-09
output loss: 1.9615112536482257e-15
Color loss:  295.90234375
(iteration 13):  100.0 correct
expl loss: 1.2623037060066622e-09
output loss: 3.132589995643578e-15
Color loss:  309.236572265625
(iteration 14):  100.0 correct
expl loss: 1.2349020694912838e-09
output loss: 4.091615098085e-15
Color loss:  322.1438293457031
(iteration 15):  100.0 correct
expl loss: 1.2065474175315671e-09
output loss: 4.590073658753422e-15
Color loss:  334.6219482421875
(iteration 16):  100.0 correct
expl loss: 1.1813239275682008e-09
output loss: 5.612784203883579e-15
Color loss:  346.5746765136719
(iteration 17):  100.0 correct
expl loss: 1.1550200795795718e-09
output loss: 7.403244141855614e-15
Color loss:  358.1524963378906
(iteration 18):  100.0 correct
expl loss: 1.1333364247079203e-09
output loss: 1.0921171871578275e-14
Color loss:  369.3027648925781
(iteration 19):  100.0 correct
expl loss: 1.1128017396444534e-09
output loss: 1.5231524334445752e-14
Color loss:  380.05670166015625
(iteration 20):  100.0 correct
expl loss: 1.088253931413874e-09
output loss: 2.3684614992446236e-14
Color loss:  390.3948669433594
(iteration 21):  100.0 correct
expl loss: 1.0666634242539885e-09
output loss: 3.14378311252507e-14
Color loss:  399.5489807128906
(iteration 22):  100.0 correct
expl loss: 1.0454827004124922e-09
output loss: 4.036752689388044e-14
Color loss:  406.4237976074219
(iteration 23):  100.0 correct
expl loss: 1.0298695229948862e-09
output loss: 4.881077841716562e-14
Color loss:  411.7312927246094
(iteration 24):  100.0 correct
expl loss: 1.0142381379196763e-09
output loss: 5.6194469650466816e-14
Color loss:  416.3009033203125
(iteration 25):  100.0 correct
expl loss: 9.973936121454585e-10
output loss: 6.025639920836587e-14
Color loss:  420.491455078125
(iteration 26):  100.0 correct
expl loss: 9.84419545879689e-10
output loss: 6.245318932146526e-14
Color loss:  424.3667297363281
(iteration 27):  100.0 correct
expl loss: 9.728552408105884e-10
output loss: 6.264896235249826e-14
Color loss:  428.0978698730469
(iteration 28):  100.0 correct
expl loss: 9.584983917676482e-10
output loss: 6.266852542544804e-14
Color loss:  431.7152099609375
(iteration 29):  100.0 correct
expl loss: 9.452535421061725e-10
output loss: 6.09595110934863e-14
Color loss:  435.3011474609375
(iteration 30):  100.0 correct
expl loss: 9.306913573148279e-10
output loss: 5.931673473799984e-14
Color loss:  438.8027648925781
(iteration 31):  100.0 correct
expl loss: 9.178850457480792e-10
output loss: 5.748164802216876e-14
Color loss:  442.2294006347656
(iteration 32):  100.0 correct
expl loss: 9.050211691175036e-10
output loss: 5.550249455453689e-14
Color loss:  445.5305480957031
(iteration 33):  100.0 correct
expl loss: 8.930305939180982e-10
output loss: 5.038362712065855e-14
Color loss:  448.7379455566406
(iteration 34):  100.0 correct
expl loss: 8.815685959007169e-10
output loss: 5.0070424829950014e-14
Color loss:  451.8377990722656
(iteration 35):  100.0 correct
expl loss: 8.683060936931497e-10
output loss: 4.672769400690564e-14
Color loss:  454.8730773925781
(iteration 36):  100.0 correct
expl loss: 8.587455191388926e-10
output loss: 4.6535563217545844e-14
Color loss:  457.8520202636719
(iteration 37):  100.0 correct
expl loss: 8.471047752145466e-10
output loss: 4.656619531705035e-14
Color loss:  460.85015869140625
(iteration 38):  100.0 correct
expl loss: 8.367621040505924e-10
output loss: 4.6753132100377584e-14
Color loss:  463.8374328613281
(iteration 39):  100.0 correct
expl loss: 8.267388440508228e-10
output loss: 4.8500628833198986e-14
Color loss:  466.7919006347656
(iteration 40):  100.0 correct
expl loss: 8.1673978691299e-10
output loss: 5.030934571931614e-14
Color loss:  469.75341796875
(iteration 41):  100.0 correct
expl loss: 8.061242229295829e-10
output loss: 5.215978406028325e-14
Color loss:  472.6882629394531
(iteration 42):  100.0 correct
expl loss: 7.967562720700982e-10
output loss: 5.226740806656138e-14
Color loss:  475.5967712402344
(iteration 43):  100.0 correct
expl loss: 7.889506825620174e-10
output loss: 5.2185388172212854e-14
Color loss:  478.5513000488281
(iteration 44):  100.0 correct
expl loss: 7.808135249476322e-10
output loss: 5.225749778107851e-14
Color loss:  481.5173034667969
(iteration 45):  100.0 correct
expl loss: 7.725452499940388e-10
output loss: 5.39372217137242e-14
Color loss:  484.46124267578125
(iteration 46):  100.0 correct
expl loss: 7.651457800683659e-10
output loss: 5.4128017579159124e-14
Color loss:  487.3572692871094
(iteration 47):  100.0 correct
expl loss: 7.546478442144178e-10
output loss: 5.59400277293752e-14
Color loss:  490.0879211425781
(iteration 48):  100.0 correct
expl loss: 7.475308705373607e-10
output loss: 5.788615030019595e-14
Color loss:  492.82171630859375
(iteration 49):  100.0 correct
expl loss: 7.405590030096221e-10
output loss: 5.998675135180515e-14
Color loss:  495.58184814453125
(iteration 50):  100.0 correct
expl loss: 7.314515104717145e-10
output loss: 6.245300636234866e-14
Color loss:  498.3108825683594
(iteration 51):  100.0 correct
expl loss: 7.25184412520008e-10
output loss: 6.882051894509245e-14
Color loss:  500.97930908203125
(iteration 52):  100.0 correct
expl loss: 7.174679184096533e-10
output loss: 7.393102785784728e-14
Color loss:  503.6570129394531
(iteration 53):  100.0 correct
expl loss: 7.129136170291872e-10
output loss: 8.531706835153766e-14
Color loss:  506.3736267089844
(iteration 54):  100.0 correct
expl loss: 7.07536418342869e-10
output loss: 9.300898132181754e-14
Color loss:  509.146728515625
(iteration 55):  100.0 correct
expl loss: 7.002809443434899e-10
output loss: 9.830859542224457e-14
Color loss:  512.0043334960938
(iteration 56):  100.0 correct
expl loss: 6.965890642085526e-10
output loss: 1.0135281828214937e-13
Color loss:  514.9296875
(iteration 57):  100.0 correct
expl loss: 6.923416839832441e-10
output loss: 1.0418301285694195e-13
Color loss:  517.816162109375
(iteration 58):  100.0 correct
expl loss: 6.841892052911192e-10
output loss: 1.0219657829409548e-13
Color loss:  520.6680908203125
(iteration 59):  100.0 correct
expl loss: 6.780790373639434e-10
output loss: 9.80200824478826e-14
Color loss:  523.5202026367188
(iteration 60):  100.0 correct
expl loss: 6.734000579378119e-10
output loss: 9.5559594037644e-14
Color loss:  526.2840576171875
(iteration 61):  100.0 correct
expl loss: 6.69892141758055e-10
output loss: 8.829221398052797e-14
Color loss:  529.0226440429688
(iteration 62):  100.0 correct
expl loss: 6.643624539393045e-10
output loss: 7.92320649736257e-14
Color loss:  531.797119140625
(iteration 63):  100.0 correct
expl loss: 6.58227639060982e-10
output loss: 7.259333921743466e-14
Color loss:  534.60498046875
(iteration 64):  100.0 correct
expl loss: 6.526872375900439e-10
output loss: 6.439263049639807e-14
Color loss:  537.3651733398438
(iteration 65):  100.0 correct
expl loss: 6.464487278812214e-10
output loss: 6.015861772493483e-14
Color loss:  540.1029663085938
(iteration 66):  100.0 correct
expl loss: 6.41707353921106e-10
output loss: 5.63905543896244e-14
Color loss:  542.8011474609375
(iteration 67):  100.0 correct
expl loss: 6.359899829000426e-10
output loss: 5.161236021899995e-14
Color loss:  545.4827270507812
(iteration 68):  100.0 correct
expl loss: 6.293049414907159e-10
output loss: 5.178246476359935e-14
Color loss:  548.1223754882812
(iteration 69):  100.0 correct
expl loss: 6.235337246529582e-10
output loss: 5.229361526594943e-14
Color loss:  550.7442626953125
(iteration 70):  100.0 correct
expl loss: 6.184739942405315e-10
output loss: 5.4809641932473604e-14
Color loss:  553.3671264648438
(iteration 71):  100.0 correct
expl loss: 6.143356934273925e-10
output loss: 5.573823060002134e-14
Color loss:  556.0355834960938
(iteration 72):  100.0 correct
expl loss: 6.117124584648082e-10
output loss: 5.797691157456014e-14
Color loss:  558.7548217773438
(iteration 73):  100.0 correct
expl loss: 6.054408641098519e-10
output loss: 5.6739409991148765e-14
Color loss:  561.513916015625
(iteration 74):  100.0 correct
expl loss: 6.012806363919765e-10
output loss: 5.509539019129574e-14
Color loss:  564.2923583984375
(iteration 75):  100.0 correct
expl loss: 5.976950601116471e-10
output loss: 4.9862159757010915e-14
Color loss:  567.0406494140625
(iteration 76):  100.0 correct
expl loss: 5.944188474771295e-10
output loss: 4.7338198085836863e-14
Color loss:  569.6615600585938
(iteration 77):  100.0 correct
expl loss: 5.89959747721025e-10
output loss: 4.110396783140943e-14
Color loss:  572.3386840820312
(iteration 78):  100.0 correct
expl loss: 5.856501950063375e-10
output loss: 3.945347669983938e-14
Color loss:  575.0553588867188
(iteration 79):  100.0 correct
expl loss: 5.811623959850465e-10
output loss: 3.82638866880565e-14
Color loss:  577.80224609375
(iteration 80):  100.0 correct
expl loss: 5.771693123435284e-10
output loss: 3.838796007417031e-14
Color loss:  580.5531005859375
(iteration 81):  100.0 correct
expl loss: 5.775692146769984e-10
output loss: 3.8480947351119885e-14
Color loss:  583.2940673828125
(iteration 82):  100.0 correct
expl loss: 5.75582304040978e-10
output loss: 3.8666078260203574e-14
Color loss:  585.9619750976562
(iteration 83):  100.0 correct
expl loss: 5.727452401238509e-10
output loss: 3.790154293388005e-14
Color loss:  588.4717407226562
(iteration 84):  100.0 correct
expl loss: 5.681130010870561e-10
output loss: 3.965888896581213e-14
Color loss:  590.9547729492188
(iteration 85):  100.0 correct
expl loss: 5.645831024914116e-10
output loss: 4.018357166652754e-14
Color loss:  593.3904418945312
(iteration 86):  100.0 correct
expl loss: 5.601231700680387e-10
output loss: 4.1890668315896704e-14
Color loss:  595.8532104492188
(iteration 87):  100.0 correct
expl loss: 5.569623096057796e-10
output loss: 4.1920870122664e-14
Color loss:  598.327392578125
(iteration 88):  100.0 correct
expl loss: 5.546759718200178e-10
output loss: 4.048971986685135e-14
Color loss:  600.8265380859375
(iteration 89):  100.0 correct
expl loss: 5.501280542219433e-10
output loss: 4.0380201894903156e-14
Color loss:  603.3053588867188
(iteration 90):  100.0 correct
expl loss: 5.468837049882325e-10
output loss: 3.968504873135513e-14
Color loss:  605.7833862304688
(iteration 91):  100.0 correct
expl loss: 5.445063844256026e-10
output loss: 4.1875584353172e-14
Color loss:  608.2734375
(iteration 92):  100.0 correct
expl loss: 5.407915226740556e-10
output loss: 4.552424653610568e-14
Color loss:  610.7362670898438
(iteration 93):  100.0 correct
expl loss: 5.373114175810656e-10
output loss: 4.818264927666793e-14
Color loss:  613.139892578125
(iteration 94):  100.0 correct
expl loss: 5.35263000589481e-10
output loss: 5.274274262776976e-14
Color loss:  615.542724609375
(iteration 95):  100.0 correct
expl loss: 5.311361905846468e-10
output loss: 5.781196376654363e-14
Color loss:  617.9706420898438
(iteration 96):  100.0 correct
expl loss: 5.278371073558219e-10
output loss: 6.477601116085252e-14
Color loss:  620.3860473632812
(iteration 97):  100.0 correct
expl loss: 5.249897183645658e-10
output loss: 7.071974299568962e-14
Color loss:  622.7882080078125
(iteration 98):  100.0 correct
expl loss: 5.216583831568755e-10
output loss: 7.665737619330648e-14
Color loss:  625.1649780273438
(iteration 99):  100.0 correct
expl loss: 5.201515884678543e-10
output loss: 8.264319540122675e-14
Color loss:  627.4945678710938
(iteration 100):  100.0 correct
expl loss: 5.178874551425849e-10
output loss: 8.891586739893237e-14
Color loss:  629.8289794921875
(iteration 101):  100.0 correct
expl loss: 5.146211234929865e-10
output loss: 9.774043960254428e-14
Color loss:  632.1756591796875
(iteration 102):  100.0 correct
expl loss: 5.100765920751371e-10
output loss: 1.08309852243655e-13
Color loss:  634.5368041992188
(iteration 103):  100.0 correct
expl loss: 5.057809726594087e-10
output loss: 1.237843649196796e-13
Color loss:  636.8871459960938
(iteration 104):  100.0 correct
expl loss: 5.035164507560808e-10
output loss: 1.3812460561164058e-13
Color loss:  639.2366333007812
(iteration 105):  100.0 correct
expl loss: 4.990958757389308e-10
output loss: 1.4987991858901595e-13
Color loss:  641.612060546875
(iteration 106):  100.0 correct
expl loss: 4.959470611964889e-10
output loss: 1.568191106485206e-13
Color loss:  643.9989013671875
(iteration 107):  100.0 correct
expl loss: 4.923124685696223e-10
output loss: 1.7391166631797184e-13
Color loss:  646.4014892578125
(iteration 108):  100.0 correct
expl loss: 4.891903548909227e-10
output loss: 1.998336934296019e-13
Color loss:  648.8202514648438
(iteration 109):  100.0 correct
expl loss: 4.852829804669057e-10
output loss: 2.2751096254332304e-13
Color loss:  651.2218017578125
(iteration 110):  100.0 correct
expl loss: 4.830919553278079e-10
output loss: 2.5746530016475255e-13
Color loss:  653.6192016601562
(iteration 111):  100.0 correct
expl loss: 4.835203903930108e-10
output loss: 2.957575861734646e-13
Color loss:  655.9935913085938
(iteration 112):  100.0 correct
expl loss: 4.81270301389003e-10
output loss: 3.381927713135696e-13
Color loss:  658.330078125
(iteration 113):  100.0 correct
expl loss: 4.77521133745995e-10
output loss: 3.8142723029523096e-13
Color loss:  660.6766357421875
(iteration 114):  100.0 correct
expl loss: 4.752501725491243e-10
output loss: 4.279180633968982e-13
Color loss:  663.0437622070312
(iteration 115):  100.0 correct
expl loss: 4.719083457338513e-10
output loss: 4.818831965403003e-13
Color loss:  665.331298828125
(iteration 116):  100.0 correct
expl loss: 4.698805788905247e-10
output loss: 5.246863056876383e-13
Color loss:  667.6035766601562
(iteration 117):  100.0 correct
expl loss: 4.672367492908336e-10
output loss: 5.698232684314686e-13
Color loss:  669.8782958984375
(iteration 118):  100.0 correct
expl loss: 4.656242336142924e-10
output loss: 6.117225866478226e-13
Color loss:  672.1558837890625
(iteration 119):  100.0 correct
expl loss: 4.6195355873912547e-10
output loss: 6.53718669908071e-13
Color loss:  674.4700317382812
(iteration 120):  100.0 correct
expl loss: 4.608771975167514e-10
output loss: 6.990306228825405e-13
Color loss:  676.816650390625
(iteration 121):  100.0 correct
expl loss: 4.5801742953877067e-10
output loss: 7.822491027327516e-13
Color loss:  679.1578979492188
(iteration 122):  100.0 correct
expl loss: 4.5475626042623674e-10
output loss: 8.772388739898551e-13
Color loss:  681.487548828125
(iteration 123):  100.0 correct
expl loss: 4.5210732380063234e-10
output loss: 9.606297961956e-13
Color loss:  683.7944946289062
(iteration 124):  100.0 correct
expl loss: 4.521487906306021e-10
output loss: 1.0176451695209643e-12
Color loss:  686.041259765625
(iteration 125):  100.0 correct
expl loss: 4.496873429182813e-10
output loss: 1.06237447224794e-12
Color loss:  688.3342895507812
(iteration 126):  100.0 correct
expl loss: 4.4755352202052734e-10
output loss: 1.1052943499692547e-12
Color loss:  690.6463012695312
(iteration 127):  100.0 correct
expl loss: 4.472402170829781e-10
output loss: 1.1497721177922138e-12
Color loss:  692.989013671875
(iteration 128):  100.0 correct
expl loss: 4.4588666092693074e-10
output loss: 1.2433594735392073e-12
Color loss:  695.3677978515625
(iteration 129):  100.0 correct
expl loss: 4.4455511494234656e-10
output loss: 1.3960395339740472e-12
Color loss:  697.761474609375
(iteration 130):  100.0 correct
expl loss: 4.424371979894204e-10
output loss: 1.5480216934704583e-12
Color loss:  700.166259765625
(iteration 131):  100.0 correct
expl loss: 4.403345188475072e-10
output loss: 1.7039197743734524e-12
Color loss:  702.5720825195312
(iteration 132):  100.0 correct
expl loss: 4.38085179244041e-10
output loss: 1.9000892439308137e-12
Color loss:  704.9589233398438
(iteration 133):  100.0 correct
expl loss: 4.357977589908302e-10
output loss: 2.0895821965100092e-12
Color loss:  707.328125
(iteration 134):  100.0 correct
expl loss: 4.348288396016642e-10
output loss: 2.2862449780558514e-12
Color loss:  709.6964721679688
(iteration 135):  100.0 correct
expl loss: 4.343763682079782e-10
output loss: 2.5053951968612154e-12
Color loss:  712.06005859375
(iteration 136):  100.0 correct
expl loss: 4.3384193459949927e-10
output loss: 2.6418552675350204e-12
Color loss:  714.414794921875
(iteration 137):  100.0 correct
expl loss: 4.316279555993674e-10
output loss: 2.6823452313473606e-12
Color loss:  716.7654418945312
(iteration 138):  100.0 correct
expl loss: 4.2917908116280046e-10
output loss: 2.704984673751465e-12
Color loss:  719.0662841796875
(iteration 139):  100.0 correct
expl loss: 4.2616424278385523e-10
output loss: 2.7327536934740326e-12
Color loss:  721.341064453125
(iteration 140):  100.0 correct
expl loss: 4.245434837013562e-10
output loss: 2.737427038518314e-12
Color loss:  723.60009765625
(iteration 141):  100.0 correct
expl loss: 4.203008219239024e-10
output loss: 2.9128516005477723e-12
Color loss:  725.8456420898438
(iteration 142):  100.0 correct
expl loss: 4.198259795362702e-10
output loss: 3.1673275113774935e-12
Color loss:  728.0345458984375
(iteration 143):  100.0 correct
expl loss: 4.1813338902407793e-10
output loss: 3.472419183789266e-12
Color loss:  730.1900634765625
(iteration 144):  100.0 correct
expl loss: 4.1615719204024515e-10
output loss: 3.712188542670525e-12
Color loss:  732.3435668945312
(iteration 145):  100.0 correct
expl loss: 4.150345345177442e-10
output loss: 3.866467909729998e-12
Color loss:  734.4942016601562
(iteration 146):  100.0 correct
expl loss: 4.120104812876946e-10
output loss: 4.012698159860939e-12
Color loss:  736.6402587890625
(iteration 147):  100.0 correct
expl loss: 4.111231355352629e-10
output loss: 4.274982277896466e-12
Color loss:  738.7625732421875
(iteration 148):  100.0 correct
expl loss: 4.0768857734185815e-10
output loss: 4.463313399427626e-12
Color loss:  740.87109375
(iteration 149):  100.0 correct
expl loss: 4.069509729198728e-10
output loss: 4.561626684024267e-12
Color loss:  742.9677124023438
(iteration 150):  100.0 correct
expl loss: 4.0409306456545835e-10
output loss: 4.636368546029335e-12
Color loss:  745.0679321289062
(iteration 151):  100.0 correct
expl loss: 4.0247499777379403e-10
output loss: 4.861079420936942e-12
Color loss:  747.13134765625
(iteration 152):  100.0 correct
expl loss: 4.0098188658355127e-10
output loss: 5.089350815778992e-12
Color loss:  749.1761474609375
(iteration 153):  100.0 correct
expl loss: 3.989650554370172e-10
output loss: 5.1806614553839836e-12
Color loss:  751.2099609375
(iteration 154):  100.0 correct
expl loss: 3.979523655051054e-10
output loss: 5.164578400357334e-12
Color loss:  753.2453002929688
(iteration 155):  100.0 correct
expl loss: 3.9734013301817583e-10
output loss: 5.188828967189751e-12
Color loss:  755.2920532226562
(iteration 156):  100.0 correct
expl loss: 3.9505471116640933e-10
output loss: 5.302150645619674e-12
Color loss:  757.3397216796875
(iteration 157):  100.0 correct
expl loss: 3.921599434075773e-10
output loss: 5.505339673722576e-12
Color loss:  759.4009399414062
(iteration 158):  100.0 correct
expl loss: 3.8976341598662145e-10
output loss: 5.7028162574190855e-12
Color loss:  761.4876708984375
(iteration 159):  100.0 correct
expl loss: 3.884558508193692e-10
output loss: 5.9290662657307536e-12
Color loss:  763.5701293945312
(iteration 160):  100.0 correct
expl loss: 3.85601967023419e-10
output loss: 6.237161828681614e-12
Color loss:  765.6548461914062
(iteration 161):  100.0 correct
expl loss: 3.844733698077363e-10
output loss: 6.6278892096871544e-12
Color loss:  767.7479858398438
(iteration 162):  100.0 correct
expl loss: 3.8475692076822554e-10
output loss: 6.953973855083895e-12
Color loss:  769.8191528320312
(iteration 163):  100.0 correct
expl loss: 3.8082240139125645e-10
output loss: 7.1750873471831955e-12
Color loss:  771.9114379882812
(iteration 164):  100.0 correct
expl loss: 3.7943859165778804e-10
output loss: 7.342260480158735e-12
Color loss:  774.0153198242188
(iteration 165):  100.0 correct
expl loss: 3.783426349990293e-10
output loss: 7.536155727239091e-12
Color loss:  776.122314453125
(iteration 166):  100.0 correct
expl loss: 3.7568667621279417e-10
output loss: 7.65609797781508e-12
Color loss:  778.2158813476562
(iteration 167):  100.0 correct
expl loss: 3.7496963867234e-10
output loss: 7.8538373721182e-12
Color loss:  780.307373046875
(iteration 168):  100.0 correct
expl loss: 3.7327688162669403e-10
output loss: 7.996987620717544e-12
Color loss:  782.39306640625
(iteration 169):  100.0 correct
expl loss: 3.7425210153152477e-10
output loss: 8.351885155688521e-12
Color loss:  784.4658813476562
(iteration 170):  100.0 correct
expl loss: 3.697839534577696e-10
output loss: 8.967225399725276e-12
Color loss:  786.4961547851562
(iteration 171):  100.0 correct
expl loss: 3.670465875682538e-10
output loss: 9.511025647612747e-12
Color loss:  788.5191650390625
(iteration 172):  100.0 correct
expl loss: 3.673891468825019e-10
output loss: 9.790327402947607e-12
Color loss:  790.5428466796875
(iteration 173):  100.0 correct
expl loss: 3.6593686414398974e-10
output loss: 1.0021780280644599e-11
Color loss:  792.5421142578125
(iteration 174):  100.0 correct
expl loss: 3.664301917449819e-10
output loss: 1.0432156874462528e-11
Color loss:  794.5380249023438
(iteration 175):  100.0 correct
expl loss: 3.662292691331004e-10
output loss: 1.0902198414874942e-11
Color loss:  796.5396118164062
(iteration 176):  100.0 correct
expl loss: 3.636639600568259e-10
output loss: 1.1349146449013414e-11
Color loss:  798.5576782226562
(iteration 177):  100.0 correct
expl loss: 3.6125277769194497e-10
output loss: 1.1565999893936585e-11
Color loss:  800.5938720703125
(iteration 178):  100.0 correct
expl loss: 3.608260357168547e-10
output loss: 1.1724563160619983e-11
Color loss:  802.6408081054688
(iteration 179):  100.0 correct
expl loss: 3.604318510319615e-10
output loss: 1.1833302566988113e-11
Color loss:  804.6600952148438
(iteration 180):  100.0 correct
expl loss: 3.5737007797465026e-10
output loss: 1.2208016715586911e-11
Color loss:  806.6484375
(iteration 181):  100.0 correct
expl loss: 3.554810890094018e-10
output loss: 1.3150812903928166e-11
Color loss:  808.6445922851562
(iteration 182):  100.0 correct
expl loss: 3.523988045817106e-10
output loss: 1.476540591183184e-11
Color loss:  810.6282958984375
(iteration 183):  100.0 correct
expl loss: 3.513495883122886e-10
output loss: 1.6173350853021518e-11
Color loss:  812.5984497070312
(iteration 184):  100.0 correct
expl loss: 3.511478885442898e-10
output loss: 1.75976871963357e-11
Color loss:  814.560546875
(iteration 185):  100.0 correct
expl loss: 3.5280187105080074e-10
output loss: 1.8800393533635607e-11
Color loss:  816.538818359375
(iteration 186):  100.0 correct
expl loss: 3.5129948949830236e-10
output loss: 1.9587812274957095e-11
Color loss:  818.5344848632812
(iteration 187):  100.0 correct
expl loss: 3.498984990635279e-10
output loss: 2.045540646589128e-11
Color loss:  820.5242309570312
(iteration 188):  100.0 correct
expl loss: 3.482994725967359e-10
output loss: 2.2151735307174292e-11
Color loss:  822.5009155273438
(iteration 189):  100.0 correct
expl loss: 3.464762088345452e-10
output loss: 2.4705976847672062e-11
Color loss:  824.47705078125
(iteration 190):  100.0 correct
expl loss: 3.466130993334815e-10
output loss: 2.7329569163292433e-11
Color loss:  826.4421997070312
(iteration 191):  100.0 correct
expl loss: 3.457244213134203e-10
output loss: 2.939416765546099e-11
Color loss:  828.4063720703125
(iteration 192):  100.0 correct
expl loss: 3.4753716571245263e-10
output loss: 3.064879253167341e-11
Color loss:  830.3843994140625
(iteration 193):  100.0 correct
expl loss: 3.453502761541216e-10
output loss: 3.217290669987882e-11
Color loss:  832.3978271484375
(iteration 194):  100.0 correct
expl loss: 3.435461082279545e-10
output loss: 3.4386406916331325e-11
Color loss:  834.410888671875
(iteration 195):  100.0 correct
expl loss: 3.433829054433346e-10
output loss: 3.6022945043567844e-11
Color loss:  836.379638671875
(iteration 196):  100.0 correct
expl loss: 3.4063135645467923e-10
output loss: 3.716729701785937e-11
Color loss:  838.3143310546875
(iteration 197):  100.0 correct
expl loss: 3.4297295559149177e-10
output loss: 3.8233388677255675e-11
Color loss:  840.2437133789062
(iteration 198):  100.0 correct
expl loss: 3.4195585252305705e-10
output loss: 3.997631739527385e-11
Color loss:  842.1288452148438
(iteration 199):  100.0 correct
expl loss: 3.397911119140673e-10
output loss: 4.2646015191438735e-11
Color loss:  844.0125122070312
(iteration 200):  100.0 correct
expl loss: 3.376399715371292e-10
output loss: 4.5961907890745834e-11
Color loss:  845.9129638671875
(iteration 201):  100.0 correct
expl loss: 3.3846100921941513e-10
output loss: 5.1270179074469624e-11
Color loss:  847.8405151367188
(iteration 202):  100.0 correct
expl loss: 3.3516919795140154e-10
output loss: 5.769347152795312e-11
Color loss:  849.8197021484375
(iteration 203):  100.0 correct
expl loss: 3.3656860631836594e-10
output loss: 6.454256573640293e-11
Color loss:  851.8477172851562
(iteration 204):  100.0 correct
expl loss: 3.365418776990481e-10
output loss: 7.244857491706114e-11
Color loss:  853.8905029296875
(iteration 205):  100.0 correct
expl loss: 3.359666433944142e-10
output loss: 7.613629171565606e-11
Color loss:  855.9178466796875
(iteration 206):  100.0 correct
expl loss: 3.3685332301303106e-10
output loss: 7.520847833397681e-11
Color loss:  857.9227294921875
(iteration 207):  100.0 correct
expl loss: 3.3489291895172357e-10
output loss: 7.420865311136282e-11
Color loss:  859.9181518554688
(iteration 208):  100.0 correct
expl loss: 3.3504329866040905e-10
output loss: 7.674740010177317e-11
Color loss:  861.8602905273438
(iteration 209):  100.0 correct
expl loss: 3.3102159902043127e-10
output loss: 8.109886373564024e-11
Color loss:  863.7235107421875
(iteration 210):  100.0 correct
expl loss: 3.30260013781114e-10
output loss: 8.721051658611145e-11
Color loss:  865.5505981445312
(iteration 211):  100.0 correct
expl loss: 3.311400875727344e-10
output loss: 9.294776059931564e-11
Color loss:  867.369384765625
(iteration 212):  100.0 correct
expl loss: 3.2906966040968655e-10
output loss: 9.791453065011169e-11
Color loss:  869.1783447265625
(iteration 213):  100.0 correct
expl loss: 3.262248804425383e-10
output loss: 1.0005584555328184e-10
Color loss:  871.0057983398438
(iteration 214):  100.0 correct
expl loss: 3.247111468596131e-10
output loss: 9.99515262223305e-11
Color loss:  872.880859375
(iteration 215):  100.0 correct
expl loss: 3.2460839571868405e-10
output loss: 9.606463541311783e-11
Color loss:  874.7864990234375
(iteration 216):  100.0 correct
expl loss: 3.2315855547082606e-10
output loss: 9.053216509791184e-11
Color loss:  876.7235107421875
(iteration 217):  100.0 correct
expl loss: 3.233534273672234e-10
output loss: 8.591030664639732e-11
Color loss:  878.656982421875
(iteration 218):  100.0 correct
expl loss: 3.2297581276097276e-10
output loss: 8.270859691572596e-11
Color loss:  880.5860595703125
(iteration 219):  100.0 correct
expl loss: 3.213674604207739e-10
output loss: 8.00117611055029e-11
Color loss:  882.51171875
(iteration 220):  100.0 correct
expl loss: 3.210577081969035e-10
output loss: 7.763084619583083e-11
Color loss:  884.3805541992188
(iteration 221):  100.0 correct
expl loss: 3.213443677818617e-10
output loss: 7.745822733218333e-11
Color loss:  886.2305908203125
(iteration 222):  100.0 correct
expl loss: 3.2023539375813925e-10
output loss: 8.204449619686471e-11
Color loss:  888.0968627929688
(iteration 223):  100.0 correct
expl loss: 3.190081532267186e-10
output loss: 8.830462056019783e-11
Color loss:  889.993896484375
(iteration 224):  100.0 correct
expl loss: 3.1565711156034126e-10
output loss: 9.596055200455922e-11
Color loss:  891.9005126953125
(iteration 225):  100.0 correct
expl loss: 3.1442212722332386e-10
output loss: 1.021378537302553e-10
Color loss:  893.7904052734375
(iteration 226):  100.0 correct
expl loss: 3.1505667519304836e-10
output loss: 1.0188984378434185e-10
Color loss:  895.6583862304688
(iteration 227):  100.0 correct
expl loss: 3.136738646603021e-10
output loss: 9.757870900184429e-11
Color loss:  897.4942626953125
(iteration 228):  100.0 correct
expl loss: 3.1345229190016255e-10
output loss: 9.920080729086678e-11
Color loss:  899.3065795898438
(iteration 229):  100.0 correct
expl loss: 3.1170480085940255e-10
output loss: 1.0350574564110815e-10
Color loss:  901.0806884765625
(iteration 230):  100.0 correct
expl loss: 3.1074029460675945e-10
output loss: 1.0523801968753688e-10
Color loss:  902.8163452148438
(iteration 231):  100.0 correct
expl loss: 3.1445890336101456e-10
output loss: 1.074938263401215e-10
Color loss:  904.5114135742188
(iteration 232):  100.0 correct
expl loss: 3.129291825665348e-10
output loss: 1.1546493622338616e-10
Color loss:  906.2110595703125
(iteration 233):  100.0 correct
expl loss: 3.126391645569271e-10
output loss: 1.218295048177609e-10
Color loss:  907.9447021484375
(iteration 234):  100.0 correct
expl loss: 3.123550862405011e-10
output loss: 1.2721507181012726e-10
Color loss:  909.701171875
(iteration 235):  100.0 correct
expl loss: 3.1224364760440437e-10
output loss: 1.2972779794839795e-10
Color loss:  911.4682006835938
(iteration 236):  100.0 correct
expl loss: 3.0861752042810053e-10
output loss: 1.2885206790436143e-10
Color loss:  913.2626342773438
(iteration 237):  100.0 correct
expl loss: 3.0610927681529176e-10
output loss: 1.3188440617373232e-10
Color loss:  915.1089477539062
(iteration 238):  100.0 correct
expl loss: 3.051646990659407e-10
output loss: 1.3759436645610634e-10
Color loss:  916.9728393554688
(iteration 239):  100.0 correct
expl loss: 3.049626107198833e-10
output loss: 1.446698594254059e-10
Color loss:  918.8328247070312
(iteration 240):  100.0 correct
expl loss: 3.0380817306330243e-10
output loss: 1.542910521568075e-10
Color loss:  920.68994140625
(iteration 241):  100.0 correct
expl loss: 3.043162388749465e-10
output loss: 1.595486659455858e-10
Color loss:  922.5463256835938
(iteration 242):  100.0 correct
expl loss: 3.0400085226922613e-10
output loss: 1.6944316783007451e-10
Color loss:  924.4073486328125
(iteration 243):  100.0 correct
expl loss: 3.0280655760606123e-10
output loss: 1.761003287636953e-10
Color loss:  926.2539672851562
(iteration 244):  100.0 correct
expl loss: 3.0323812905130865e-10
output loss: 1.7780088512608927e-10
Color loss:  928.04638671875
(iteration 245):  100.0 correct
expl loss: 3.0283503482664287e-10
output loss: 1.82418830041442e-10
Color loss:  929.8145751953125
(iteration 246):  100.0 correct
expl loss: 3.0486327351475495e-10
output loss: 1.8979590121759315e-10
Color loss:  931.5857543945312
(iteration 247):  100.0 correct
expl loss: 3.0125180128237616e-10
output loss: 1.9202889278702173e-10
Color loss:  933.3902587890625
(iteration 248):  100.0 correct
expl loss: 3.0027610953275996e-10
output loss: 1.8085334618778148e-10
Color loss:  935.1906127929688
(iteration 249):  100.0 correct
expl loss: 2.9897970210690517e-10
output loss: 1.6566707727871943e-10
Color loss:  937.0074462890625
(iteration 250):  100.0 correct
expl loss: 2.9619678931780413e-10
output loss: 1.6569443039848863e-10
Color loss:  938.8414916992188
(iteration 251):  100.0 correct
expl loss: 2.952114941390249e-10
output loss: 1.685114964233847e-10
Color loss:  940.2295532226562
(iteration 252):  100.0 correct
expl loss: 2.942971977226705e-10
output loss: 1.7101735305669052e-10
Color loss:  941.6095581054688
(iteration 253):  100.0 correct
expl loss: 2.9364000120324363e-10
output loss: 1.7353331271952044e-10
Color loss:  942.98193359375
(iteration 254):  100.0 correct
expl loss: 2.9262139933372566e-10
output loss: 1.7676990426984673e-10
Color loss:  944.3572998046875
(iteration 255):  100.0 correct
expl loss: 2.9214311525471715e-10
output loss: 1.8203212548417724e-10
Color loss:  945.7427978515625
(iteration 256):  100.0 correct
expl loss: 2.920471642298139e-10
output loss: 1.86233486965115e-10
Color loss:  947.1383666992188
(iteration 257):  100.0 correct
expl loss: 2.9338570461945324e-10
output loss: 1.9004343931872114e-10
Color loss:  948.5432739257812
(iteration 258):  100.0 correct
expl loss: 2.914537777787274e-10
output loss: 1.9366359904626762e-10
Color loss:  949.9492797851562
(iteration 259):  100.0 correct
expl loss: 2.9292437919714587e-10
output loss: 1.9429342856813747e-10
Color loss:  951.3535766601562
(iteration 260):  100.0 correct
expl loss: 2.9312308136297816e-10
output loss: 1.9210581736484045e-10
Color loss:  952.8358764648438
(iteration 261):  100.0 correct
expl loss: 2.909245899740398e-10
output loss: 1.8960021053171516e-10
Color loss:  954.2501220703125
(iteration 262):  100.0 correct
expl loss: 2.909934515571422e-10
output loss: 1.8934032119943822e-10
Color loss:  955.6697387695312
(iteration 263):  100.0 correct
expl loss: 2.8867402912524653e-10
output loss: 1.9183657440358104e-10
Color loss:  957.1007080078125
(iteration 264):  100.0 correct
expl loss: 2.876831550757686e-10
output loss: 1.9433508968713653e-10
Color loss:  958.5385131835938
(iteration 265):  100.0 correct
expl loss: 2.895848283390734e-10
output loss: 1.944819166821432e-10
Color loss:  959.9605102539062
(iteration 266):  100.0 correct
expl loss: 2.8669228102629063e-10
output loss: 1.9446436128056632e-10
Color loss:  961.3613891601562
(iteration 267):  100.0 correct
expl loss: 2.8798555207210086e-10
output loss: 1.9604835810316246e-10
Color loss:  962.7518310546875
(iteration 268):  100.0 correct
expl loss: 2.879919913656437e-10
output loss: 1.9946320983788013e-10
Color loss:  964.133544921875
(iteration 269):  100.0 correct
expl loss: 2.8835828169704314e-10
output loss: 2.043891861314151e-10
Color loss:  965.5113525390625
(iteration 270):  100.0 correct
expl loss: 2.8707006216599495e-10
output loss: 2.1032441066548557e-10
Color loss:  966.8900146484375
(iteration 271):  100.0 correct
expl loss: 2.8714802757789926e-10
output loss: 2.1306213737748436e-10
Color loss:  968.2631225585938
(iteration 272):  100.0 correct
expl loss: 2.859882608508002e-10
output loss: 2.1285226359246678e-10
Color loss:  969.6378784179688
(iteration 273):  100.0 correct
expl loss: 2.857343250894928e-10
output loss: 2.0995566396564413e-10
Color loss:  971.0060424804688
(iteration 274):  100.0 correct
expl loss: 2.8741511948204845e-10
output loss: 2.0414052392947468e-10
Color loss:  972.3681030273438
(iteration 275):  100.0 correct
expl loss: 2.888249084342931e-10
output loss: 1.9819361429807003e-10
Color loss:  973.7376708984375
(iteration 276):  100.0 correct
expl loss: 2.874658011631226e-10
output loss: 1.9681151153250198e-10
Color loss:  975.117431640625
(iteration 277):  100.0 correct
expl loss: 2.8554575370876023e-10
output loss: 1.9398792294733624e-10
Color loss:  976.50244140625
(iteration 278):  100.0 correct
expl loss: 2.8607766155985814e-10
output loss: 1.90506679875746e-10
Color loss:  977.8765258789062
(iteration 279):  100.0 correct
expl loss: 2.846390623201245e-10
output loss: 1.8726789563494606e-10
Color loss:  979.2493896484375
(iteration 280):  100.0 correct
expl loss: 2.847810320893984e-10
output loss: 1.8582597960392633e-10
Color loss:  980.6133422851562
(iteration 281):  100.0 correct
expl loss: 2.8314067757051475e-10
output loss: 1.890822498573641e-10
Color loss:  981.9771728515625
(iteration 282):  100.0 correct
expl loss: 2.8380414685003075e-10
output loss: 1.9367198123010354e-10
Color loss:  983.3367919921875
(iteration 283):  100.0 correct
expl loss: 2.832100109984026e-10
output loss: 1.999655441231596e-10
Color loss:  984.706298828125
(iteration 284):  100.0 correct
expl loss: 2.848764002472137e-10
output loss: 2.0646218068520739e-10
Color loss:  986.089111328125
(iteration 285):  100.0 correct
expl loss: 2.829267653492451e-10
output loss: 2.1315148257539107e-10
Color loss:  987.4873657226562
(iteration 286):  100.0 correct
expl loss: 2.824278866331298e-10
output loss: 2.193942388872827e-10
Color loss:  988.8970336914062
(iteration 287):  100.0 correct
expl loss: 2.82476542157184e-10
output loss: 2.2202935323623052e-10
Color loss:  990.3118286132812
(iteration 288):  100.0 correct
expl loss: 2.837534651689566e-10
output loss: 2.21585153004078e-10
Color loss:  991.6898193359375
(iteration 289):  100.0 correct
expl loss: 2.8507873839345166e-10
output loss: 2.201695770143175e-10
Color loss:  993.0699462890625
(iteration 290):  100.0 correct
expl loss: 2.8233140825228986e-10
output loss: 2.187474368309239e-10
Color loss:  994.4634399414062
(iteration 291):  100.0 correct
expl loss: 2.8313268396473745e-10
output loss: 2.157962419868653e-10
Color loss:  995.8634033203125
(iteration 292):  100.0 correct
expl loss: 2.8248872685487925e-10
output loss: 2.1161382368628523e-10
Color loss:  997.265380859375
(iteration 293):  100.0 correct
expl loss: 2.8074212399253895e-10
output loss: 2.0686771740052734e-10
Color loss:  998.6605224609375
(iteration 294):  100.0 correct
expl loss: 2.8166594057132954e-10
output loss: 2.030785539730573e-10
Color loss:  1000.048583984375
(iteration 295):  100.0 correct
expl loss: 2.815580824044872e-10
output loss: 1.9874615841963816e-10
Color loss:  1001.4342041015625
(iteration 296):  100.0 correct
expl loss: 2.8089700010447416e-10
output loss: 1.9437972065272646e-10
Color loss:  1002.820068359375
(iteration 297):  100.0 correct
expl loss: 2.8016569619815357e-10
output loss: 1.91247989667076e-10
Color loss:  1004.2119750976562
(iteration 298):  100.0 correct
expl loss: 2.7938548696759824e-10
output loss: 1.9048795873999325e-10
Color loss:  1005.6062622070312
(iteration 299):  100.0 correct
expl loss: 2.795401132793529e-10
output loss: 1.9388907146478118e-10
Color loss:  1007.0037231445312
(iteration 300):  100.0 correct
expl loss: 2.8025909371010016e-10
output loss: 1.9780757587462006e-10
Color loss:  1008.408203125
(iteration 301):  100.0 correct
expl loss: 2.792367725934497e-10
output loss: 2.0147380985768848e-10
Color loss:  1009.8174438476562
(iteration 302):  100.0 correct
expl loss: 2.808446530888631e-10
output loss: 2.0671220291035297e-10
Color loss:  1011.23681640625
(iteration 303):  100.0 correct
expl loss: 2.81589723760689e-10
output loss: 2.131882725908696e-10
Color loss:  1012.6642456054688
(iteration 304):  100.0 correct
expl loss: 2.7923843792798664e-10
output loss: 2.1998235177900227e-10
Color loss:  1014.0987548828125
(iteration 305):  100.0 correct
expl loss: 2.793291153935229e-10
output loss: 2.2633027396690153e-10
Color loss:  1015.537109375
(iteration 306):  100.0 correct
expl loss: 2.8028887544273573e-10
output loss: 2.3223845069253457e-10
Color loss:  1016.9667358398438
(iteration 307):  100.0 correct
expl loss: 2.8012286934497865e-10
output loss: 2.424418443780496e-10
Color loss:  1018.38916015625
(iteration 308):  100.0 correct
expl loss: 2.8141913799295537e-10
output loss: 2.522281550287886e-10
Color loss:  1019.8040161132812
(iteration 309):  100.0 correct
expl loss: 2.7969607185873713e-10
output loss: 2.6114330142767983e-10
Color loss:  1021.2247314453125
(iteration 310):  100.0 correct
expl loss: 2.7905569521813334e-10
output loss: 2.6653976248347533e-10
Color loss:  1022.6616821289062
(iteration 311):  100.0 correct
expl loss: 2.781143648711293e-10
output loss: 2.6658972251958346e-10
Color loss:  1024.107421875
(iteration 312):  100.0 correct
expl loss: 2.7717927952863874e-10
output loss: 2.6127050523072626e-10
Color loss:  1025.5567626953125
(iteration 313):  100.0 correct
expl loss: 2.772413132401397e-10
output loss: 2.532513088127075e-10
Color loss:  1027.0089111328125
(iteration 314):  100.0 correct
expl loss: 2.7627089504989044e-10
output loss: 2.4776131146708735e-10
Color loss:  1028.4666748046875
(iteration 315):  100.0 correct
expl loss: 2.7686428150097697e-10
output loss: 2.4837062961857725e-10
Color loss:  1029.931396484375
(iteration 316):  100.0 correct
expl loss: 2.758611394870769e-10
output loss: 2.534575882506829e-10
Color loss:  1031.3956298828125
(iteration 317):  100.0 correct
expl loss: 2.7622601428411997e-10
output loss: 2.645823005131831e-10
Color loss:  1032.85498046875
(iteration 318):  100.0 correct
expl loss: 2.7611110620107127e-10
output loss: 2.763438089470327e-10
Color loss:  1034.3148193359375
(iteration 319):  100.0 correct
expl loss: 2.7737090402268905e-10
output loss: 2.866794579503562e-10
Color loss:  1035.771728515625
(iteration 320):  100.0 correct
expl loss: 2.755318195823975e-10
output loss: 2.9055260974963915e-10
Color loss:  1037.2239990234375
(iteration 321):  100.0 correct
expl loss: 2.751451011473449e-10
output loss: 2.919370023501955e-10
Color loss:  1038.676513671875
(iteration 322):  100.0 correct
expl loss: 2.7648242029165715e-10
output loss: 2.9256719269454834e-10
Color loss:  1040.1331787109375
(iteration 323):  100.0 correct
expl loss: 2.753698935542559e-10
output loss: 2.9203731100047037e-10
Color loss:  1041.596923828125
(iteration 324):  100.0 correct
expl loss: 2.779310948053393e-10
output loss: 2.9359778497273226e-10
Color loss:  1043.059326171875
(iteration 325):  100.0 correct
expl loss: 2.767217288646151e-10
output loss: 2.9570401682832426e-10
Color loss:  1044.525146484375
(iteration 326):  100.0 correct
expl loss: 2.764242723607424e-10
output loss: 2.9701072157273245e-10
Color loss:  1045.9954833984375
(iteration 327):  100.0 correct
expl loss: 2.7490629217474805e-10
output loss: 2.998989667712948e-10
Color loss:  1047.47216796875
(iteration 328):  100.0 correct
expl loss: 2.749536709423239e-10
output loss: 3.068692244756477e-10
Color loss:  1048.9547119140625
(iteration 329):  100.0 correct
expl loss: 2.729876602547421e-10
output loss: 3.1006264222810387e-10
Color loss:  1050.4373779296875
(iteration 330):  100.0 correct
expl loss: 2.732702397700848e-10
output loss: 3.153462491134462e-10
Color loss:  1051.9158935546875
(iteration 331):  100.0 correct
expl loss: 2.7264293600559597e-10
output loss: 3.268143811130386e-10
Color loss:  1053.3863525390625
(iteration 332):  100.0 correct
expl loss: 2.7284216552736495e-10
output loss: 3.42816386389444e-10
Color loss:  1054.849853515625
(iteration 333):  100.0 correct
expl loss: 2.707340740482067e-10
output loss: 3.61333796217167e-10
Color loss:  1056.3115234375
(iteration 334):  100.0 correct
expl loss: 2.713687330402337e-10
output loss: 3.7928549190269223e-10
Color loss:  1057.76708984375
(iteration 335):  100.0 correct
expl loss: 2.7197710750215265e-10
output loss: 3.8597197660195093e-10
Color loss:  1059.2137451171875
(iteration 336):  100.0 correct
expl loss: 2.7212879172289206e-10
output loss: 3.8535918900350907e-10
Color loss:  1060.6650390625
(iteration 337):  100.0 correct
expl loss: 2.716060709673229e-10
output loss: 3.8797204338081315e-10
Color loss:  1062.121826171875
(iteration 338):  100.0 correct
expl loss: 2.7112978528975873e-10
output loss: 3.9363504122924553e-10
Color loss:  1063.5838623046875
(iteration 339):  100.0 correct
expl loss: 2.715314362244925e-10
output loss: 4.032645051221806e-10
Color loss:  1065.0477294921875
(iteration 340):  100.0 correct
expl loss: 2.708594459832625e-10
output loss: 4.186654078974783e-10
Color loss:  1066.5286865234375
(iteration 341):  100.0 correct
expl loss: 2.7120850010220465e-10
output loss: 4.376684015205967e-10
Color loss:  1068.0198974609375
(iteration 342):  100.0 correct
expl loss: 2.7300747773573164e-10
output loss: 4.5214196275900065e-10
Color loss:  1069.51806640625
(iteration 343):  100.0 correct
expl loss: 2.728561265818996e-10
output loss: 4.608131376482305e-10
Color loss:  1071.01611328125
(iteration 344):  100.0 correct
expl loss: 2.7297322735542195e-10
output loss: 4.6117959451308366e-10
Color loss:  1072.513671875
(iteration 345):  100.0 correct
expl loss: 2.7461491414193517e-10
output loss: 4.6277912058023674e-10
Color loss:  1074.02294921875
(iteration 346):  100.0 correct
expl loss: 2.7410965164342826e-10
output loss: 4.6498446759635215e-10
Color loss:  1075.514892578125
(iteration 347):  100.0 correct
expl loss: 2.7177676775735904e-10
output loss: 4.638971429216099e-10
Color loss:  1077.014404296875
(iteration 348):  100.0 correct
expl loss: 2.712416402594897e-10
output loss: 4.623323945907032e-10
Color loss:  1078.5185546875
(iteration 349):  100.0 correct
expl loss: 2.706294355281358e-10
output loss: 4.6439596612657397e-10
Color loss:  1080.0294189453125
(iteration 350):  100.0 correct
expl loss: 2.704055312996445e-10
output loss: 4.686195875791554e-10
Color loss:  1081.5487060546875
(iteration 351):  100.0 correct
expl loss: 2.709428792435631e-10
output loss: 4.803376585371666e-10
Color loss:  1083.07177734375
(iteration 352):  100.0 correct
expl loss: 2.69306021927207e-10
output loss: 4.944832876496719e-10
Color loss:  1084.5921630859375
(iteration 353):  100.0 correct
expl loss: 2.682403466014449e-10
output loss: 5.10025188749097e-10
Color loss:  1086.1060791015625
(iteration 354):  100.0 correct
expl loss: 2.679455546328313e-10
output loss: 5.182514972723595e-10
Color loss:  1087.620361328125
(iteration 355):  100.0 correct
expl loss: 2.6886592952024557e-10
output loss: 5.154253135408737e-10
Color loss:  1089.1322021484375
(iteration 356):  100.0 correct
expl loss: 2.679352573142779e-10
output loss: 5.124076163376401e-10
Color loss:  1090.6407470703125
(iteration 357):  100.0 correct
expl loss: 2.670827725648195e-10
output loss: 5.113729995009919e-10
Color loss:  1092.1455078125
(iteration 358):  100.0 correct
expl loss: 2.695603740221486e-10
output loss: 5.1774656784076e-10
Color loss:  1093.653076171875
(iteration 359):  100.0 correct
expl loss: 2.680453081715939e-10
output loss: 5.250702095338511e-10
Color loss:  1095.1651611328125
(iteration 360):  100.0 correct
expl loss: 2.6734661706662166e-10
output loss: 5.38999955779218e-10
Color loss:  1096.6834716796875
(iteration 361):  100.0 correct
expl loss: 2.696924628065034e-10
output loss: 5.554623427883598e-10
Color loss:  1098.2054443359375
(iteration 362):  100.0 correct
expl loss: 2.6986823886687716e-10
output loss: 5.715835582620343e-10
Color loss:  1099.73974609375
(iteration 363):  100.0 correct
expl loss: 2.6977162170815916e-10
output loss: 5.859915885864098e-10
Color loss:  1101.2705078125
(iteration 364):  100.0 correct
expl loss: 2.6964092070258516e-10
output loss: 5.885673615146914e-10
Color loss:  1102.7833251953125
(iteration 365):  100.0 correct
expl loss: 2.68531419322926e-10
output loss: 5.749763443141376e-10
Color loss:  1104.2864990234375
(iteration 366):  100.0 correct
expl loss: 2.680988209213808e-10
output loss: 5.551858417440769e-10
Color loss:  1105.7919921875
(iteration 367):  100.0 correct
expl loss: 2.693724965308064e-10
output loss: 5.358701815616485e-10
Color loss:  1107.30126953125
(iteration 368):  100.0 correct
expl loss: 2.690883627032292e-10
output loss: 5.283630200025868e-10
Color loss:  1108.8199462890625
(iteration 369):  100.0 correct
expl loss: 2.680437261037838e-10
output loss: 5.239939038226282e-10
Color loss:  1110.32861328125
(iteration 370):  100.0 correct
expl loss: 2.671230736606134e-10
output loss: 5.262604796385517e-10
Color loss:  1111.8314208984375
(iteration 371):  100.0 correct
expl loss: 2.678325616845001e-10
output loss: 5.290087257137088e-10
Color loss:  1113.32568359375
(iteration 372):  100.0 correct
expl loss: 2.659727993403749e-10
output loss: 5.396437741111981e-10
Color loss:  1114.81640625
(iteration 373):  100.0 correct
expl loss: 2.6802690622496073e-10
output loss: 5.546710313275582e-10
Color loss:  1116.2998046875
(iteration 374):  100.0 correct
expl loss: 2.679480248790611e-10
output loss: 5.72709268897853e-10
Color loss:  1117.7904052734375
(iteration 375):  100.0 correct
expl loss: 2.655785591443305e-10
output loss: 5.971153016481878e-10
Color loss:  1119.2850341796875
(iteration 376):  100.0 correct
expl loss: 2.651902308858922e-10
output loss: 6.275848174475129e-10
Color loss:  1120.7845458984375
(iteration 377):  100.0 correct
expl loss: 2.66090205425229e-10
output loss: 6.673810393209578e-10
Color loss:  1122.2835693359375
(iteration 378):  100.0 correct
expl loss: 2.658037401293001e-10
output loss: 7.038885585508581e-10
Color loss:  1123.782958984375
(iteration 379):  100.0 correct
expl loss: 2.6479954340352663e-10
output loss: 7.335438922950743e-10
Color loss:  1125.2745361328125
(iteration 380):  100.0 correct
expl loss: 2.6524246687920083e-10
output loss: 7.51465445425481e-10
Color loss:  1126.7720947265625
(iteration 381):  100.0 correct
expl loss: 2.6510560413584017e-10
output loss: 7.620383768447425e-10
Color loss:  1128.2779541015625
(iteration 382):  100.0 correct
expl loss: 2.646343422174624e-10
output loss: 7.682375846584932e-10
Color loss:  1129.789306640625
(iteration 383):  100.0 correct
expl loss: 2.634428786230103e-10
output loss: 7.687332437278371e-10
Color loss:  1131.3128662109375
(iteration 384):  100.0 correct
expl loss: 2.6505586614433696e-10
output loss: 7.756552067306188e-10
Color loss:  1132.8411865234375
(iteration 385):  100.0 correct
expl loss: 2.638204099625341e-10
output loss: 7.858884099043451e-10
Color loss:  1134.3568115234375
(iteration 386):  100.0 correct
expl loss: 2.6243440753859204e-10
output loss: 8.090363934343259e-10
Color loss:  1135.8719482421875
(iteration 387):  100.0 correct
expl loss: 2.633560591824846e-10
output loss: 8.440902421469332e-10
Color loss:  1137.3927001953125
(iteration 388):  100.0 correct
expl loss: 2.630358153510315e-10
output loss: 8.811115170814787e-10
Color loss:  1138.9102783203125
(iteration 389):  100.0 correct
expl loss: 2.647481955886377e-10
output loss: 9.20461595832478e-10
Color loss:  1140.417724609375
(iteration 390):  100.0 correct
expl loss: 2.6233176741996544e-10
output loss: 9.58845669529751e-10
Color loss:  1141.93212890625
(iteration 391):  100.0 correct
expl loss: 2.6316968049222567e-10
output loss: 9.684585355884678e-10
Color loss:  1143.449951171875
(iteration 392):  100.0 correct
expl loss: 2.633796514217579e-10
output loss: 9.59461399219208e-10
Color loss:  1144.9715576171875
(iteration 393):  100.0 correct
expl loss: 2.620411665432698e-10
output loss: 9.546876622579248e-10
Color loss:  1146.4940185546875
(iteration 394):  100.0 correct
expl loss: 2.6256796736845445e-10
output loss: 9.536311740276915e-10
Color loss:  1148.0191650390625
(iteration 395):  100.0 correct
expl loss: 2.6165072886108476e-10
output loss: 9.545201296035088e-10
Color loss:  1149.538330078125
(iteration 396):  100.0 correct
expl loss: 2.6151306120603124e-10
output loss: 9.54341827785754e-10
Color loss:  1151.0491943359375
(iteration 397):  100.0 correct
expl loss: 2.616726835213967e-10
output loss: 9.664437028433781e-10
Color loss:  1152.5545654296875
(iteration 398):  100.0 correct
expl loss: 2.6160615340664606e-10
output loss: 9.950618107268383e-10
Color loss:  1154.0343017578125
(iteration 399):  100.0 correct
expl loss: 2.609703009248676e-10
output loss: 1.0207500400483127e-09
Color loss:  1155.527587890625
(iteration 400):  100.0 correct
expl loss: 2.613602945178428e-10
output loss: 1.0654613857852269e-09
Color loss:  1157.019287109375
(iteration 401):  100.0 correct
expl loss: 2.6066698799454e-10
output loss: 1.1212233363977475e-09
Color loss:  1158.5162353515625
(iteration 402):  100.0 correct
expl loss: 2.6259869279066095e-10
output loss: 1.1762373297585782e-09
Color loss:  1160.0184326171875
(iteration 403):  100.0 correct
expl loss: 2.6111171558262924e-10
output loss: 1.2246076375177495e-09
Color loss:  1161.5133056640625
(iteration 404):  100.0 correct
expl loss: 2.602430215770113e-10
output loss: 1.2728317289045776e-09
Color loss:  1163.000244140625
(iteration 405):  100.0 correct
expl loss: 2.5973428963155243e-10
output loss: 1.3147785082878727e-09
Color loss:  1164.4881591796875
(iteration 406):  100.0 correct
expl loss: 2.5796886848894474e-10
output loss: 1.3403957943580735e-09
Color loss:  1165.98291015625
(iteration 407):  100.0 correct
expl loss: 2.587738356929492e-10
output loss: 1.3529625197961082e-09
Color loss:  1167.478759765625
(iteration 408):  100.0 correct
expl loss: 2.585960889867067e-10
output loss: 1.3621789252127314e-09
Color loss:  1168.9825439453125
(iteration 409):  100.0 correct
expl loss: 2.583607772166374e-10
output loss: 1.3688348232676617e-09
Color loss:  1170.4920654296875
(iteration 410):  100.0 correct
expl loss: 2.581323210737452e-10
output loss: 1.3636650697534947e-09
Color loss:  1172.0054931640625
(iteration 411):  100.0 correct
expl loss: 2.5604110498456123e-10
output loss: 1.3723311376168112e-09
Color loss:  1173.51904296875
(iteration 412):  100.0 correct
expl loss: 2.55020282668994e-10
output loss: 1.4010965720956392e-09
Color loss:  1175.040771484375
(iteration 413):  100.0 correct
expl loss: 2.5558971605832426e-10
output loss: 1.4380751034437367e-09
Color loss:  1176.562744140625
(iteration 414):  100.0 correct
expl loss: 2.5687971194621184e-10
output loss: 1.4628583899778391e-09
Color loss:  1178.0782470703125
(iteration 415):  100.0 correct
expl loss: 2.576201751924856e-10
output loss: 1.4652953295168913e-09
Color loss:  1179.5899658203125
(iteration 416):  100.0 correct
expl loss: 2.5611787690671406e-10
output loss: 1.457752474287588e-09
Color loss:  1181.097412109375
(iteration 417):  100.0 correct
expl loss: 2.573682100770469e-10
output loss: 1.455630505020622e-09
Color loss:  1182.6148681640625
(iteration 418):  100.0 correct
expl loss: 2.579162161620019e-10
output loss: 1.4558176886225738e-09
Color loss:  1184.138671875
(iteration 419):  100.0 correct
expl loss: 2.5606969322744533e-10
output loss: 1.4622824062726636e-09
Color loss:  1185.6658935546875
(iteration 420):  100.0 correct
expl loss: 2.5665866654200897e-10
output loss: 1.460992771207259e-09
Color loss:  1187.1981201171875
(iteration 421):  100.0 correct
expl loss: 2.572389246058293e-10
output loss: 1.44535150514713e-09
Color loss:  1188.7264404296875
(iteration 422):  100.0 correct
expl loss: 2.575793744963306e-10
output loss: 1.4361041245081196e-09
Color loss:  1190.227294921875
(iteration 423):  100.0 correct
expl loss: 2.5830965144635343e-10
output loss: 1.442540642493384e-09
Color loss:  1191.7176513671875
(iteration 424):  100.0 correct
expl loss: 2.585119063258645e-10
output loss: 1.4750777266314685e-09
Color loss:  1193.2061767578125
(iteration 425):  100.0 correct
expl loss: 2.60435339960452e-10
output loss: 1.5402819020238212e-09
Color loss:  1194.6884765625
(iteration 426):  100.0 correct
expl loss: 2.6002272557335004e-10
output loss: 1.6094627852680787e-09
Color loss:  1196.1729736328125
(iteration 427):  100.0 correct
expl loss: 2.600695492294136e-10
output loss: 1.6460083296365724e-09
Color loss:  1197.666748046875
(iteration 428):  100.0 correct
expl loss: 2.5912749723744355e-10
output loss: 1.668425841927501e-09
Color loss:  1199.166015625
(iteration 429):  100.0 correct
expl loss: 2.5855317886680496e-10
output loss: 1.6682740744400348e-09
Color loss:  1200.669921875
(iteration 430):  100.0 correct
expl loss: 2.5900087630148505e-10
output loss: 1.6644505773655283e-09
Color loss:  1202.1749267578125
(iteration 431):  100.0 correct
expl loss: 2.586301173224115e-10
output loss: 1.6785431933286077e-09
Color loss:  1203.681640625
(iteration 432):  100.0 correct
expl loss: 2.575328283960232e-10
output loss: 1.7210630698372142e-09
Color loss:  1205.1915283203125
(iteration 433):  100.0 correct
expl loss: 2.5724697372275784e-10
output loss: 1.8027247472574004e-09
Color loss:  1206.7039794921875
(iteration 434):  100.0 correct
expl loss: 2.589990166779188e-10
output loss: 1.8676786783800026e-09
Color loss:  1208.2242431640625
(iteration 435):  100.0 correct
expl loss: 2.5871621511797116e-10
output loss: 1.8877570617803485e-09
Color loss:  1209.75048828125
(iteration 436):  100.0 correct
expl loss: 2.5826119021132854e-10
output loss: 1.8708237181641607e-09
Color loss:  1211.2764892578125
(iteration 437):  100.0 correct
expl loss: 2.578124935759263e-10
output loss: 1.8317444228088675e-09
Color loss:  1212.7840576171875
(iteration 438):  100.0 correct
expl loss: 2.590151426673515e-10
output loss: 1.789675851959771e-09
Color loss:  1214.2598876953125
(iteration 439):  100.0 correct
expl loss: 2.592215608832049e-10
output loss: 1.7439850674705326e-09
Color loss:  1215.725830078125
(iteration 440):  100.0 correct
expl loss: 2.5761864863582673e-10
output loss: 1.7532978402456934e-09
Color loss:  1217.1854248046875
(iteration 441):  100.0 correct
expl loss: 2.590087866405355e-10
output loss: 1.77734327255763e-09
Color loss:  1218.640869140625
(iteration 442):  100.0 correct
expl loss: 2.5888793886430506e-10
output loss: 1.8050142491787824e-09
Color loss:  1220.0833740234375
(iteration 443):  100.0 correct
expl loss: 2.576763524775316e-10
output loss: 1.8293799808333233e-09
Color loss:  1221.526611328125
(iteration 444):  100.0 correct
expl loss: 2.5626367694542296e-10
output loss: 1.872199728580881e-09
Color loss:  1222.97509765625
(iteration 445):  100.0 correct
expl loss: 2.5649082857626126e-10
output loss: 1.9079917645825617e-09
Color loss:  1224.42626953125
(iteration 446):  100.0 correct
expl loss: 2.5707030948396437e-10
output loss: 1.9582162558151595e-09
Color loss:  1225.8822021484375
(iteration 447):  100.0 correct
expl loss: 2.5691859750764934e-10
output loss: 2.012096489423243e-09
Color loss:  1227.33349609375
(iteration 448):  100.0 correct
expl loss: 2.574869761851062e-10
output loss: 2.0527732846886693e-09
Color loss:  1228.7867431640625
(iteration 449):  100.0 correct
expl loss: 2.5693533411974556e-10
output loss: 2.07449613043309e-09
Color loss:  1230.242919921875
(iteration 450):  100.0 correct
expl loss: 2.570939572343889e-10
output loss: 2.1035353459097905e-09
Color loss:  1231.70361328125
(iteration 451):  100.0 correct
expl loss: 2.554413347510831e-10
output loss: 2.1288806273389582e-09
Color loss:  1233.1671142578125
(iteration 452):  100.0 correct
expl loss: 2.5678167925313744e-10
output loss: 2.1427828400533144e-09
Color loss:  1234.6302490234375
(iteration 453):  100.0 correct
expl loss: 2.5673874137766006e-10
output loss: 2.13084461186952e-09
Color loss:  1236.101806640625
(iteration 454):  100.0 correct
expl loss: 2.554384481712191e-10
output loss: 2.1141590700324286e-09
Color loss:  1237.561767578125
(iteration 455):  100.0 correct
expl loss: 2.5579535711806045e-10
output loss: 2.1034520791829436e-09
Color loss:  1239.0150146484375
(iteration 456):  100.0 correct
expl loss: 2.540695986930075e-10
output loss: 2.06195260865627e-09
Color loss:  1240.4674072265625
(iteration 457):  100.0 correct
expl loss: 2.5344953913375434e-10
output loss: 2.0287964641596545e-09
Color loss:  1241.908447265625
(iteration 458):  100.0 correct
expl loss: 2.543303068147651e-10
output loss: 2.0194912409010612e-09
Color loss:  1243.3416748046875
(iteration 459):  100.0 correct
expl loss: 2.553510736191811e-10
output loss: 2.0189729887931662e-09
Color loss:  1244.7762451171875
(iteration 460):  100.0 correct
expl loss: 2.5543803183758484e-10
output loss: 2.0329427030674196e-09
Color loss:  1246.2049560546875
(iteration 461):  100.0 correct
expl loss: 2.5577989726244255e-10
output loss: 2.0776138587308424e-09
Color loss:  1247.6319580078125
(iteration 462):  100.0 correct
expl loss: 2.5637131306766037e-10
output loss: 2.1051353993328803e-09
Color loss:  1249.0555419921875
(iteration 463):  100.0 correct
expl loss: 2.5705698680766886e-10
output loss: 2.128324405603621e-09
Color loss:  1250.47705078125
(iteration 464):  100.0 correct
expl loss: 2.5720703344944695e-10
output loss: 2.111089081324735e-09
Color loss:  1251.89111328125
(iteration 465):  100.0 correct
expl loss: 2.5575233597585623e-10
output loss: 2.0440507064733993e-09
Color loss:  1253.3043212890625
(iteration 466):  100.0 correct
expl loss: 2.536991172696901e-10
output loss: 1.987098707800783e-09
Color loss:  1254.71435546875
(iteration 467):  100.0 correct
expl loss: 2.5534657721593135e-10
output loss: 1.9577697241146552e-09
Color loss:  1256.1102294921875
(iteration 468):  100.0 correct
expl loss: 2.5457011498808413e-10
output loss: 1.943900151957223e-09
Color loss:  1257.4925537109375
(iteration 469):  100.0 correct
expl loss: 2.5568006045695313e-10
output loss: 1.9473376244860674e-09
Color loss:  1258.8603515625
(iteration 470):  100.0 correct
expl loss: 2.554651212793857e-10
output loss: 1.9703085829547717e-09
Color loss:  1260.2353515625
(iteration 471):  100.0 correct
expl loss: 2.5445598406115266e-10
output loss: 2.0186845528513686e-09
Color loss:  1261.6107177734375
(iteration 472):  100.0 correct
expl loss: 2.541257204669023e-10
output loss: 2.071990357066511e-09
Color loss:  1262.9908447265625
(iteration 473):  100.0 correct
expl loss: 2.5384130908356894e-10
output loss: 2.1183510501288083e-09
Color loss:  1264.37353515625
(iteration 474):  100.0 correct
expl loss: 2.5538188230811443e-10
output loss: 2.124634246314372e-09
Color loss:  1265.757568359375
(iteration 475):  100.0 correct
expl loss: 2.53391724269747e-10
output loss: 2.1129100691297253e-09
Color loss:  1267.15771484375
(iteration 476):  100.0 correct
expl loss: 2.5463214869958506e-10
output loss: 2.0652297649803586e-09
Color loss:  1268.5582275390625
(iteration 477):  100.0 correct
expl loss: 2.5297713923677634e-10
output loss: 1.9848758192608784e-09
Color loss:  1269.961181640625
(iteration 478):  100.0 correct
expl loss: 2.5235472045359586e-10
output loss: 1.8944885660232558e-09
Color loss:  1271.353271484375
(iteration 479):  100.0 correct
expl loss: 2.510257279819683e-10
output loss: 1.8196898432520925e-09
Color loss:  1272.7423095703125
(iteration 480):  100.0 correct
expl loss: 2.517691333192573e-10
output loss: 1.7865275925288415e-09
Color loss:  1274.1253662109375
(iteration 481):  100.0 correct
expl loss: 2.5056745567297867e-10
output loss: 1.7925555484410438e-09
Color loss:  1275.5025634765625
(iteration 482):  100.0 correct
expl loss: 2.491331307918898e-10
output loss: 1.8198873519281733e-09
Color loss:  1276.8682861328125
(iteration 483):  100.0 correct
expl loss: 2.4810800636210217e-10
output loss: 1.8753079089606217e-09
Color loss:  1278.236083984375
(iteration 484):  100.0 correct
expl loss: 2.4943294651968984e-10
output loss: 1.921840020457921e-09
Color loss:  1279.6014404296875
(iteration 485):  100.0 correct
expl loss: 2.5047522389520793e-10
output loss: 1.9786936533705557e-09
Color loss:  1280.970703125
(iteration 486):  100.0 correct
expl loss: 2.5064553210718543e-10
output loss: 2.0150414670183636e-09
Color loss:  1282.3369140625
(iteration 487):  100.0 correct
expl loss: 2.5169635819999314e-10
output loss: 2.033952117841409e-09
Color loss:  1283.6964111328125
(iteration 488):  100.0 correct
expl loss: 2.5081903221035873e-10
output loss: 2.041741220537574e-09
Color loss:  1285.0467529296875
(iteration 489):  100.0 correct
expl loss: 2.4978444312928616e-10
output loss: 2.0445973802907247e-09
Color loss:  1286.3880615234375
(iteration 490):  100.0 correct
expl loss: 2.497871909312721e-10
output loss: 2.0420476420923706e-09
Color loss:  1287.728759765625
(iteration 491):  100.0 correct
expl loss: 2.502128226833378e-10
output loss: 2.032073398439138e-09
Color loss:  1289.0621337890625
(iteration 492):  100.0 correct
expl loss: 2.505106400096935e-10
output loss: 2.006782517938177e-09
Color loss:  1290.376953125
(iteration 493):  100.0 correct
expl loss: 2.5024937677642356e-10
output loss: 1.991129483513987e-09
Color loss:  1291.688232421875
(iteration 494):  100.0 correct
expl loss: 2.510102681263504e-10
output loss: 1.9991599486957057e-09
Color loss:  1292.9940185546875
(iteration 495):  100.0 correct
expl loss: 2.5191360109033667e-10
output loss: 1.992488840585338e-09
Color loss:  1294.3011474609375
(iteration 496):  100.0 correct
expl loss: 2.506232443799661e-10
output loss: 1.96631577686901e-09
Color loss:  1295.6072998046875
(iteration 497):  100.0 correct
expl loss: 2.4982774182724654e-10
output loss: 1.923920134316859e-09
Color loss:  1296.910888671875
(iteration 498):  100.0 correct
expl loss: 2.5161467354095635e-10
output loss: 1.865408494339249e-09
Color loss:  1298.2137451171875
(iteration 499):  100.0 correct
Final MSE:  2.520677833128815e-10
attack type: [1, 1, 1]
tensor([998.7552], device='cuda:0', grad_fn=<AddBackward0>)
tensor([107.1559], device='cuda:0', grad_fn=<AddBackward0>)
tensor([6.7890], device='cuda:0', grad_fn=<PowBackward0>)
Setting up [LPIPS] perceptual loss: trunk [vgg], v[0.1], spatial [off]
Loading model from: /home/ubuntu/PerceptualSimilarity/lpips/weights/v0.1/vgg.pth
LPIPS:  0.3745371401309967
